Using pre-set license
Built from '2021.3/staging' branch; Version is '2021.3.5f1 (40eb3a945986) revision 4254522'; Using compiler version '192829333'; Build Type 'Release'
OS: 'Windows 11  (10.0.22000) 64bit CoreSingleLanguage' Language: 'es' Physical Memory: 16238 MB
BatchMode: 1, IsHumanControllingUs: 0, StartBugReporterOnCrash: 0, Is64bit: 1, IsPro: 1

COMMAND LINE ARGUMENTS:
D:\2021.3.5f1\Editor\Unity.exe
-adb2
-batchMode
-noUpm
-name
AssetImportWorker9
-projectPath
D:/Users/EQUIPO/Documents/Unity/Proyecto-Diplomado/Proyecto diplomado
-logFile
Logs/AssetImportWorker9.log
-srvPort
57746
Successfully changed project path to: D:/Users/EQUIPO/Documents/Unity/Proyecto-Diplomado/Proyecto diplomado
D:/Users/EQUIPO/Documents/Unity/Proyecto-Diplomado/Proyecto diplomado
[UnityMemory] Configuration Parameters - Can be set up in boot.config
    "memorysetup-bucket-allocator-granularity=16"
    "memorysetup-bucket-allocator-bucket-count=8"
    "memorysetup-bucket-allocator-block-size=33554432"
    "memorysetup-bucket-allocator-block-count=8"
    "memorysetup-main-allocator-block-size=16777216"
    "memorysetup-thread-allocator-block-size=16777216"
    "memorysetup-gfx-main-allocator-block-size=16777216"
    "memorysetup-gfx-thread-allocator-block-size=16777216"
    "memorysetup-cache-allocator-block-size=4194304"
    "memorysetup-typetree-allocator-block-size=2097152"
    "memorysetup-profiler-bucket-allocator-granularity=16"
    "memorysetup-profiler-bucket-allocator-bucket-count=8"
    "memorysetup-profiler-bucket-allocator-block-size=33554432"
    "memorysetup-profiler-bucket-allocator-block-count=8"
    "memorysetup-profiler-allocator-block-size=16777216"
    "memorysetup-profiler-editor-allocator-block-size=1048576"
    "memorysetup-temp-allocator-size-main=16777216"
    "memorysetup-job-temp-allocator-block-size=2097152"
    "memorysetup-job-temp-allocator-block-size-background=1048576"
    "memorysetup-job-temp-allocator-reduction-small-platforms=262144"
    "memorysetup-temp-allocator-size-background-worker=32768"
    "memorysetup-temp-allocator-size-job-worker=262144"
    "memorysetup-temp-allocator-size-preload-manager=33554432"
    "memorysetup-temp-allocator-size-nav-mesh-worker=65536"
    "memorysetup-temp-allocator-size-audio-worker=65536"
    "memorysetup-temp-allocator-size-cloud-worker=32768"
    "memorysetup-temp-allocator-size-gi-baking-worker=262144"
    "memorysetup-temp-allocator-size-gfx=262144"
Refreshing native plugins compatible for Editor in 243.88 ms, found 3 plugins.
Preloading 0 native plugins for Editor in 0.00 ms.
Initialize engine version: 2021.3.5f1 (40eb3a945986)
[Subsystems] Discovering subsystems at path D:/2021.3.5f1/Editor/Data/Resources/UnitySubsystems
[Subsystems] Discovering subsystems at path D:/Users/EQUIPO/Documents/Unity/Proyecto-Diplomado/Proyecto diplomado/Assets
GfxDevice: creating device client; threaded=0; jobified=0
Direct3D:
    Version:  Direct3D 11.0 [level 11.1]
    Renderer: NVIDIA GeForce GTX 1050 (ID=0x1c8d)
    Vendor:   NVIDIA
    VRAM:     4021 MB
    Driver:   31.0.15.1659
Initialize mono
Mono path[0] = 'D:/2021.3.5f1/Editor/Data/Managed'
Mono path[1] = 'D:/2021.3.5f1/Editor/Data/MonoBleedingEdge/lib/mono/unityjit-win32'
Mono config path = 'D:/2021.3.5f1/Editor/Data/MonoBleedingEdge/etc'
Using monoOptions --debugger-agent=transport=dt_socket,embedding=1,server=y,suspend=n,address=127.0.0.1:56016
Begin MonoManager ReloadAssembly
Registering precompiled unity dll's ...
Register platform support module: D:/2021.3.5f1/Editor/Data/PlaybackEngines/WindowsStandaloneSupport/UnityEditor.WindowsStandalone.Extensions.dll
Registered in 0.023928 seconds.
Native extension for WindowsStandalone target not found
Refreshing native plugins compatible for Editor in 166.75 ms, found 3 plugins.
Preloading 0 native plugins for Editor in 0.00 ms.
Mono: successfully reloaded assembly
- Completed reload, in  1.157 seconds
Domain Reload Profiling:
	ReloadAssembly (1158ms)
		BeginReloadAssembly (211ms)
			ExecutionOrderSort (0ms)
			DisableScriptedObjects (0ms)
			BackupInstance (0ms)
			ReleaseScriptingObjects (0ms)
			CreateAndSetChildDomain (1ms)
		EndReloadAssembly (729ms)
			LoadAssemblies (199ms)
			RebuildTransferFunctionScriptingTraits (0ms)
			SetupTypeCache (149ms)
			ReleaseScriptCaches (0ms)
			RebuildScriptCaches (34ms)
			SetupLoadedEditorAssemblies (447ms)
				LogAssemblyErrors (0ms)
				InitializePlatformSupportModulesInManaged (14ms)
				SetLoadedEditorAssemblies (0ms)
				RefreshPlugins (167ms)
				BeforeProcessingInitializeOnLoad (2ms)
				ProcessInitializeOnLoadAttributes (197ms)
				ProcessInitializeOnLoadMethodAttributes (67ms)
				AfterProcessingInitializeOnLoad (0ms)
				EditorAssembliesLoaded (0ms)
			ExecutionOrderSort2 (0ms)
			AwakeInstancesAfterBackupRestoration (0ms)
Platform modules already initialized, skipping
Registering precompiled user dll's ...
Registered in 0.047567 seconds.
Begin MonoManager ReloadAssembly
Symbol file LoadedFromMemory doesn't match image D:\Users\EQUIPO\Documents\Unity\Proyecto-Diplomado\Proyecto diplomado\Library\PackageCache\com.unity.visualscripting@1.7.8\Editor\VisualScripting.Core\Dependencies\YamlDotNet\Unity.VisualScripting.YamlDotNet.dll
Symbol file LoadedFromMemory doesn't match image D:\Users\EQUIPO\Documents\Unity\Proyecto-Diplomado\Proyecto diplomado\Library\PackageCache\com.unity.visualscripting@1.7.8\Editor\VisualScripting.Core\Dependencies\DotNetZip\Unity.VisualScripting.IonicZip.dll
Native extension for WindowsStandalone target not found
Refreshing native plugins compatible for Editor in 265.77 ms, found 3 plugins.
Preloading 0 native plugins for Editor in 0.00 ms.
Mono: successfully reloaded assembly
- Completed reload, in  2.917 seconds
Domain Reload Profiling:
	ReloadAssembly (2918ms)
		BeginReloadAssembly (261ms)
			ExecutionOrderSort (0ms)
			DisableScriptedObjects (10ms)
			BackupInstance (0ms)
			ReleaseScriptingObjects (0ms)
			CreateAndSetChildDomain (30ms)
		EndReloadAssembly (2432ms)
			LoadAssemblies (276ms)
			RebuildTransferFunctionScriptingTraits (0ms)
			SetupTypeCache (440ms)
			ReleaseScriptCaches (1ms)
			RebuildScriptCaches (119ms)
			SetupLoadedEditorAssemblies (1542ms)
				LogAssemblyErrors (0ms)
				InitializePlatformSupportModulesInManaged (9ms)
				SetLoadedEditorAssemblies (0ms)
				RefreshPlugins (266ms)
				BeforeProcessingInitializeOnLoad (353ms)
				ProcessInitializeOnLoadAttributes (752ms)
				ProcessInitializeOnLoadMethodAttributes (128ms)
				AfterProcessingInitializeOnLoad (33ms)
				EditorAssembliesLoaded (0ms)
			ExecutionOrderSort2 (0ms)
			AwakeInstancesAfterBackupRestoration (13ms)
Platform modules already initialized, skipping
========================================================================
Worker process is ready to serve import requests
Launched and connected shader compiler UnityShaderCompiler.exe after 0.71 seconds
Refreshing native plugins compatible for Editor in 1.15 ms, found 3 plugins.
Preloading 0 native plugins for Editor in 0.00 ms.
Unloading 5957 Unused Serialized files (Serialized files now loaded: 0)
Unloading 49 unused Assets / (1.4 MB). Loaded Objects now: 6437.
Memory consumption went from 250.1 MB to 248.6 MB.
Total: 5.888100 ms (FindLiveObjects: 0.585400 ms CreateObjectMapping: 0.636300 ms MarkObjects: 4.187200 ms  DeleteObjects: 0.478400 ms)

AssetImportParameters requested are different than current active one (requested -> active):
  custom:video-decoder-ogg-theora: a1e56fd34408186e4bbccfd4996cb3dc -> 
  custom:container-muxer-webm: aa71ff27fc2769a1b78a27578f13a17b -> 
  custom:container-demuxer-webm: 4f35f7cbe854078d1ac9338744f61a02 -> 
  custom:video-encoder-webm-vp8: eb34c28f22e8b96e1ab97ce403110664 -> 
  custom:video-codec-MediaFoundation-h265: 746d11721c4dcdbdad8f713fa42b33f4 -> 
  custom:audio-encoder-webm-vorbis: bf7c407c2cedff20999df2af8eb42d56 -> 
  custom:framework-win-MediaFoundation: 216162199b28c13a410421893ffa2e32 -> 
  custom:container-demuxer-ogg: 62fdf1f143b41e24485cea50d1cbac27 -> 
  custom:video-decoder-webm-vp8: 9c59270c3fd7afecdb556c50c9e8de78 -> 
  custom:audio-decoder-ogg-vorbis: bf7c407c2cedff20999df2af8eb42d56 -> 
========================================================================
Received Import Request.
  Time since last request: 32980.986117 seconds.
  path: Assets/Art/Models/Puzzle/Puzzle.mat
  artifactKey: Guid(3f2912a430434b348adbb2a5264fd5ae) Importer(815301076,1909f56bfc062723c751e8b465ee728b)
Start importing Assets/Art/Models/Puzzle/Puzzle.mat using Guid(3f2912a430434b348adbb2a5264fd5ae) Importer(815301076,1909f56bfc062723c751e8b465ee728b)  -> (artifact id: '4b49ec3395fc7f3207df2d5238973809') in 1.095246 seconds 
========================================================================
Received Prepare
Registering precompiled user dll's ...
Registered in 0.048327 seconds.
Begin MonoManager ReloadAssembly
Symbol file LoadedFromMemory doesn't match image D:\Users\EQUIPO\Documents\Unity\Proyecto-Diplomado\Proyecto diplomado\Library\PackageCache\com.unity.visualscripting@1.7.8\Editor\VisualScripting.Core\Dependencies\YamlDotNet\Unity.VisualScripting.YamlDotNet.dll
Symbol file LoadedFromMemory doesn't match image D:\Users\EQUIPO\Documents\Unity\Proyecto-Diplomado\Proyecto diplomado\Library\PackageCache\com.unity.visualscripting@1.7.8\Editor\VisualScripting.Core\Dependencies\DotNetZip\Unity.VisualScripting.IonicZip.dll
Native extension for WindowsStandalone target not found
Refreshing native plugins compatible for Editor in 1.25 ms, found 3 plugins.
Preloading 0 native plugins for Editor in 0.00 ms.
Mono: successfully reloaded assembly
- Completed reload, in  2.377 seconds
Domain Reload Profiling:
	ReloadAssembly (2378ms)
		BeginReloadAssembly (297ms)
			ExecutionOrderSort (0ms)
			DisableScriptedObjects (9ms)
			BackupInstance (0ms)
			ReleaseScriptingObjects (0ms)
			CreateAndSetChildDomain (63ms)
		EndReloadAssembly (1885ms)
			LoadAssemblies (259ms)
			RebuildTransferFunctionScriptingTraits (0ms)
			SetupTypeCache (445ms)
			ReleaseScriptCaches (2ms)
			RebuildScriptCaches (88ms)
			SetupLoadedEditorAssemblies (1004ms)
				LogAssemblyErrors (0ms)
				InitializePlatformSupportModulesInManaged (22ms)
				SetLoadedEditorAssemblies (1ms)
				RefreshPlugins (1ms)
				BeforeProcessingInitializeOnLoad (201ms)
				ProcessInitializeOnLoadAttributes (626ms)
				ProcessInitializeOnLoadMethodAttributes (114ms)
				AfterProcessingInitializeOnLoad (39ms)
				EditorAssembliesLoaded (0ms)
			ExecutionOrderSort2 (0ms)
			AwakeInstancesAfterBackupRestoration (33ms)
Platform modules already initialized, skipping
Refreshing native plugins compatible for Editor in 7.21 ms, found 3 plugins.
Preloading 0 native plugins for Editor in 0.00 ms.
Unloading 5817 Unused Serialized files (Serialized files now loaded: 0)
Unloading 31 unused Assets / (1.4 MB). Loaded Objects now: 6542.
Memory consumption went from 248.0 MB to 246.6 MB.
Total: 6.207200 ms (FindLiveObjects: 0.677100 ms CreateObjectMapping: 0.500300 ms MarkObjects: 4.496800 ms  DeleteObjects: 0.531400 ms)

AssetImportParameters requested are different than current active one (requested -> active):
  custom:video-decoder-ogg-theora: a1e56fd34408186e4bbccfd4996cb3dc -> 
  custom:container-muxer-webm: aa71ff27fc2769a1b78a27578f13a17b -> 
  custom:container-demuxer-webm: 4f35f7cbe854078d1ac9338744f61a02 -> 
  custom:video-encoder-webm-vp8: eb34c28f22e8b96e1ab97ce403110664 -> 
  custom:video-codec-MediaFoundation-h265: 746d11721c4dcdbdad8f713fa42b33f4 -> 
  custom:audio-encoder-webm-vorbis: bf7c407c2cedff20999df2af8eb42d56 -> 
  custom:framework-win-MediaFoundation: 216162199b28c13a410421893ffa2e32 -> 
  custom:container-demuxer-ogg: 62fdf1f143b41e24485cea50d1cbac27 -> 
  custom:video-decoder-webm-vp8: 9c59270c3fd7afecdb556c50c9e8de78 -> 
  custom:audio-decoder-ogg-vorbis: bf7c407c2cedff20999df2af8eb42d56 -> 
========================================================================
Received Prepare
Registering precompiled user dll's ...
Registered in 0.037175 seconds.
Begin MonoManager ReloadAssembly
Symbol file LoadedFromMemory doesn't match image D:\Users\EQUIPO\Documents\Unity\Proyecto-Diplomado\Proyecto diplomado\Library\PackageCache\com.unity.visualscripting@1.7.8\Editor\VisualScripting.Core\Dependencies\YamlDotNet\Unity.VisualScripting.YamlDotNet.dll
Symbol file LoadedFromMemory doesn't match image D:\Users\EQUIPO\Documents\Unity\Proyecto-Diplomado\Proyecto diplomado\Library\PackageCache\com.unity.visualscripting@1.7.8\Editor\VisualScripting.Core\Dependencies\DotNetZip\Unity.VisualScripting.IonicZip.dll
Native extension for WindowsStandalone target not found
Refreshing native plugins compatible for Editor in 1.93 ms, found 3 plugins.
Preloading 0 native plugins for Editor in 0.00 ms.
Mono: successfully reloaded assembly
- Completed reload, in  3.597 seconds
Domain Reload Profiling:
	ReloadAssembly (3598ms)
		BeginReloadAssembly (423ms)
			ExecutionOrderSort (0ms)
			DisableScriptedObjects (8ms)
			BackupInstance (0ms)
			ReleaseScriptingObjects (0ms)
			CreateAndSetChildDomain (83ms)
		EndReloadAssembly (2863ms)
			LoadAssemblies (409ms)
			RebuildTransferFunctionScriptingTraits (0ms)
			SetupTypeCache (751ms)
			ReleaseScriptCaches (4ms)
			RebuildScriptCaches (143ms)
			SetupLoadedEditorAssemblies (1419ms)
				LogAssemblyErrors (0ms)
				InitializePlatformSupportModulesInManaged (35ms)
				SetLoadedEditorAssemblies (1ms)
				RefreshPlugins (2ms)
				BeforeProcessingInitializeOnLoad (301ms)
				ProcessInitializeOnLoadAttributes (841ms)
				ProcessInitializeOnLoadMethodAttributes (176ms)
				AfterProcessingInitializeOnLoad (63ms)
				EditorAssembliesLoaded (0ms)
			ExecutionOrderSort2 (0ms)
			AwakeInstancesAfterBackupRestoration (47ms)
Platform modules already initialized, skipping
Refreshing native plugins compatible for Editor in 13.21 ms, found 3 plugins.
Preloading 0 native plugins for Editor in 0.00 ms.
Unloading 5817 Unused Serialized files (Serialized files now loaded: 0)
Unloading 31 unused Assets / (1.4 MB). Loaded Objects now: 6557.
Memory consumption went from 248.0 MB to 246.5 MB.
Total: 8.441400 ms (FindLiveObjects: 1.530500 ms CreateObjectMapping: 0.824300 ms MarkObjects: 5.491600 ms  DeleteObjects: 0.593200 ms)

AssetImportParameters requested are different than current active one (requested -> active):
  custom:video-decoder-ogg-theora: a1e56fd34408186e4bbccfd4996cb3dc -> 
  custom:container-muxer-webm: aa71ff27fc2769a1b78a27578f13a17b -> 
  custom:container-demuxer-webm: 4f35f7cbe854078d1ac9338744f61a02 -> 
  custom:video-encoder-webm-vp8: eb34c28f22e8b96e1ab97ce403110664 -> 
  custom:video-codec-MediaFoundation-h265: 746d11721c4dcdbdad8f713fa42b33f4 -> 
  custom:audio-encoder-webm-vorbis: bf7c407c2cedff20999df2af8eb42d56 -> 
  custom:framework-win-MediaFoundation: 216162199b28c13a410421893ffa2e32 -> 
  custom:container-demuxer-ogg: 62fdf1f143b41e24485cea50d1cbac27 -> 
  custom:video-decoder-webm-vp8: 9c59270c3fd7afecdb556c50c9e8de78 -> 
  custom:audio-decoder-ogg-vorbis: bf7c407c2cedff20999df2af8eb42d56 -> 
========================================================================
Received Import Request.
  Time since last request: 598.518410 seconds.
  path: Assets/Art/Textures/angled-tiled-floor_ao.png
  artifactKey: Guid(f29cb13a0eb1d02408d9ad5801b004d7) Importer(815301076,1909f56bfc062723c751e8b465ee728b)
Start importing Assets/Art/Textures/angled-tiled-floor_ao.png using Guid(f29cb13a0eb1d02408d9ad5801b004d7) Importer(815301076,1909f56bfc062723c751e8b465ee728b)  -> (artifact id: 'be00d075065e464201d47a02b2512110') in 0.178975 seconds 
========================================================================
Received Import Request.
  Time since last request: 0.000039 seconds.
  path: Assets/Art/Textures/Metal_Gold_001_normal.jpg
  artifactKey: Guid(d624dbf5053d713419d96a545e2bb63d) Importer(815301076,1909f56bfc062723c751e8b465ee728b)
Start importing Assets/Art/Textures/Metal_Gold_001_normal.jpg using Guid(d624dbf5053d713419d96a545e2bb63d) Importer(815301076,1909f56bfc062723c751e8b465ee728b)  -> (artifact id: 'b22aa16226a505f44e4febbcd1d752f1') in 0.090980 seconds 
========================================================================
Received Import Request.
  Time since last request: 0.000047 seconds.
  path: Assets/Art/Textures/Fabric_Rug_006_NRM.jpg
  artifactKey: Guid(915ad386ed692994a96025409df0d4dd) Importer(815301076,1909f56bfc062723c751e8b465ee728b)
Start importing Assets/Art/Textures/Fabric_Rug_006_NRM.jpg using Guid(915ad386ed692994a96025409df0d4dd) Importer(815301076,1909f56bfc062723c751e8b465ee728b)  -> (artifact id: 'ca705ec8eb01560f1d2947ade032c691') in 0.145260 seconds 
========================================================================
Received Import Request.
  Time since last request: 0.000040 seconds.
  path: Assets/Art/Textures/Tiles_040_height.png
  artifactKey: Guid(065522e88034219498c029c1abcda2bd) Importer(815301076,1909f56bfc062723c751e8b465ee728b)
Start importing Assets/Art/Textures/Tiles_040_height.png using Guid(065522e88034219498c029c1abcda2bd) Importer(815301076,1909f56bfc062723c751e8b465ee728b)  -> (artifact id: '6f82a1815d332397f51558a588ef4c0b') in 0.066279 seconds 
========================================================================
Received Import Request.
  Time since last request: 0.000085 seconds.
  path: Assets/Art/Textures/beige-carpet-worn1-albedo.png
  artifactKey: Guid(f638b4cc3e58e6742b2ed3a21686fc07) Importer(815301076,1909f56bfc062723c751e8b465ee728b)
Start importing Assets/Art/Textures/beige-carpet-worn1-albedo.png using Guid(f638b4cc3e58e6742b2ed3a21686fc07) Importer(815301076,1909f56bfc062723c751e8b465ee728b)  -> (artifact id: 'de44e5068d98777a4c9f093d841da440') in 0.056771 seconds 
========================================================================
Received Import Request.
  Time since last request: 0.000037 seconds.
  path: Assets/Art/Textures/Terrazzo_003_normal.jpg
  artifactKey: Guid(e3cecbc2b2bfade4ea3c8ad86440208e) Importer(815301076,1909f56bfc062723c751e8b465ee728b)
Start importing Assets/Art/Textures/Terrazzo_003_normal.jpg using Guid(e3cecbc2b2bfade4ea3c8ad86440208e) Importer(815301076,1909f56bfc062723c751e8b465ee728b)  -> (artifact id: 'ce7b733664a9caaf11d4415bc7b64280') in 0.057064 seconds 
========================================================================
Received Import Request.
  Time since last request: 0.000071 seconds.
  path: Assets/Art/Textures/Concrete_017_basecolor.jpg
  artifactKey: Guid(52834b9848af5de40bb68de8e6a7085f) Importer(815301076,1909f56bfc062723c751e8b465ee728b)
Start importing Assets/Art/Textures/Concrete_017_basecolor.jpg using Guid(52834b9848af5de40bb68de8e6a7085f) Importer(815301076,1909f56bfc062723c751e8b465ee728b)  -> (artifact id: 'abad9a037be88facccfd277848cf6ebc') in 0.098119 seconds 
========================================================================
Received Import Request.
  Time since last request: 0.000058 seconds.
  path: Assets/Art/Textures/beige-carpet-worn1-Height.png
  artifactKey: Guid(f224fbc004e0e3c47aa2adea0d8295c4) Importer(815301076,1909f56bfc062723c751e8b465ee728b)
Start importing Assets/Art/Textures/beige-carpet-worn1-Height.png using Guid(f224fbc004e0e3c47aa2adea0d8295c4) Importer(815301076,1909f56bfc062723c751e8b465ee728b)  -> (artifact id: 'aa816e9aa24051bed4a9bb600954039d') in 0.062821 seconds 
========================================================================
Received Import Request.
  Time since last request: 0.000032 seconds.
  path: Assets/Art/Textures/Terrazzo_003_ambientOcclusion.jpg
  artifactKey: Guid(c866bc4777276004c9f576fdfa292938) Importer(815301076,1909f56bfc062723c751e8b465ee728b)
Start importing Assets/Art/Textures/Terrazzo_003_ambientOcclusion.jpg using Guid(c866bc4777276004c9f576fdfa292938) Importer(815301076,1909f56bfc062723c751e8b465ee728b)  -> (artifact id: '563febdeb3ffdeec9e49f00f2f6ca11c') in 0.119687 seconds 
========================================================================
Received Import Request.
  Time since last request: 0.000051 seconds.
  path: Assets/Art/Textures/Concrete_017_normal.jpg
  artifactKey: Guid(8d47305c168ddc4478ded9029a128116) Importer(815301076,1909f56bfc062723c751e8b465ee728b)
Start importing Assets/Art/Textures/Concrete_017_normal.jpg using Guid(8d47305c168ddc4478ded9029a128116) Importer(815301076,1909f56bfc062723c751e8b465ee728b)  -> (artifact id: '8050975ae6efbba768cb521edb1ede09') in 0.104809 seconds 
========================================================================
Received Import Request.
  Time since last request: 0.000046 seconds.
  path: Assets/Art/Textures/old-textured-fabric-ao.png
  artifactKey: Guid(b1af140326d0f3449961276154c83c32) Importer(815301076,1909f56bfc062723c751e8b465ee728b)
Start importing Assets/Art/Textures/old-textured-fabric-ao.png using Guid(b1af140326d0f3449961276154c83c32) Importer(815301076,1909f56bfc062723c751e8b465ee728b)  -> (artifact id: '282be10446a141e49e46897d60447bfd') in 0.096298 seconds 
========================================================================
Received Import Request.
  Time since last request: 0.000036 seconds.
  path: Assets/Art/Textures/Tiles_Terracotta_007_normal.jpg
  artifactKey: Guid(0cd914a4d95a92944985e819e03e10a6) Importer(815301076,1909f56bfc062723c751e8b465ee728b)
Start importing Assets/Art/Textures/Tiles_Terracotta_007_normal.jpg using Guid(0cd914a4d95a92944985e819e03e10a6) Importer(815301076,1909f56bfc062723c751e8b465ee728b)  -> (artifact id: '71221e185449e7c171d16c03040e44e0') in 0.078626 seconds 
========================================================================
Received Import Request.
  Time since last request: 0.000049 seconds.
  path: Assets/Art/Textures/Wood_Pattern_Coffers_004_basecolor.jpg
  artifactKey: Guid(f48c90849e3c24147b1067702cf1e328) Importer(815301076,1909f56bfc062723c751e8b465ee728b)
Start importing Assets/Art/Textures/Wood_Pattern_Coffers_004_basecolor.jpg using Guid(f48c90849e3c24147b1067702cf1e328) Importer(815301076,1909f56bfc062723c751e8b465ee728b)  -> (artifact id: '1fcc0c2ee5fca4df7394a45c3b39c68b') in 0.150432 seconds 
========================================================================
Received Import Request.
  Time since last request: 0.000036 seconds.
  path: Assets/Art/Textures/Wood_020_basecolor.jpg
  artifactKey: Guid(99b2bc559d3fa31489985dabcaa5335c) Importer(815301076,1909f56bfc062723c751e8b465ee728b)
Start importing Assets/Art/Textures/Wood_020_basecolor.jpg using Guid(99b2bc559d3fa31489985dabcaa5335c) Importer(815301076,1909f56bfc062723c751e8b465ee728b)  -> (artifact id: 'cddaa86245411ea1663bd34a3cb4c554') in 0.154463 seconds 
========================================================================
Received Import Request.
  Time since last request: 0.000032 seconds.
  path: Assets/Art/Textures/Wood_Tiles_003_height.png
  artifactKey: Guid(f62bf19c16a9b9e408c190dd93914bf0) Importer(815301076,1909f56bfc062723c751e8b465ee728b)
Start importing Assets/Art/Textures/Wood_Tiles_003_height.png using Guid(f62bf19c16a9b9e408c190dd93914bf0) Importer(815301076,1909f56bfc062723c751e8b465ee728b)  -> (artifact id: 'a9393433dac1bd5ef6e382ee788107d8') in 0.074543 seconds 
========================================================================
Received Import Request.
  Time since last request: 0.000064 seconds.
  path: Assets/Art/Textures/Wood_020_height.png
  artifactKey: Guid(bd6895c1e66f8cf438e1b289e2e27c23) Importer(815301076,1909f56bfc062723c751e8b465ee728b)
Start importing Assets/Art/Textures/Wood_020_height.png using Guid(bd6895c1e66f8cf438e1b289e2e27c23) Importer(815301076,1909f56bfc062723c751e8b465ee728b)  -> (artifact id: '78859a630124671612705a4b6a9604df') in 0.117256 seconds 
========================================================================
Received Import Request.
  Time since last request: 0.000047 seconds.
  path: Assets/Art/Textures/Wood_Floor_011_basecolor.jpg
  artifactKey: Guid(13e3f2ca3d07d264185c4c24ed7e0805) Importer(815301076,1909f56bfc062723c751e8b465ee728b)
Start importing Assets/Art/Textures/Wood_Floor_011_basecolor.jpg using Guid(13e3f2ca3d07d264185c4c24ed7e0805) Importer(815301076,1909f56bfc062723c751e8b465ee728b)  -> (artifact id: '7719bee657799e06f6af4e1808bb8a64') in 0.041678 seconds 
========================================================================
Received Import Request.
  Time since last request: 0.000056 seconds.
  path: Assets/Art/Textures/Wood_Pattern_Coffers_004_ambientOcclusion.jpg
  artifactKey: Guid(3553816e9e0d11f449fe0fb2a2157953) Importer(815301076,1909f56bfc062723c751e8b465ee728b)
Start importing Assets/Art/Textures/Wood_Pattern_Coffers_004_ambientOcclusion.jpg using Guid(3553816e9e0d11f449fe0fb2a2157953) Importer(815301076,1909f56bfc062723c751e8b465ee728b)  -> (artifact id: 'f094d279f972171b631d9cf12987b7a5') in 0.139083 seconds 
========================================================================
Received Import Request.
  Time since last request: 0.000024 seconds.
  path: Assets/Art/Textures/Tiles_016_normal.jpg
  artifactKey: Guid(dfb834d2c416f4245aeb5ae31d6a62ae) Importer(815301076,1909f56bfc062723c751e8b465ee728b)
Start importing Assets/Art/Textures/Tiles_016_normal.jpg using Guid(dfb834d2c416f4245aeb5ae31d6a62ae) Importer(815301076,1909f56bfc062723c751e8b465ee728b)  -> (artifact id: 'c50e01681cbf7969c68cb557f41d532b') in 0.115169 seconds 
========================================================================
Received Import Request.
  Time since last request: 0.000040 seconds.
  path: Assets/Art/Textures/Wood_Tiles_003_basecolor.jpg
  artifactKey: Guid(7a7873f9aae55444097b99d9bc8e1a5a) Importer(815301076,1909f56bfc062723c751e8b465ee728b)
Start importing Assets/Art/Textures/Wood_Tiles_003_basecolor.jpg using Guid(7a7873f9aae55444097b99d9bc8e1a5a) Importer(815301076,1909f56bfc062723c751e8b465ee728b)  -> (artifact id: '14447862712fd836299b89c9f1a71e96') in 0.085638 seconds 
========================================================================
Received Import Request.
  Time since last request: 0.000022 seconds.
  path: Assets/Art/Textures/Terrazzo_Tiles_001_normal.jpg
  artifactKey: Guid(daefc44e47e52c045a8269af5a3e0849) Importer(815301076,1909f56bfc062723c751e8b465ee728b)
Start importing Assets/Art/Textures/Terrazzo_Tiles_001_normal.jpg using Guid(daefc44e47e52c045a8269af5a3e0849) Importer(815301076,1909f56bfc062723c751e8b465ee728b)  -> (artifact id: '212c50488a47962c380189592dfdc903') in 0.029378 seconds 
========================================================================
Received Import Request.
  Time since last request: 0.000037 seconds.
  path: Assets/Art/Textures/Wood_Herringbone_Tiles_003_ambientOcclusion.jpg
  artifactKey: Guid(4675dcdacbc0cc349aa213497a3ed783) Importer(815301076,1909f56bfc062723c751e8b465ee728b)
Start importing Assets/Art/Textures/Wood_Herringbone_Tiles_003_ambientOcclusion.jpg using Guid(4675dcdacbc0cc349aa213497a3ed783) Importer(815301076,1909f56bfc062723c751e8b465ee728b)  -> (artifact id: '3a900684757c4a3f8b513de9c6b13a59') in 0.118274 seconds 
========================================================================
Received Import Request.
  Time since last request: 0.000041 seconds.
  path: Assets/Art/Textures/Wood_014_COLOR.jpg
  artifactKey: Guid(506810a5a4488c648ade000cb6041b03) Importer(815301076,1909f56bfc062723c751e8b465ee728b)
Start importing Assets/Art/Textures/Wood_014_COLOR.jpg using Guid(506810a5a4488c648ade000cb6041b03) Importer(815301076,1909f56bfc062723c751e8b465ee728b)  -> (artifact id: '6c84848cb7143ff63db958f97bfc8afe') in 0.216714 seconds 
========================================================================
Received Import Request.
  Time since last request: 0.000029 seconds.
  path: Assets/Art/Textures/Tiles_042_ambientOcclusion.jpg
  artifactKey: Guid(d5de7addece994b4880b5945aaad07b4) Importer(815301076,1909f56bfc062723c751e8b465ee728b)
Start importing Assets/Art/Textures/Tiles_042_ambientOcclusion.jpg using Guid(d5de7addece994b4880b5945aaad07b4) Importer(815301076,1909f56bfc062723c751e8b465ee728b)  -> (artifact id: 'b3f1339490b6aec08b24fa873526cf98') in 0.047663 seconds 
========================================================================
Received Import Request.
  Time since last request: 0.000041 seconds.
  path: Assets/Art/Textures/Terrazzo_Tiles_001_ambientOcclusion.jpg
  artifactKey: Guid(8abf78b181bc264408620e679d255d4d) Importer(815301076,1909f56bfc062723c751e8b465ee728b)
Start importing Assets/Art/Textures/Terrazzo_Tiles_001_ambientOcclusion.jpg using Guid(8abf78b181bc264408620e679d255d4d) Importer(815301076,1909f56bfc062723c751e8b465ee728b)  -> (artifact id: '29050b1482334e73c380703988f273fd') in 0.064542 seconds 
========================================================================
Received Import Request.
  Time since last request: 0.000025 seconds.
  path: Assets/Art/Textures/Tiles_016_height.png
  artifactKey: Guid(2fa3f25bf1599f84f9c92acabca1bced) Importer(815301076,1909f56bfc062723c751e8b465ee728b)
Start importing Assets/Art/Textures/Tiles_016_height.png using Guid(2fa3f25bf1599f84f9c92acabca1bced) Importer(815301076,1909f56bfc062723c751e8b465ee728b)  -> (artifact id: 'a35f14db0676232b91ef93ef3284ec7f') in 1.303441 seconds 
========================================================================
Received Import Request.
  Time since last request: 0.000033 seconds.
  path: Assets/Art/Textures/old-textured-fabric-metalic.psd
  artifactKey: Guid(b13d5f819a404184489419999fd049cb) Importer(815301076,1909f56bfc062723c751e8b465ee728b)
Start importing Assets/Art/Textures/old-textured-fabric-metalic.psd using Guid(b13d5f819a404184489419999fd049cb) Importer(815301076,1909f56bfc062723c751e8b465ee728b)  -> (artifact id: 'fbd55664fdeb8710c8077bf5a05f03fb') in 0.133000 seconds 
========================================================================
Received Import Request.
  Time since last request: 0.000053 seconds.
  path: Assets/Art/Textures/Tiles_022_normal.jpg
  artifactKey: Guid(bb8213e0d660f9746858ccdab742c344) Importer(815301076,1909f56bfc062723c751e8b465ee728b)
Start importing Assets/Art/Textures/Tiles_022_normal.jpg using Guid(bb8213e0d660f9746858ccdab742c344) Importer(815301076,1909f56bfc062723c751e8b465ee728b)  -> (artifact id: 'a00c786ebb0bc3d9020f8b7e934217a4') in 0.044822 seconds 
========================================================================
Received Import Request.
  Time since last request: 0.000027 seconds.
  path: Assets/Art/Textures/Wood_014_DISP.jpg
  artifactKey: Guid(f18741fda7775204abb27bce83fe0dd7) Importer(815301076,1909f56bfc062723c751e8b465ee728b)
Start importing Assets/Art/Textures/Wood_014_DISP.jpg using Guid(f18741fda7775204abb27bce83fe0dd7) Importer(815301076,1909f56bfc062723c751e8b465ee728b)  -> (artifact id: 'f2049918439219426e8098309b07c869') in 0.041621 seconds 
========================================================================
Received Import Request.
  Time since last request: 0.000027 seconds.
  path: Assets/Art/Textures/Tiles_040_ambientOcclusion.jpg
  artifactKey: Guid(6e260e8563ecd3548a6c546826876190) Importer(815301076,1909f56bfc062723c751e8b465ee728b)
Start importing Assets/Art/Textures/Tiles_040_ambientOcclusion.jpg using Guid(6e260e8563ecd3548a6c546826876190) Importer(815301076,1909f56bfc062723c751e8b465ee728b)  -> (artifact id: '09a4217b25a34f75dd9133d9b4a8d4e8') in 0.071845 seconds 
========================================================================
Received Import Request.
  Time since last request: 0.000041 seconds.
  path: Assets/Art/Textures/Tiles_040_normal.jpg
  artifactKey: Guid(aa91f31b0c653fb44bd53e27ab4bd3c8) Importer(815301076,1909f56bfc062723c751e8b465ee728b)
Start importing Assets/Art/Textures/Tiles_040_normal.jpg using Guid(aa91f31b0c653fb44bd53e27ab4bd3c8) Importer(815301076,1909f56bfc062723c751e8b465ee728b)  -> (artifact id: '5d63a396a5163f13b8033b4a089c4726') in 0.125480 seconds 
========================================================================
Received Import Request.
  Time since last request: 0.000055 seconds.
  path: Assets/Art/Textures/beige-carpet-worn1-ao.png
  artifactKey: Guid(45464f690ff3d7e478ee827295d0ce21) Importer(815301076,1909f56bfc062723c751e8b465ee728b)
Start importing Assets/Art/Textures/beige-carpet-worn1-ao.png using Guid(45464f690ff3d7e478ee827295d0ce21) Importer(815301076,1909f56bfc062723c751e8b465ee728b)  -> (artifact id: '390289b94f53dc80f450f39f6fa1369b') in 0.050417 seconds 
========================================================================
Received Import Request.
  Time since last request: 0.000052 seconds.
  path: Assets/Art/Textures/Wood_020_normal.jpg
  artifactKey: Guid(baa70c040e2b80d4daf715620f0fe4c9) Importer(815301076,1909f56bfc062723c751e8b465ee728b)
Start importing Assets/Art/Textures/Wood_020_normal.jpg using Guid(baa70c040e2b80d4daf715620f0fe4c9) Importer(815301076,1909f56bfc062723c751e8b465ee728b)  -> (artifact id: 'c886264a3cec9c4e9f344d0c9da009e2') in 0.238075 seconds 
========================================================================
Received Import Request.
  Time since last request: 0.000038 seconds.
  path: Assets/Art/Textures/Wood_014_OCC.jpg
  artifactKey: Guid(89c9e26ea5a28c44aa20c55c8d17154c) Importer(815301076,1909f56bfc062723c751e8b465ee728b)
Start importing Assets/Art/Textures/Wood_014_OCC.jpg using Guid(89c9e26ea5a28c44aa20c55c8d17154c) Importer(815301076,1909f56bfc062723c751e8b465ee728b)  -> (artifact id: '94e539e5a61131856db85dc4de0af206') in 0.096521 seconds 
========================================================================
Received Import Request.
  Time since last request: 0.000052 seconds.
  path: Assets/Art/Textures/Fabric_Rug_006_COLOR.jpg
  artifactKey: Guid(3cb9ea6b707546f4aab0188e65e6e5df) Importer(815301076,1909f56bfc062723c751e8b465ee728b)
Start importing Assets/Art/Textures/Fabric_Rug_006_COLOR.jpg using Guid(3cb9ea6b707546f4aab0188e65e6e5df) Importer(815301076,1909f56bfc062723c751e8b465ee728b)  -> (artifact id: 'dd4599b0077669e032b3f67b08bcd426') in 0.080870 seconds 
========================================================================
Received Import Request.
  Time since last request: 0.000028 seconds.
  path: Assets/Art/Textures/chipping-painted-wall_metallic.psd
  artifactKey: Guid(d74ae4f8efdb9464481f9c30ba196854) Importer(815301076,1909f56bfc062723c751e8b465ee728b)
Start importing Assets/Art/Textures/chipping-painted-wall_metallic.psd using Guid(d74ae4f8efdb9464481f9c30ba196854) Importer(815301076,1909f56bfc062723c751e8b465ee728b)  -> (artifact id: '27991c9a6a88d3c860c0cc65d4607cd7') in 0.098444 seconds 
========================================================================
Received Import Request.
  Time since last request: 0.000053 seconds.
  path: Assets/Art/Textures/Fabric_Rug_006_DISP.png
  artifactKey: Guid(b3a7bbc3a3f46ec4898cd40d436d240e) Importer(815301076,1909f56bfc062723c751e8b465ee728b)
Start importing Assets/Art/Textures/Fabric_Rug_006_DISP.png using Guid(b3a7bbc3a3f46ec4898cd40d436d240e) Importer(815301076,1909f56bfc062723c751e8b465ee728b)  -> (artifact id: '30feb6ef6b5cfb786610f4dabe5c7303') in 0.129140 seconds 
========================================================================
Received Import Request.
  Time since last request: 0.000035 seconds.
  path: Assets/Art/Textures/Tiles_022_height.png
  artifactKey: Guid(caa64d6c66ccdae47937fa719e58865f) Importer(815301076,1909f56bfc062723c751e8b465ee728b)
Start importing Assets/Art/Textures/Tiles_022_height.png using Guid(caa64d6c66ccdae47937fa719e58865f) Importer(815301076,1909f56bfc062723c751e8b465ee728b)  -> (artifact id: '15e7c56fa7e240ceaa2510f48a8b63b5') in 0.061113 seconds 
========================================================================
Received Import Request.
  Time since last request: 0.000029 seconds.
  path: Assets/Art/Textures/Wood_Pattern_Coffers_004_normal.jpg
  artifactKey: Guid(5807aa0d9e3bc394bbcb6015cafc3f2f) Importer(815301076,1909f56bfc062723c751e8b465ee728b)
Start importing Assets/Art/Textures/Wood_Pattern_Coffers_004_normal.jpg using Guid(5807aa0d9e3bc394bbcb6015cafc3f2f) Importer(815301076,1909f56bfc062723c751e8b465ee728b)  -> (artifact id: '70c55ac980573bb75fab627441feca3f') in 0.146028 seconds 
========================================================================
Received Import Request.
  Time since last request: 0.000043 seconds.
  path: Assets/Art/Textures/Terrazzo_003_height.jpg
  artifactKey: Guid(d63b31998793938478b4403eae7e4154) Importer(815301076,1909f56bfc062723c751e8b465ee728b)
Start importing Assets/Art/Textures/Terrazzo_003_height.jpg using Guid(d63b31998793938478b4403eae7e4154) Importer(815301076,1909f56bfc062723c751e8b465ee728b)  -> (artifact id: 'cb17f5f14bc3e2497ad4c5b014c16624') in 0.047553 seconds 
========================================================================
Received Import Request.
  Time since last request: 0.000050 seconds.
  path: Assets/Art/Textures/Tiles_042_basecolor.jpg
  artifactKey: Guid(2b4146556f2525d40ba4a24ecab3ffa4) Importer(815301076,1909f56bfc062723c751e8b465ee728b)
Start importing Assets/Art/Textures/Tiles_042_basecolor.jpg using Guid(2b4146556f2525d40ba4a24ecab3ffa4) Importer(815301076,1909f56bfc062723c751e8b465ee728b)  -> (artifact id: '198778175eced359a623926f47a4ef3f') in 0.042827 seconds 
========================================================================
Received Import Request.
  Time since last request: 0.000029 seconds.
  path: Assets/Art/Textures/old-textured-fabric-albedo3.png
  artifactKey: Guid(774a8e992cfbd3b40a9683861b27e372) Importer(815301076,1909f56bfc062723c751e8b465ee728b)
Start importing Assets/Art/Textures/old-textured-fabric-albedo3.png using Guid(774a8e992cfbd3b40a9683861b27e372) Importer(815301076,1909f56bfc062723c751e8b465ee728b)  -> (artifact id: '58c8f48b609cbcdf153d981177737635') in 0.100583 seconds 
========================================================================
Received Import Request.
  Time since last request: 0.000040 seconds.
  path: Assets/Art/Textures/chipping-painted-wall_normal-ogl.png
  artifactKey: Guid(0122ee77e89030b42ba1761cfa72e0d2) Importer(815301076,1909f56bfc062723c751e8b465ee728b)
Start importing Assets/Art/Textures/chipping-painted-wall_normal-ogl.png using Guid(0122ee77e89030b42ba1761cfa72e0d2) Importer(815301076,1909f56bfc062723c751e8b465ee728b)  -> (artifact id: '5513e2a281d002ecd5208a5907fe1f08') in 0.100644 seconds 
========================================================================
Received Import Request.
  Time since last request: 0.000040 seconds.
  path: Assets/Art/Textures/Fabric_Rug_006_OCC.jpg
  artifactKey: Guid(c05ad76fd26348c40a57f92211e1acd0) Importer(815301076,1909f56bfc062723c751e8b465ee728b)
Start importing Assets/Art/Textures/Fabric_Rug_006_OCC.jpg using Guid(c05ad76fd26348c40a57f92211e1acd0) Importer(815301076,1909f56bfc062723c751e8b465ee728b)  -> (artifact id: '9787737ce01fa6ef25fb3410d39d57c4') in 0.128378 seconds 
========================================================================
Received Import Request.
  Time since last request: 0.000031 seconds.
  path: Assets/Art/Textures/Terrazzo_Tiles_001_basecolor.jpg
  artifactKey: Guid(ce299938a88d1a940afa1d14be37d14f) Importer(815301076,1909f56bfc062723c751e8b465ee728b)
Start importing Assets/Art/Textures/Terrazzo_Tiles_001_basecolor.jpg using Guid(ce299938a88d1a940afa1d14be37d14f) Importer(815301076,1909f56bfc062723c751e8b465ee728b)  -> (artifact id: '98fcc618f54be29a0361d04afa01412d') in 2.069635 seconds 
========================================================================
Received Prepare
Registering precompiled user dll's ...
Registered in 0.052376 seconds.
Begin MonoManager ReloadAssembly
Symbol file LoadedFromMemory doesn't match image D:\Users\EQUIPO\Documents\Unity\Proyecto-Diplomado\Proyecto diplomado\Library\PackageCache\com.unity.visualscripting@1.7.8\Editor\VisualScripting.Core\Dependencies\YamlDotNet\Unity.VisualScripting.YamlDotNet.dll
Symbol file LoadedFromMemory doesn't match image D:\Users\EQUIPO\Documents\Unity\Proyecto-Diplomado\Proyecto diplomado\Library\PackageCache\com.unity.visualscripting@1.7.8\Editor\VisualScripting.Core\Dependencies\DotNetZip\Unity.VisualScripting.IonicZip.dll
Native extension for WindowsStandalone target not found
Refreshing native plugins compatible for Editor in 1.27 ms, found 3 plugins.
Preloading 0 native plugins for Editor in 0.00 ms.
Mono: successfully reloaded assembly
- Completed reload, in  5.268 seconds
Domain Reload Profiling:
	ReloadAssembly (5269ms)
		BeginReloadAssembly (290ms)
			ExecutionOrderSort (0ms)
			DisableScriptedObjects (5ms)
			BackupInstance (0ms)
			ReleaseScriptingObjects (0ms)
			CreateAndSetChildDomain (65ms)
		EndReloadAssembly (4749ms)
			LoadAssemblies (277ms)
			RebuildTransferFunctionScriptingTraits (0ms)
			SetupTypeCache (497ms)
			ReleaseScriptCaches (2ms)
			RebuildScriptCaches (102ms)
			SetupLoadedEditorAssemblies (3604ms)
				LogAssemblyErrors (0ms)
				InitializePlatformSupportModulesInManaged (21ms)
				SetLoadedEditorAssemblies (1ms)
				RefreshPlugins (1ms)
				BeforeProcessingInitializeOnLoad (333ms)
				ProcessInitializeOnLoadAttributes (2832ms)
				ProcessInitializeOnLoadMethodAttributes (328ms)
				AfterProcessingInitializeOnLoad (86ms)
				EditorAssembliesLoaded (1ms)
			ExecutionOrderSort2 (0ms)
			AwakeInstancesAfterBackupRestoration (115ms)
Platform modules already initialized, skipping
Refreshing native plugins compatible for Editor in 9.84 ms, found 3 plugins.
Preloading 0 native plugins for Editor in 0.00 ms.
Unloading 5817 Unused Serialized files (Serialized files now loaded: 0)
Unloading 31 unused Assets / (1.4 MB). Loaded Objects now: 6576.
Memory consumption went from 247.8 MB to 246.4 MB.
Total: 5.573700 ms (FindLiveObjects: 0.652500 ms CreateObjectMapping: 0.539100 ms MarkObjects: 3.775100 ms  DeleteObjects: 0.605400 ms)

AssetImportParameters requested are different than current active one (requested -> active):
  custom:video-decoder-ogg-theora: a1e56fd34408186e4bbccfd4996cb3dc -> 
  custom:container-muxer-webm: aa71ff27fc2769a1b78a27578f13a17b -> 
  custom:container-demuxer-webm: 4f35f7cbe854078d1ac9338744f61a02 -> 
  custom:video-encoder-webm-vp8: eb34c28f22e8b96e1ab97ce403110664 -> 
  custom:video-codec-MediaFoundation-h265: 746d11721c4dcdbdad8f713fa42b33f4 -> 
  custom:audio-encoder-webm-vorbis: bf7c407c2cedff20999df2af8eb42d56 -> 
  custom:framework-win-MediaFoundation: 216162199b28c13a410421893ffa2e32 -> 
  custom:container-demuxer-ogg: 62fdf1f143b41e24485cea50d1cbac27 -> 
  custom:video-decoder-webm-vp8: 9c59270c3fd7afecdb556c50c9e8de78 -> 
  custom:audio-decoder-ogg-vorbis: bf7c407c2cedff20999df2af8eb42d56 -> 
