Using pre-set license
Built from '2021.3/staging' branch; Version is '2021.3.5f1 (40eb3a945986) revision 4254522'; Using compiler version '192829333'; Build Type 'Release'
OS: 'Windows 10  (10.0.19044) 64bit Enterprise' Language: 'es' Physical Memory: 16250 MB
BatchMode: 1, IsHumanControllingUs: 0, StartBugReporterOnCrash: 0, Is64bit: 1, IsPro: 1

COMMAND LINE ARGUMENTS:
C:\Program Files\Unity\Hub\Editor\2021.3.5f1\Editor\Unity.exe
-adb2
-batchMode
-noUpm
-name
AssetImportWorker14
-projectPath
D:/Proyectos Unity/Proyecto-Diplomado/Proyecto diplomado
-logFile
Logs/AssetImportWorker14.log
-srvPort
61961
Successfully changed project path to: D:/Proyectos Unity/Proyecto-Diplomado/Proyecto diplomado
D:/Proyectos Unity/Proyecto-Diplomado/Proyecto diplomado
[UnityMemory] Configuration Parameters - Can be set up in boot.config
    "memorysetup-bucket-allocator-granularity=16"
    "memorysetup-bucket-allocator-bucket-count=8"
    "memorysetup-bucket-allocator-block-size=33554432"
    "memorysetup-bucket-allocator-block-count=8"
    "memorysetup-main-allocator-block-size=16777216"
    "memorysetup-thread-allocator-block-size=16777216"
    "memorysetup-gfx-main-allocator-block-size=16777216"
    "memorysetup-gfx-thread-allocator-block-size=16777216"
    "memorysetup-cache-allocator-block-size=4194304"
    "memorysetup-typetree-allocator-block-size=2097152"
    "memorysetup-profiler-bucket-allocator-granularity=16"
    "memorysetup-profiler-bucket-allocator-bucket-count=8"
    "memorysetup-profiler-bucket-allocator-block-size=33554432"
    "memorysetup-profiler-bucket-allocator-block-count=8"
    "memorysetup-profiler-allocator-block-size=16777216"
    "memorysetup-profiler-editor-allocator-block-size=1048576"
    "memorysetup-temp-allocator-size-main=16777216"
    "memorysetup-job-temp-allocator-block-size=2097152"
    "memorysetup-job-temp-allocator-block-size-background=1048576"
    "memorysetup-job-temp-allocator-reduction-small-platforms=262144"
    "memorysetup-temp-allocator-size-background-worker=32768"
    "memorysetup-temp-allocator-size-job-worker=262144"
    "memorysetup-temp-allocator-size-preload-manager=33554432"
    "memorysetup-temp-allocator-size-nav-mesh-worker=65536"
    "memorysetup-temp-allocator-size-audio-worker=65536"
    "memorysetup-temp-allocator-size-cloud-worker=32768"
    "memorysetup-temp-allocator-size-gi-baking-worker=262144"
    "memorysetup-temp-allocator-size-gfx=262144"
Refreshing native plugins compatible for Editor in 328.30 ms, found 3 plugins.
Preloading 0 native plugins for Editor in 0.00 ms.
Initialize engine version: 2021.3.5f1 (40eb3a945986)
[Subsystems] Discovering subsystems at path C:/Program Files/Unity/Hub/Editor/2021.3.5f1/Editor/Data/Resources/UnitySubsystems
[Subsystems] Discovering subsystems at path D:/Proyectos Unity/Proyecto-Diplomado/Proyecto diplomado/Assets
GfxDevice: creating device client; threaded=0; jobified=0
Direct3D:
    Version:  Direct3D 11.0 [level 11.1]
    Renderer: NVIDIA GeForce GTX 1050 Ti (ID=0x1c8c)
    Vendor:   NVIDIA
    VRAM:     4018 MB
    Driver:   31.0.15.1659
Initialize mono
Mono path[0] = 'C:/Program Files/Unity/Hub/Editor/2021.3.5f1/Editor/Data/Managed'
Mono path[1] = 'C:/Program Files/Unity/Hub/Editor/2021.3.5f1/Editor/Data/MonoBleedingEdge/lib/mono/unityjit-win32'
Mono config path = 'C:/Program Files/Unity/Hub/Editor/2021.3.5f1/Editor/Data/MonoBleedingEdge/etc'
Using monoOptions --debugger-agent=transport=dt_socket,embedding=1,server=y,suspend=n,address=127.0.0.1:56748
Begin MonoManager ReloadAssembly
Registering precompiled unity dll's ...
Register platform support module: C:/Program Files/Unity/Hub/Editor/2021.3.5f1/Editor/Data/PlaybackEngines/WindowsStandaloneSupport/UnityEditor.WindowsStandalone.Extensions.dll
Registered in 0.058239 seconds.
Native extension for WindowsStandalone target not found
Refreshing native plugins compatible for Editor in 259.93 ms, found 3 plugins.
Preloading 0 native plugins for Editor in 0.00 ms.
Mono: successfully reloaded assembly
- Completed reload, in  2.390 seconds
Domain Reload Profiling:
	ReloadAssembly (2392ms)
		BeginReloadAssembly (377ms)
			ExecutionOrderSort (0ms)
			DisableScriptedObjects (0ms)
			BackupInstance (0ms)
			ReleaseScriptingObjects (0ms)
			CreateAndSetChildDomain (1ms)
		EndReloadAssembly (1499ms)
			LoadAssemblies (346ms)
			RebuildTransferFunctionScriptingTraits (0ms)
			SetupTypeCache (331ms)
			ReleaseScriptCaches (0ms)
			RebuildScriptCaches (82ms)
			SetupLoadedEditorAssemblies (874ms)
				LogAssemblyErrors (0ms)
				InitializePlatformSupportModulesInManaged (127ms)
				SetLoadedEditorAssemblies (1ms)
				RefreshPlugins (260ms)
				BeforeProcessingInitializeOnLoad (2ms)
				ProcessInitializeOnLoadAttributes (349ms)
				ProcessInitializeOnLoadMethodAttributes (134ms)
				AfterProcessingInitializeOnLoad (0ms)
				EditorAssembliesLoaded (0ms)
			ExecutionOrderSort2 (0ms)
			AwakeInstancesAfterBackupRestoration (0ms)
Platform modules already initialized, skipping
Registering precompiled user dll's ...
Registered in 0.038686 seconds.
Begin MonoManager ReloadAssembly
Symbol file LoadedFromMemory doesn't match image D:\Proyectos Unity\Proyecto-Diplomado\Proyecto diplomado\Library\PackageCache\com.unity.visualscripting@1.7.8\Editor\VisualScripting.Core\Dependencies\YamlDotNet\Unity.VisualScripting.YamlDotNet.dll
Symbol file LoadedFromMemory doesn't match image D:\Proyectos Unity\Proyecto-Diplomado\Proyecto diplomado\Library\PackageCache\com.unity.visualscripting@1.7.8\Editor\VisualScripting.Core\Dependencies\DotNetZip\Unity.VisualScripting.IonicZip.dll
Native extension for WindowsStandalone target not found
Refreshing native plugins compatible for Editor in 245.34 ms, found 3 plugins.
Preloading 0 native plugins for Editor in 0.00 ms.
Mono: successfully reloaded assembly
- Completed reload, in  5.538 seconds
Domain Reload Profiling:
	ReloadAssembly (5540ms)
		BeginReloadAssembly (272ms)
			ExecutionOrderSort (0ms)
			DisableScriptedObjects (10ms)
			BackupInstance (0ms)
			ReleaseScriptingObjects (0ms)
			CreateAndSetChildDomain (31ms)
		EndReloadAssembly (4891ms)
			LoadAssemblies (2058ms)
			RebuildTransferFunctionScriptingTraits (0ms)
			SetupTypeCache (620ms)
			ReleaseScriptCaches (2ms)
			RebuildScriptCaches (141ms)
			SetupLoadedEditorAssemblies (1921ms)
				LogAssemblyErrors (0ms)
				InitializePlatformSupportModulesInManaged (29ms)
				SetLoadedEditorAssemblies (0ms)
				RefreshPlugins (245ms)
				BeforeProcessingInitializeOnLoad (337ms)
				ProcessInitializeOnLoadAttributes (1045ms)
				ProcessInitializeOnLoadMethodAttributes (185ms)
				AfterProcessingInitializeOnLoad (78ms)
				EditorAssembliesLoaded (0ms)
			ExecutionOrderSort2 (0ms)
			AwakeInstancesAfterBackupRestoration (16ms)
Platform modules already initialized, skipping
========================================================================
Worker process is ready to serve import requests
Launched and connected shader compiler UnityShaderCompiler.exe after 0.24 seconds
Refreshing native plugins compatible for Editor in 1.36 ms, found 3 plugins.
Preloading 0 native plugins for Editor in 0.00 ms.
Unloading 5226 Unused Serialized files (Serialized files now loaded: 0)
Unloading 35 unused Assets / (0.6 MB). Loaded Objects now: 5698.
Memory consumption went from 216.3 MB to 215.7 MB.
Total: 7.316700 ms (FindLiveObjects: 0.517700 ms CreateObjectMapping: 0.470600 ms MarkObjects: 5.706400 ms  DeleteObjects: 0.620600 ms)

AssetImportParameters requested are different than current active one (requested -> active):
  custom:video-decoder-ogg-theora: a1e56fd34408186e4bbccfd4996cb3dc -> 
  custom:container-muxer-webm: aa71ff27fc2769a1b78a27578f13a17b -> 
  custom:container-demuxer-webm: 4f35f7cbe854078d1ac9338744f61a02 -> 
  custom:video-encoder-webm-vp8: eb34c28f22e8b96e1ab97ce403110664 -> 
  custom:audio-encoder-webm-vorbis: bf7c407c2cedff20999df2af8eb42d56 -> 
  custom:framework-win-MediaFoundation: 216162199b28c13a410421893ffa2e32 -> 
  custom:container-demuxer-ogg: 62fdf1f143b41e24485cea50d1cbac27 -> 
  custom:video-decoder-webm-vp8: 9c59270c3fd7afecdb556c50c9e8de78 -> 
  custom:audio-decoder-ogg-vorbis: bf7c407c2cedff20999df2af8eb42d56 -> 
========================================================================
Received Import Request.
  Time since last request: 729746.503483 seconds.
  path: Assets/Art/Materials/Wood_Herringbone_Tiles_003_basecolor.jpg
  artifactKey: Guid(bd32a0e75c77a2846bdff41b0722713f) Importer(815301076,1909f56bfc062723c751e8b465ee728b)
Start importing Assets/Art/Materials/Wood_Herringbone_Tiles_003_basecolor.jpg using Guid(bd32a0e75c77a2846bdff41b0722713f) Importer(815301076,1909f56bfc062723c751e8b465ee728b)  -> (artifact id: '383ac6c32c082b7134919298008e2a86') in 0.151194 seconds 
========================================================================
Received Import Request.
  Time since last request: 0.000048 seconds.
  path: Assets/Art/Materials/Wood_Herringbone_Tiles_003_ambientOcclusion.jpg
  artifactKey: Guid(4675dcdacbc0cc349aa213497a3ed783) Importer(815301076,1909f56bfc062723c751e8b465ee728b)
Start importing Assets/Art/Materials/Wood_Herringbone_Tiles_003_ambientOcclusion.jpg using Guid(4675dcdacbc0cc349aa213497a3ed783) Importer(815301076,1909f56bfc062723c751e8b465ee728b)  -> (artifact id: 'c6ca5c2b3941e9cb89d5efdd73978c71') in 0.047872 seconds 
========================================================================
Received Import Request.
  Time since last request: 267.369871 seconds.
  path: Assets/Art/Materials/round-pattern-wallpaper1_ao.png
  artifactKey: Guid(1e9f9fa6f8eeff44bac804992297d056) Importer(815301076,1909f56bfc062723c751e8b465ee728b)
Start importing Assets/Art/Materials/round-pattern-wallpaper1_ao.png using Guid(1e9f9fa6f8eeff44bac804992297d056) Importer(815301076,1909f56bfc062723c751e8b465ee728b)  -> (artifact id: 'a923c81f77ad1cc18b88a01e7911517f') in 0.141971 seconds 
========================================================================
Received Import Request.
  Time since last request: 0.000032 seconds.
  path: Assets/Art/Materials/round-pattern-wallpaper1_metallic.psd
  artifactKey: Guid(8b8037b6a694a4646860a37a76ff695f) Importer(815301076,1909f56bfc062723c751e8b465ee728b)
Start importing Assets/Art/Materials/round-pattern-wallpaper1_metallic.psd using Guid(8b8037b6a694a4646860a37a76ff695f) Importer(815301076,1909f56bfc062723c751e8b465ee728b)  -> (artifact id: '9c6c4179c48a4db4dff2f3f4ee0a09e5') in 0.106914 seconds 
========================================================================
Received Import Request.
  Time since last request: 64.080322 seconds.
  path: Assets/Art/Materials/Piso_6.mat
  artifactKey: Guid(2fc51fc81c5645a469c4b57df32d20a3) Importer(815301076,1909f56bfc062723c751e8b465ee728b)
Start importing Assets/Art/Materials/Piso_6.mat using Guid(2fc51fc81c5645a469c4b57df32d20a3) Importer(815301076,1909f56bfc062723c751e8b465ee728b)  -> (artifact id: 'd24a12e0c35506977dc34c3e51ef9de1') in 0.686837 seconds 
========================================================================
Received Import Request.
  Time since last request: 13485.503637 seconds.
  path: Assets/Archteria3D/ManorInteriorMegaPack/Bathroom_Pack/Textures/Toilet_Bath_Glass_MetallicSmoothness.tga
  artifactKey: Guid(2eb212ef972fc4b4ca439cc96505a2d2) Importer(815301076,1909f56bfc062723c751e8b465ee728b)
Start importing Assets/Archteria3D/ManorInteriorMegaPack/Bathroom_Pack/Textures/Toilet_Bath_Glass_MetallicSmoothness.tga using Guid(2eb212ef972fc4b4ca439cc96505a2d2) Importer(815301076,1909f56bfc062723c751e8b465ee728b)  -> (artifact id: '998704da67c7a914080c8c0ff4b44351') in 0.258436 seconds 
========================================================================
Received Import Request.
  Time since last request: 0.000047 seconds.
  path: Assets/Archteria3D/ManorInteriorMegaPack/Bathroom_Pack/Textures/Toilet_Bath_Probes_1_Normal.tga
  artifactKey: Guid(7d5fad9feb9821447bd320a2d52584a4) Importer(815301076,1909f56bfc062723c751e8b465ee728b)
Start importing Assets/Archteria3D/ManorInteriorMegaPack/Bathroom_Pack/Textures/Toilet_Bath_Probes_1_Normal.tga using Guid(7d5fad9feb9821447bd320a2d52584a4) Importer(815301076,1909f56bfc062723c751e8b465ee728b)  -> (artifact id: '7a12a736ef2b94ab20cfff6a6de81ea8') in 0.300071 seconds 
========================================================================
Received Import Request.
  Time since last request: 0.000064 seconds.
  path: Assets/Archteria3D/ManorInteriorMegaPack/Bathroom_Pack/Textures/Toilet_Bath_Probes_2_AlbedoTransparency.tga
  artifactKey: Guid(a86de250140735543b3f5cb4e161ba40) Importer(815301076,1909f56bfc062723c751e8b465ee728b)
Start importing Assets/Archteria3D/ManorInteriorMegaPack/Bathroom_Pack/Textures/Toilet_Bath_Probes_2_AlbedoTransparency.tga using Guid(a86de250140735543b3f5cb4e161ba40) Importer(815301076,1909f56bfc062723c751e8b465ee728b)  -> (artifact id: '306bec4846fb577b3ed4030a1c4568cd') in 0.177020 seconds 
========================================================================
Received Import Request.
  Time since last request: 0.000042 seconds.
  path: Assets/Archteria3D/ManorInteriorMegaPack/Bathroom_Pack/Textures/Toilet_Bath_Probes_2_MetallicSmoothness.tga
  artifactKey: Guid(bfc3ca20ba337fa49afdb4f1ef03e15a) Importer(815301076,1909f56bfc062723c751e8b465ee728b)
Start importing Assets/Archteria3D/ManorInteriorMegaPack/Bathroom_Pack/Textures/Toilet_Bath_Probes_2_MetallicSmoothness.tga using Guid(bfc3ca20ba337fa49afdb4f1ef03e15a) Importer(815301076,1909f56bfc062723c751e8b465ee728b)  -> (artifact id: 'e81f17a8793cea0c2ad541f4b665c37d') in 0.220060 seconds 
========================================================================
Received Import Request.
  Time since last request: 0.000084 seconds.
  path: Assets/Archteria3D/ManorInteriorMegaPack/Bathroom_Pack/Textures/Toilet_Bath_Probes_4_AlbedoTransparency.tga
  artifactKey: Guid(3c37fd2eabc78024bb16eeca98c89871) Importer(815301076,1909f56bfc062723c751e8b465ee728b)
Start importing Assets/Archteria3D/ManorInteriorMegaPack/Bathroom_Pack/Textures/Toilet_Bath_Probes_4_AlbedoTransparency.tga using Guid(3c37fd2eabc78024bb16eeca98c89871) Importer(815301076,1909f56bfc062723c751e8b465ee728b)  -> (artifact id: '6bbf911e1b16a92a2d8bc2ac7939ce39') in 0.195610 seconds 
========================================================================
Received Import Request.
  Time since last request: 985.898441 seconds.
  path: Assets/Art/Models/Prefabs/Pared_01.prefab
  artifactKey: Guid(406cbb9afc83d814693fa3baf6888659) Importer(815301076,1909f56bfc062723c751e8b465ee728b)
Start importing Assets/Art/Models/Prefabs/Pared_01.prefab using Guid(406cbb9afc83d814693fa3baf6888659) Importer(815301076,1909f56bfc062723c751e8b465ee728b)  -> (artifact id: '4091f1ed0686cba30ceee1398657794e') in 0.273286 seconds 
========================================================================
Received Import Request.
  Time since last request: 0.000194 seconds.
  path: Assets/Art/Models/Prefabs/Pared_04 (4).prefab
  artifactKey: Guid(dc33254cf2ae915469d9131f95f0d482) Importer(815301076,1909f56bfc062723c751e8b465ee728b)
Start importing Assets/Art/Models/Prefabs/Pared_04 (4).prefab using Guid(dc33254cf2ae915469d9131f95f0d482) Importer(815301076,1909f56bfc062723c751e8b465ee728b)  -> (artifact id: 'a1cb8aca35a65354d1e15d8e19ba6f3e') in 0.168579 seconds 
========================================================================
Received Import Request.
  Time since last request: 0.000059 seconds.
  path: Assets/Art/Models/Prefabs/Pilar_lobby_2.prefab
  artifactKey: Guid(ea30d80b66bbd7b45ba3a5c226d7e79b) Importer(815301076,1909f56bfc062723c751e8b465ee728b)
Start importing Assets/Art/Models/Prefabs/Pilar_lobby_2.prefab using Guid(ea30d80b66bbd7b45ba3a5c226d7e79b) Importer(815301076,1909f56bfc062723c751e8b465ee728b)  -> (artifact id: 'e0bf2de770ca00063fafca5d548177ee') in 0.425360 seconds 
========================================================================
Received Import Request.
  Time since last request: 0.000029 seconds.
  path: Assets/Art/Models/Prefabs/Puerta.prefab
  artifactKey: Guid(4a951f5888448654aa6b9db0afb926bc) Importer(815301076,1909f56bfc062723c751e8b465ee728b)
Start importing Assets/Art/Models/Prefabs/Puerta.prefab using Guid(4a951f5888448654aa6b9db0afb926bc) Importer(815301076,1909f56bfc062723c751e8b465ee728b)  -> (artifact id: 'fb2e728651d61f38680cbd5487ca7f1f') in 1.064198 seconds 
