Using pre-set license
Built from '2021.3/staging' branch; Version is '2021.3.5f1 (40eb3a945986) revision 4254522'; Using compiler version '192829333'; Build Type 'Release'
OS: 'Windows 10  (10.0.19044) 64bit Enterprise' Language: 'es' Physical Memory: 16250 MB
BatchMode: 1, IsHumanControllingUs: 0, StartBugReporterOnCrash: 0, Is64bit: 1, IsPro: 1

COMMAND LINE ARGUMENTS:
C:\Program Files\Unity\Hub\Editor\2021.3.5f1\Editor\Unity.exe
-adb2
-batchMode
-noUpm
-name
AssetImportWorker13
-projectPath
D:/Proyectos Unity/Proyecto-Diplomado/Proyecto diplomado
-logFile
Logs/AssetImportWorker13.log
-srvPort
61961
Successfully changed project path to: D:/Proyectos Unity/Proyecto-Diplomado/Proyecto diplomado
D:/Proyectos Unity/Proyecto-Diplomado/Proyecto diplomado
[UnityMemory] Configuration Parameters - Can be set up in boot.config
    "memorysetup-bucket-allocator-granularity=16"
    "memorysetup-bucket-allocator-bucket-count=8"
    "memorysetup-bucket-allocator-block-size=33554432"
    "memorysetup-bucket-allocator-block-count=8"
    "memorysetup-main-allocator-block-size=16777216"
    "memorysetup-thread-allocator-block-size=16777216"
    "memorysetup-gfx-main-allocator-block-size=16777216"
    "memorysetup-gfx-thread-allocator-block-size=16777216"
    "memorysetup-cache-allocator-block-size=4194304"
    "memorysetup-typetree-allocator-block-size=2097152"
    "memorysetup-profiler-bucket-allocator-granularity=16"
    "memorysetup-profiler-bucket-allocator-bucket-count=8"
    "memorysetup-profiler-bucket-allocator-block-size=33554432"
    "memorysetup-profiler-bucket-allocator-block-count=8"
    "memorysetup-profiler-allocator-block-size=16777216"
    "memorysetup-profiler-editor-allocator-block-size=1048576"
    "memorysetup-temp-allocator-size-main=16777216"
    "memorysetup-job-temp-allocator-block-size=2097152"
    "memorysetup-job-temp-allocator-block-size-background=1048576"
    "memorysetup-job-temp-allocator-reduction-small-platforms=262144"
    "memorysetup-temp-allocator-size-background-worker=32768"
    "memorysetup-temp-allocator-size-job-worker=262144"
    "memorysetup-temp-allocator-size-preload-manager=33554432"
    "memorysetup-temp-allocator-size-nav-mesh-worker=65536"
    "memorysetup-temp-allocator-size-audio-worker=65536"
    "memorysetup-temp-allocator-size-cloud-worker=32768"
    "memorysetup-temp-allocator-size-gi-baking-worker=262144"
    "memorysetup-temp-allocator-size-gfx=262144"
Refreshing native plugins compatible for Editor in 285.00 ms, found 3 plugins.
Preloading 0 native plugins for Editor in 0.00 ms.
Initialize engine version: 2021.3.5f1 (40eb3a945986)
[Subsystems] Discovering subsystems at path C:/Program Files/Unity/Hub/Editor/2021.3.5f1/Editor/Data/Resources/UnitySubsystems
[Subsystems] Discovering subsystems at path D:/Proyectos Unity/Proyecto-Diplomado/Proyecto diplomado/Assets
GfxDevice: creating device client; threaded=0; jobified=0
Direct3D:
    Version:  Direct3D 11.0 [level 11.1]
    Renderer: NVIDIA GeForce GTX 1050 Ti (ID=0x1c8c)
    Vendor:   NVIDIA
    VRAM:     4018 MB
    Driver:   31.0.15.1659
Initialize mono
Mono path[0] = 'C:/Program Files/Unity/Hub/Editor/2021.3.5f1/Editor/Data/Managed'
Mono path[1] = 'C:/Program Files/Unity/Hub/Editor/2021.3.5f1/Editor/Data/MonoBleedingEdge/lib/mono/unityjit-win32'
Mono config path = 'C:/Program Files/Unity/Hub/Editor/2021.3.5f1/Editor/Data/MonoBleedingEdge/etc'
Using monoOptions --debugger-agent=transport=dt_socket,embedding=1,server=y,suspend=n,address=127.0.0.1:56036
Begin MonoManager ReloadAssembly
Registering precompiled unity dll's ...
Register platform support module: C:/Program Files/Unity/Hub/Editor/2021.3.5f1/Editor/Data/PlaybackEngines/WindowsStandaloneSupport/UnityEditor.WindowsStandalone.Extensions.dll
Registered in 0.084021 seconds.
Native extension for WindowsStandalone target not found
Refreshing native plugins compatible for Editor in 336.12 ms, found 3 plugins.
Preloading 0 native plugins for Editor in 0.00 ms.
Mono: successfully reloaded assembly
- Completed reload, in  2.391 seconds
Domain Reload Profiling:
	ReloadAssembly (2393ms)
		BeginReloadAssembly (414ms)
			ExecutionOrderSort (0ms)
			DisableScriptedObjects (0ms)
			BackupInstance (0ms)
			ReleaseScriptingObjects (0ms)
			CreateAndSetChildDomain (2ms)
		EndReloadAssembly (1437ms)
			LoadAssemblies (382ms)
			RebuildTransferFunctionScriptingTraits (0ms)
			SetupTypeCache (324ms)
			ReleaseScriptCaches (0ms)
			RebuildScriptCaches (78ms)
			SetupLoadedEditorAssemblies (834ms)
				LogAssemblyErrors (0ms)
				InitializePlatformSupportModulesInManaged (40ms)
				SetLoadedEditorAssemblies (0ms)
				RefreshPlugins (336ms)
				BeforeProcessingInitializeOnLoad (5ms)
				ProcessInitializeOnLoadAttributes (335ms)
				ProcessInitializeOnLoadMethodAttributes (118ms)
				AfterProcessingInitializeOnLoad (0ms)
				EditorAssembliesLoaded (0ms)
			ExecutionOrderSort2 (0ms)
			AwakeInstancesAfterBackupRestoration (0ms)
Platform modules already initialized, skipping
Registering precompiled user dll's ...
Registered in 0.051047 seconds.
Begin MonoManager ReloadAssembly
Symbol file LoadedFromMemory doesn't match image D:\Proyectos Unity\Proyecto-Diplomado\Proyecto diplomado\Library\PackageCache\com.unity.visualscripting@1.7.8\Editor\VisualScripting.Core\Dependencies\YamlDotNet\Unity.VisualScripting.YamlDotNet.dll
Symbol file LoadedFromMemory doesn't match image D:\Proyectos Unity\Proyecto-Diplomado\Proyecto diplomado\Library\PackageCache\com.unity.visualscripting@1.7.8\Editor\VisualScripting.Core\Dependencies\DotNetZip\Unity.VisualScripting.IonicZip.dll
Native extension for WindowsStandalone target not found
Refreshing native plugins compatible for Editor in 238.16 ms, found 3 plugins.
Preloading 0 native plugins for Editor in 0.00 ms.
Mono: successfully reloaded assembly
- Completed reload, in  5.539 seconds
Domain Reload Profiling:
	ReloadAssembly (5540ms)
		BeginReloadAssembly (251ms)
			ExecutionOrderSort (0ms)
			DisableScriptedObjects (7ms)
			BackupInstance (0ms)
			ReleaseScriptingObjects (0ms)
			CreateAndSetChildDomain (34ms)
		EndReloadAssembly (4892ms)
			LoadAssemblies (2063ms)
			RebuildTransferFunctionScriptingTraits (0ms)
			SetupTypeCache (629ms)
			ReleaseScriptCaches (1ms)
			RebuildScriptCaches (143ms)
			SetupLoadedEditorAssemblies (1919ms)
				LogAssemblyErrors (0ms)
				InitializePlatformSupportModulesInManaged (32ms)
				SetLoadedEditorAssemblies (0ms)
				RefreshPlugins (238ms)
				BeforeProcessingInitializeOnLoad (335ms)
				ProcessInitializeOnLoadAttributes (1050ms)
				ProcessInitializeOnLoadMethodAttributes (185ms)
				AfterProcessingInitializeOnLoad (79ms)
				EditorAssembliesLoaded (0ms)
			ExecutionOrderSort2 (0ms)
			AwakeInstancesAfterBackupRestoration (15ms)
Platform modules already initialized, skipping
========================================================================
Worker process is ready to serve import requests
Launched and connected shader compiler UnityShaderCompiler.exe after 0.24 seconds
Refreshing native plugins compatible for Editor in 1.35 ms, found 3 plugins.
Preloading 0 native plugins for Editor in 0.00 ms.
Unloading 5226 Unused Serialized files (Serialized files now loaded: 0)
Unloading 35 unused Assets / (0.6 MB). Loaded Objects now: 5698.
Memory consumption went from 216.4 MB to 215.7 MB.
Total: 6.036000 ms (FindLiveObjects: 0.612500 ms CreateObjectMapping: 0.571800 ms MarkObjects: 4.136700 ms  DeleteObjects: 0.713500 ms)

AssetImportParameters requested are different than current active one (requested -> active):
  custom:video-decoder-ogg-theora: a1e56fd34408186e4bbccfd4996cb3dc -> 
  custom:container-muxer-webm: aa71ff27fc2769a1b78a27578f13a17b -> 
  custom:container-demuxer-webm: 4f35f7cbe854078d1ac9338744f61a02 -> 
  custom:video-encoder-webm-vp8: eb34c28f22e8b96e1ab97ce403110664 -> 
  custom:audio-encoder-webm-vorbis: bf7c407c2cedff20999df2af8eb42d56 -> 
  custom:framework-win-MediaFoundation: 216162199b28c13a410421893ffa2e32 -> 
  custom:container-demuxer-ogg: 62fdf1f143b41e24485cea50d1cbac27 -> 
  custom:video-decoder-webm-vp8: 9c59270c3fd7afecdb556c50c9e8de78 -> 
  custom:audio-decoder-ogg-vorbis: bf7c407c2cedff20999df2af8eb42d56 -> 
========================================================================
Received Import Request.
  Time since last request: 729746.503283 seconds.
  path: Assets/Art/Materials/Wood_Herringbone_Tiles_003_normal.jpg
  artifactKey: Guid(61df0a55f9ddf8c458b1ad1d807cc65e) Importer(815301076,1909f56bfc062723c751e8b465ee728b)
Start importing Assets/Art/Materials/Wood_Herringbone_Tiles_003_normal.jpg using Guid(61df0a55f9ddf8c458b1ad1d807cc65e) Importer(815301076,1909f56bfc062723c751e8b465ee728b)  -> (artifact id: 'a564c3ed87960f088c05941a8b60ccfd') in 0.201030 seconds 
========================================================================
Received Import Request.
  Time since last request: 0.000039 seconds.
  path: Assets/Art/Materials/Wood_Herringbone_Tiles_003_height.png
  artifactKey: Guid(079ad525016d9e344bf68abc8069ac30) Importer(815301076,1909f56bfc062723c751e8b465ee728b)
Start importing Assets/Art/Materials/Wood_Herringbone_Tiles_003_height.png using Guid(079ad525016d9e344bf68abc8069ac30) Importer(815301076,1909f56bfc062723c751e8b465ee728b)  -> (artifact id: '1066f65ff3350475c0852d9dbbbe8c7e') in 0.039245 seconds 
========================================================================
Received Import Request.
  Time since last request: 267.300071 seconds.
  path: Assets/Art/Materials/round-pattern-wallpaper1_albedo.png
  artifactKey: Guid(1def7031fd246b94db0b92eb6fab1d5e) Importer(815301076,1909f56bfc062723c751e8b465ee728b)
Start importing Assets/Art/Materials/round-pattern-wallpaper1_albedo.png using Guid(1def7031fd246b94db0b92eb6fab1d5e) Importer(815301076,1909f56bfc062723c751e8b465ee728b)  -> (artifact id: 'b71d9e769d050994d2673e531c03d3ab') in 0.132685 seconds 
========================================================================
Received Import Request.
  Time since last request: 0.000032 seconds.
  path: Assets/Art/Materials/round-pattern-wallpaper1_normal-ogl.png
  artifactKey: Guid(49d2a10be406b11439765a161b25b474) Importer(815301076,1909f56bfc062723c751e8b465ee728b)
Start importing Assets/Art/Materials/round-pattern-wallpaper1_normal-ogl.png using Guid(49d2a10be406b11439765a161b25b474) Importer(815301076,1909f56bfc062723c751e8b465ee728b)  -> (artifact id: 'f520cec6d7bd608cd296f13de9170d10') in 0.038589 seconds 
========================================================================
Received Import Request.
  Time since last request: 64.133716 seconds.
  path: Assets/Art/Materials/Pared_9.mat
  artifactKey: Guid(ee83eb5a5de6ad641a18a840dedcde4b) Importer(815301076,1909f56bfc062723c751e8b465ee728b)
Start importing Assets/Art/Materials/Pared_9.mat using Guid(ee83eb5a5de6ad641a18a840dedcde4b) Importer(815301076,1909f56bfc062723c751e8b465ee728b)  -> (artifact id: '44477d8e539286a46e723a7e0efcd6e0') in 0.685200 seconds 
========================================================================
Received Import Request.
  Time since last request: 12.996078 seconds.
  path: Assets/Art/Materials/round-pattern-wallpaper1_normal-ogl.png
  artifactKey: Guid(49d2a10be406b11439765a161b25b474) Importer(815301076,1909f56bfc062723c751e8b465ee728b)
Start importing Assets/Art/Materials/round-pattern-wallpaper1_normal-ogl.png using Guid(49d2a10be406b11439765a161b25b474) Importer(815301076,1909f56bfc062723c751e8b465ee728b)  -> (artifact id: '17623317064fa5dec837f9faaccb61f5') in 0.065388 seconds 
========================================================================
Received Import Request.
  Time since last request: 931.271853 seconds.
  path: Assets/Art/Materials/Pared_9.mat
  artifactKey: Guid(ee83eb5a5de6ad641a18a840dedcde4b) Importer(815301076,1909f56bfc062723c751e8b465ee728b)
Start importing Assets/Art/Materials/Pared_9.mat using Guid(ee83eb5a5de6ad641a18a840dedcde4b) Importer(815301076,1909f56bfc062723c751e8b465ee728b)  -> (artifact id: '00a2ac501076d30049f81b1ef41d31a4') in 0.140811 seconds 
========================================================================
Received Import Request.
  Time since last request: 146.646275 seconds.
  path: Assets/Art/Materials/Pared_9.mat
  artifactKey: Guid(ee83eb5a5de6ad641a18a840dedcde4b) Importer(815301076,1909f56bfc062723c751e8b465ee728b)
Start importing Assets/Art/Materials/Pared_9.mat using Guid(ee83eb5a5de6ad641a18a840dedcde4b) Importer(815301076,1909f56bfc062723c751e8b465ee728b)  -> (artifact id: '2579355673763a991e1605e6e4beaef9') in 0.033849 seconds 
========================================================================
Received Import Request.
  Time since last request: 7492.239812 seconds.
  path: Assets/Art/Materials/Piso_2.mat
  artifactKey: Guid(e223d470244b7f2449540b6071fbdf31) Importer(815301076,1909f56bfc062723c751e8b465ee728b)
Start importing Assets/Art/Materials/Piso_2.mat using Guid(e223d470244b7f2449540b6071fbdf31) Importer(815301076,1909f56bfc062723c751e8b465ee728b)  -> (artifact id: 'ec2661c9906cbf0d6e5751eebabb5e23') in 0.317356 seconds 
========================================================================
Received Import Request.
  Time since last request: 4848.555792 seconds.
  path: Assets/Art/Materials/Pared_4 1.mat
  artifactKey: Guid(0389072aaa9e9ba42b1e9d1be8df2062) Importer(815301076,1909f56bfc062723c751e8b465ee728b)
Start importing Assets/Art/Materials/Pared_4 1.mat using Guid(0389072aaa9e9ba42b1e9d1be8df2062) Importer(815301076,1909f56bfc062723c751e8b465ee728b)  -> (artifact id: '14fd519c48a453a5279f75cbff27743a') in 0.173024 seconds 
========================================================================
Received Import Request.
  Time since last request: 52.711436 seconds.
  path: Assets/Archteria3D/ManorInteriorMegaPack/Bathroom_Pack/Textures/Toilet_Bath_Glass_AlbedoTransparency.tga
  artifactKey: Guid(529aba87b6aa66146b35fb1c4cb0acdb) Importer(815301076,1909f56bfc062723c751e8b465ee728b)
Start importing Assets/Archteria3D/ManorInteriorMegaPack/Bathroom_Pack/Textures/Toilet_Bath_Glass_AlbedoTransparency.tga using Guid(529aba87b6aa66146b35fb1c4cb0acdb) Importer(815301076,1909f56bfc062723c751e8b465ee728b)  -> (artifact id: 'ec3f10f109408603061315236f822ac1') in 0.123939 seconds 
========================================================================
Received Import Request.
  Time since last request: 0.000034 seconds.
  path: Assets/Archteria3D/ManorInteriorMegaPack/Bathroom_Pack/Textures/Toilet_Bath_Glass_Normal.tga
  artifactKey: Guid(85125a9133bc5fe46934f10a0ee8894b) Importer(815301076,1909f56bfc062723c751e8b465ee728b)
Start importing Assets/Archteria3D/ManorInteriorMegaPack/Bathroom_Pack/Textures/Toilet_Bath_Glass_Normal.tga using Guid(85125a9133bc5fe46934f10a0ee8894b) Importer(815301076,1909f56bfc062723c751e8b465ee728b)  -> (artifact id: '3e4ce91775b1414913766da38c4b57af') in 0.074126 seconds 
========================================================================
Received Import Request.
  Time since last request: 0.058646 seconds.
  path: Assets/Archteria3D/ManorInteriorMegaPack/Bathroom_Pack/Textures/Toilet_Bath_Probes_1_AO.tga
  artifactKey: Guid(25049adc2f7ca6a4cae58413caed2415) Importer(815301076,1909f56bfc062723c751e8b465ee728b)
Start importing Assets/Archteria3D/ManorInteriorMegaPack/Bathroom_Pack/Textures/Toilet_Bath_Probes_1_AO.tga using Guid(25049adc2f7ca6a4cae58413caed2415) Importer(815301076,1909f56bfc062723c751e8b465ee728b)  -> (artifact id: 'c18785a86950831a4715ba4d31d53057') in 0.354073 seconds 
========================================================================
Received Import Request.
  Time since last request: 0.000034 seconds.
  path: Assets/Archteria3D/ManorInteriorMegaPack/Bathroom_Pack/Textures/Toilet_Bath_Probes_1_AlbedoTransparency.tga
  artifactKey: Guid(52baf75c0f6c93349b48ec1458bfdf51) Importer(815301076,1909f56bfc062723c751e8b465ee728b)
Start importing Assets/Archteria3D/ManorInteriorMegaPack/Bathroom_Pack/Textures/Toilet_Bath_Probes_1_AlbedoTransparency.tga using Guid(52baf75c0f6c93349b48ec1458bfdf51) Importer(815301076,1909f56bfc062723c751e8b465ee728b)  -> (artifact id: '2d7d633de80c162d6f66d97bc7687daa') in 0.217042 seconds 
========================================================================
Received Import Request.
  Time since last request: 0.000075 seconds.
  path: Assets/Archteria3D/ManorInteriorMegaPack/Bathroom_Pack/Textures/Toilet_Bath_Probes_1_MetallicSmoothness.tga
  artifactKey: Guid(6ad3b690473727f47b59138ef400ae60) Importer(815301076,1909f56bfc062723c751e8b465ee728b)
Start importing Assets/Archteria3D/ManorInteriorMegaPack/Bathroom_Pack/Textures/Toilet_Bath_Probes_1_MetallicSmoothness.tga using Guid(6ad3b690473727f47b59138ef400ae60) Importer(815301076,1909f56bfc062723c751e8b465ee728b)  -> (artifact id: 'c13d5946cce6335f7d407769de84e6b9') in 0.179970 seconds 
========================================================================
Received Import Request.
  Time since last request: 0.000076 seconds.
  path: Assets/Archteria3D/ManorInteriorMegaPack/Bathroom_Pack/Textures/Toilet_Bath_Probes_2_AO.tga
  artifactKey: Guid(3335e99cf6bd0ea43b7fe5b247db1313) Importer(815301076,1909f56bfc062723c751e8b465ee728b)
Start importing Assets/Archteria3D/ManorInteriorMegaPack/Bathroom_Pack/Textures/Toilet_Bath_Probes_2_AO.tga using Guid(3335e99cf6bd0ea43b7fe5b247db1313) Importer(815301076,1909f56bfc062723c751e8b465ee728b)  -> (artifact id: 'c1aed2fea887a5dc206ff8906bcee044') in 0.211981 seconds 
========================================================================
Received Import Request.
  Time since last request: 0.000047 seconds.
  path: Assets/Archteria3D/ManorInteriorMegaPack/Bathroom_Pack/Textures/Toilet_Bath_Probes_2_Normal.tga
  artifactKey: Guid(ecb8b2e286fbb2d49aad789a09f9c0e7) Importer(815301076,1909f56bfc062723c751e8b465ee728b)
Start importing Assets/Archteria3D/ManorInteriorMegaPack/Bathroom_Pack/Textures/Toilet_Bath_Probes_2_Normal.tga using Guid(ecb8b2e286fbb2d49aad789a09f9c0e7) Importer(815301076,1909f56bfc062723c751e8b465ee728b)  -> (artifact id: '276552cd14b12a4045828b38b1b2fac7') in 0.140830 seconds 
========================================================================
Received Import Request.
  Time since last request: 0.000040 seconds.
  path: Assets/Archteria3D/ManorInteriorMegaPack/Bathroom_Pack/Textures/Toilet_Bath_Probes_4_AO.tga
  artifactKey: Guid(e5c5d01040a0083459efe3eee1d7d019) Importer(815301076,1909f56bfc062723c751e8b465ee728b)
Start importing Assets/Archteria3D/ManorInteriorMegaPack/Bathroom_Pack/Textures/Toilet_Bath_Probes_4_AO.tga using Guid(e5c5d01040a0083459efe3eee1d7d019) Importer(815301076,1909f56bfc062723c751e8b465ee728b)  -> (artifact id: 'c0b37348a9afa74a3b0ccc8ec85ff186') in 0.161507 seconds 
========================================================================
Received Import Request.
  Time since last request: 1.774190 seconds.
  path: Assets/Archteria3D/ManorInteriorMegaPack/Living_Room_Pack/Textures/Table_Group_1_Study_Desk_Mat_Normal.tga
  artifactKey: Guid(5dfc3b1eb8ce69f43b520f0a4f925d13) Importer(815301076,1909f56bfc062723c751e8b465ee728b)
Start importing Assets/Archteria3D/ManorInteriorMegaPack/Living_Room_Pack/Textures/Table_Group_1_Study_Desk_Mat_Normal.tga using Guid(5dfc3b1eb8ce69f43b520f0a4f925d13) Importer(815301076,1909f56bfc062723c751e8b465ee728b)  -> (artifact id: 'e64b6cb5284ed5d8c57a82a4d38683c9') in 0.181777 seconds 
========================================================================
Received Import Request.
  Time since last request: 1.241632 seconds.
  path: Assets/Archteria3D/ManorInteriorMegaPack/Bathroom_Pack/Textures/Bath_Suit_Sink_Mirror_Normal.tga
  artifactKey: Guid(49d4e1ccf53daee4a95a1c141480f4bf) Importer(815301076,1909f56bfc062723c751e8b465ee728b)
Start importing Assets/Archteria3D/ManorInteriorMegaPack/Bathroom_Pack/Textures/Bath_Suit_Sink_Mirror_Normal.tga using Guid(49d4e1ccf53daee4a95a1c141480f4bf) Importer(815301076,1909f56bfc062723c751e8b465ee728b)  -> (artifact id: 'f2d9c720d8a275a26667e5b2dd7ff59f') in 0.168052 seconds 
========================================================================
Received Import Request.
  Time since last request: 46.985214 seconds.
  path: Assets/Art/Materials/Piso_7.mat
  artifactKey: Guid(0389072aaa9e9ba42b1e9d1be8df2062) Importer(815301076,1909f56bfc062723c751e8b465ee728b)
Start importing Assets/Art/Materials/Piso_7.mat using Guid(0389072aaa9e9ba42b1e9d1be8df2062) Importer(815301076,1909f56bfc062723c751e8b465ee728b)  -> (artifact id: '5b938d368c2721fce949e867cedd82bc') in 0.027885 seconds 
========================================================================
Received Import Request.
  Time since last request: 934.206007 seconds.
  path: Assets/Art/Models/Mapa.prefab
  artifactKey: Guid(58aa744ee559e3849b02017f62bc8cb8) Importer(815301076,1909f56bfc062723c751e8b465ee728b)
Start importing Assets/Art/Models/Mapa.prefab using Guid(58aa744ee559e3849b02017f62bc8cb8) Importer(815301076,1909f56bfc062723c751e8b465ee728b)  -> (artifact id: 'e46bb8dc6d72a0b5b8eee7da3e56766a') in 1.698831 seconds 
========================================================================
Received Import Request.
  Time since last request: 0.000044 seconds.
  path: Assets/Art/Models/Prefabs/Pared_04.prefab
  artifactKey: Guid(6b84bf3db801d5c4bad338b20bdd5e36) Importer(815301076,1909f56bfc062723c751e8b465ee728b)
Start importing Assets/Art/Models/Prefabs/Pared_04.prefab using Guid(6b84bf3db801d5c4bad338b20bdd5e36) Importer(815301076,1909f56bfc062723c751e8b465ee728b)  -> (artifact id: '947c439d0fec507c34b523eb3bb9a464') in 0.041265 seconds 
========================================================================
Received Import Request.
  Time since last request: 0.000063 seconds.
  path: Assets/Art/Models/Prefabs/Pared_09.prefab
  artifactKey: Guid(6c7af102264a6834c9cc7cc9e9d3fdf0) Importer(815301076,1909f56bfc062723c751e8b465ee728b)
Start importing Assets/Art/Models/Prefabs/Pared_09.prefab using Guid(6c7af102264a6834c9cc7cc9e9d3fdf0) Importer(815301076,1909f56bfc062723c751e8b465ee728b)  -> (artifact id: 'f8126e0c2a7165d67b58342034027bf3') in 0.064961 seconds 
