Using pre-set license
Built from '2021.3/staging' branch; Version is '2021.3.5f1 (40eb3a945986) revision 4254522'; Using compiler version '192829333'; Build Type 'Release'
OS: 'Windows 10  (10.0.19044) 64bit Enterprise' Language: 'es' Physical Memory: 16250 MB
BatchMode: 1, IsHumanControllingUs: 0, StartBugReporterOnCrash: 0, Is64bit: 1, IsPro: 1

COMMAND LINE ARGUMENTS:
C:\Program Files\Unity\Hub\Editor\2021.3.5f1\Editor\Unity.exe
-adb2
-batchMode
-noUpm
-name
AssetImportWorker0
-projectPath
D:/Proyectos Unity/Proyecto-Diplomado/Proyecto diplomado
-logFile
Logs/AssetImportWorker0.log
-srvPort
52426
Successfully changed project path to: D:/Proyectos Unity/Proyecto-Diplomado/Proyecto diplomado
D:/Proyectos Unity/Proyecto-Diplomado/Proyecto diplomado
[UnityMemory] Configuration Parameters - Can be set up in boot.config
    "memorysetup-bucket-allocator-granularity=16"
    "memorysetup-bucket-allocator-bucket-count=8"
    "memorysetup-bucket-allocator-block-size=33554432"
    "memorysetup-bucket-allocator-block-count=8"
    "memorysetup-main-allocator-block-size=16777216"
    "memorysetup-thread-allocator-block-size=16777216"
    "memorysetup-gfx-main-allocator-block-size=16777216"
    "memorysetup-gfx-thread-allocator-block-size=16777216"
    "memorysetup-cache-allocator-block-size=4194304"
    "memorysetup-typetree-allocator-block-size=2097152"
    "memorysetup-profiler-bucket-allocator-granularity=16"
    "memorysetup-profiler-bucket-allocator-bucket-count=8"
    "memorysetup-profiler-bucket-allocator-block-size=33554432"
    "memorysetup-profiler-bucket-allocator-block-count=8"
    "memorysetup-profiler-allocator-block-size=16777216"
    "memorysetup-profiler-editor-allocator-block-size=1048576"
    "memorysetup-temp-allocator-size-main=16777216"
    "memorysetup-job-temp-allocator-block-size=2097152"
    "memorysetup-job-temp-allocator-block-size-background=1048576"
    "memorysetup-job-temp-allocator-reduction-small-platforms=262144"
    "memorysetup-temp-allocator-size-background-worker=32768"
    "memorysetup-temp-allocator-size-job-worker=262144"
    "memorysetup-temp-allocator-size-preload-manager=33554432"
    "memorysetup-temp-allocator-size-nav-mesh-worker=65536"
    "memorysetup-temp-allocator-size-audio-worker=65536"
    "memorysetup-temp-allocator-size-cloud-worker=32768"
    "memorysetup-temp-allocator-size-gi-baking-worker=262144"
    "memorysetup-temp-allocator-size-gfx=262144"
Refreshing native plugins compatible for Editor in 329.62 ms, found 3 plugins.
Preloading 0 native plugins for Editor in 0.00 ms.
Initialize engine version: 2021.3.5f1 (40eb3a945986)
[Subsystems] Discovering subsystems at path C:/Program Files/Unity/Hub/Editor/2021.3.5f1/Editor/Data/Resources/UnitySubsystems
[Subsystems] Discovering subsystems at path D:/Proyectos Unity/Proyecto-Diplomado/Proyecto diplomado/Assets
GfxDevice: creating device client; threaded=0; jobified=0
Direct3D:
    Version:  Direct3D 11.0 [level 11.1]
    Renderer: NVIDIA GeForce GTX 1050 Ti (ID=0x1c8c)
    Vendor:   NVIDIA
    VRAM:     4018 MB
    Driver:   31.0.15.1694
Initialize mono
Mono path[0] = 'C:/Program Files/Unity/Hub/Editor/2021.3.5f1/Editor/Data/Managed'
Mono path[1] = 'C:/Program Files/Unity/Hub/Editor/2021.3.5f1/Editor/Data/MonoBleedingEdge/lib/mono/unityjit-win32'
Mono config path = 'C:/Program Files/Unity/Hub/Editor/2021.3.5f1/Editor/Data/MonoBleedingEdge/etc'
Using monoOptions --debugger-agent=transport=dt_socket,embedding=1,server=y,suspend=n,address=127.0.0.1:56572
Begin MonoManager ReloadAssembly
Registering precompiled unity dll's ...
Register platform support module: C:/Program Files/Unity/Hub/Editor/2021.3.5f1/Editor/Data/PlaybackEngines/WindowsStandaloneSupport/UnityEditor.WindowsStandalone.Extensions.dll
Registered in 0.064902 seconds.
Native extension for WindowsStandalone target not found
Refreshing native plugins compatible for Editor in 211.69 ms, found 3 plugins.
Preloading 0 native plugins for Editor in 0.00 ms.
Mono: successfully reloaded assembly
- Completed reload, in  1.478 seconds
Domain Reload Profiling:
	ReloadAssembly (1479ms)
		BeginReloadAssembly (199ms)
			ExecutionOrderSort (0ms)
			DisableScriptedObjects (0ms)
			BackupInstance (0ms)
			ReleaseScriptingObjects (0ms)
			CreateAndSetChildDomain (1ms)
		EndReloadAssembly (946ms)
			LoadAssemblies (181ms)
			RebuildTransferFunctionScriptingTraits (0ms)
			SetupTypeCache (178ms)
			ReleaseScriptCaches (0ms)
			RebuildScriptCaches (38ms)
			SetupLoadedEditorAssemblies (609ms)
				LogAssemblyErrors (0ms)
				InitializePlatformSupportModulesInManaged (23ms)
				SetLoadedEditorAssemblies (0ms)
				RefreshPlugins (212ms)
				BeforeProcessingInitializeOnLoad (2ms)
				ProcessInitializeOnLoadAttributes (246ms)
				ProcessInitializeOnLoadMethodAttributes (125ms)
				AfterProcessingInitializeOnLoad (0ms)
				EditorAssembliesLoaded (0ms)
			ExecutionOrderSort2 (0ms)
			AwakeInstancesAfterBackupRestoration (0ms)
Platform modules already initialized, skipping
Registering precompiled user dll's ...
Registered in 0.035554 seconds.
Begin MonoManager ReloadAssembly
Symbol file LoadedFromMemory doesn't match image D:\Proyectos Unity\Proyecto-Diplomado\Proyecto diplomado\Library\PackageCache\com.unity.visualscripting@1.7.8\Editor\VisualScripting.Core\Dependencies\YamlDotNet\Unity.VisualScripting.YamlDotNet.dll
Symbol file LoadedFromMemory doesn't match image D:\Proyectos Unity\Proyecto-Diplomado\Proyecto diplomado\Library\PackageCache\com.unity.visualscripting@1.7.8\Editor\VisualScripting.Core\Dependencies\DotNetZip\Unity.VisualScripting.IonicZip.dll
Native extension for WindowsStandalone target not found
Refreshing native plugins compatible for Editor in 198.02 ms, found 3 plugins.
Preloading 0 native plugins for Editor in 0.00 ms.
Mono: successfully reloaded assembly
- Completed reload, in  2.930 seconds
Domain Reload Profiling:
	ReloadAssembly (2932ms)
		BeginReloadAssembly (258ms)
			ExecutionOrderSort (0ms)
			DisableScriptedObjects (7ms)
			BackupInstance (0ms)
			ReleaseScriptingObjects (0ms)
			CreateAndSetChildDomain (28ms)
		EndReloadAssembly (2401ms)
			LoadAssemblies (276ms)
			RebuildTransferFunctionScriptingTraits (0ms)
			SetupTypeCache (487ms)
			ReleaseScriptCaches (1ms)
			RebuildScriptCaches (143ms)
			SetupLoadedEditorAssemblies (1452ms)
				LogAssemblyErrors (0ms)
				InitializePlatformSupportModulesInManaged (23ms)
				SetLoadedEditorAssemblies (0ms)
				RefreshPlugins (198ms)
				BeforeProcessingInitializeOnLoad (303ms)
				ProcessInitializeOnLoadAttributes (728ms)
				ProcessInitializeOnLoadMethodAttributes (144ms)
				AfterProcessingInitializeOnLoad (55ms)
				EditorAssembliesLoaded (0ms)
			ExecutionOrderSort2 (0ms)
			AwakeInstancesAfterBackupRestoration (11ms)
Platform modules already initialized, skipping
========================================================================
Worker process is ready to serve import requests
Launched and connected shader compiler UnityShaderCompiler.exe after 0.18 seconds
Refreshing native plugins compatible for Editor in 3.58 ms, found 3 plugins.
Preloading 0 native plugins for Editor in 0.00 ms.
Unloading 6150 Unused Serialized files (Serialized files now loaded: 0)
Unloading 52 unused Assets / (1.5 MB). Loaded Objects now: 6618.
Memory consumption went from 247.1 MB to 245.6 MB.
Total: 9.336700 ms (FindLiveObjects: 1.266700 ms CreateObjectMapping: 1.261100 ms MarkObjects: 5.878300 ms  DeleteObjects: 0.927500 ms)

AssetImportParameters requested are different than current active one (requested -> active):
  custom:video-decoder-ogg-theora: a1e56fd34408186e4bbccfd4996cb3dc -> 
  custom:container-muxer-webm: aa71ff27fc2769a1b78a27578f13a17b -> 
  custom:container-demuxer-webm: 4f35f7cbe854078d1ac9338744f61a02 -> 
  custom:video-encoder-webm-vp8: eb34c28f22e8b96e1ab97ce403110664 -> 
  custom:audio-encoder-webm-vorbis: bf7c407c2cedff20999df2af8eb42d56 -> 
  custom:framework-win-MediaFoundation: 216162199b28c13a410421893ffa2e32 -> 
  custom:container-demuxer-ogg: 62fdf1f143b41e24485cea50d1cbac27 -> 
  custom:video-decoder-webm-vp8: 9c59270c3fd7afecdb556c50c9e8de78 -> 
  custom:audio-decoder-ogg-vorbis: bf7c407c2cedff20999df2af8eb42d56 -> 
========================================================================
Received Import Request.
  Time since last request: 324063.044174 seconds.
  path: Assets/Scenes/Gameplay
  artifactKey: Guid(7cf22757a35145f488fe12b578a3d3eb) Importer(815301076,1909f56bfc062723c751e8b465ee728b)
Start importing Assets/Scenes/Gameplay using Guid(7cf22757a35145f488fe12b578a3d3eb) Importer(815301076,1909f56bfc062723c751e8b465ee728b)  -> (artifact id: '06f0e4a905123a167be387f57d8e3b2a') in 0.048114 seconds 
========================================================================
Received Import Request.
  Time since last request: 19.193563 seconds.
  path: Assets/Art/External Art
  artifactKey: Guid(7031f7e43be65fd47ae1ee0e1bdef55f) Importer(815301076,1909f56bfc062723c751e8b465ee728b)
Start importing Assets/Art/External Art using Guid(7031f7e43be65fd47ae1ee0e1bdef55f) Importer(815301076,1909f56bfc062723c751e8b465ee728b)  -> (artifact id: '728e7d02c02bf79c57f5fed0e658baea') in 0.010514 seconds 
========================================================================
Received Import Request.
  Time since last request: 9.649454 seconds.
  path: Assets/Art/External Art/Archteria3D/ManorInteriorMegaPack/Chandelier_Pack/Prefabs/Bar_Light.prefab
  artifactKey: Guid(6dcf70f796b053f4eb8e7e224584fcd5) Importer(815301076,1909f56bfc062723c751e8b465ee728b)
Start importing Assets/Art/External Art/Archteria3D/ManorInteriorMegaPack/Chandelier_Pack/Prefabs/Bar_Light.prefab using Guid(6dcf70f796b053f4eb8e7e224584fcd5) Importer(815301076,1909f56bfc062723c751e8b465ee728b)  -> (artifact id: '146793b5f0f2665c78369b74775a2a50') in 1.557355 seconds 
========================================================================
Received Import Request.
  Time since last request: 0.000060 seconds.
  path: Assets/Art/External Art/Archteria3D/ManorInteriorMegaPack/Chandelier_Pack/Prefabs/Chandelier_3.prefab
  artifactKey: Guid(98cd8480c197a9947a15d4bb75a96146) Importer(815301076,1909f56bfc062723c751e8b465ee728b)
Start importing Assets/Art/External Art/Archteria3D/ManorInteriorMegaPack/Chandelier_Pack/Prefabs/Chandelier_3.prefab using Guid(98cd8480c197a9947a15d4bb75a96146) Importer(815301076,1909f56bfc062723c751e8b465ee728b)  -> (artifact id: '643bdfc604f5b70d6d3e8b5947ac37b7') in 0.514987 seconds 
========================================================================
Received Import Request.
  Time since last request: 0.000056 seconds.
  path: Assets/Art/External Art/Archteria3D/ManorInteriorMegaPack/Chandelier_Pack/Prefabs/Lamp_Floor_1.prefab
  artifactKey: Guid(8fd1bbfb7aee5fc4f92bbc934fe145ac) Importer(815301076,1909f56bfc062723c751e8b465ee728b)
Start importing Assets/Art/External Art/Archteria3D/ManorInteriorMegaPack/Chandelier_Pack/Prefabs/Lamp_Floor_1.prefab using Guid(8fd1bbfb7aee5fc4f92bbc934fe145ac) Importer(815301076,1909f56bfc062723c751e8b465ee728b)  -> (artifact id: 'e6e2f1659a6bf172c734ea32c4c43a0d') in 0.157819 seconds 
========================================================================
Received Import Request.
  Time since last request: 0.000056 seconds.
  path: Assets/Art/External Art/Archteria3D/ManorInteriorMegaPack/Chandelier_Pack/Prefabs/Chandelier_6.prefab
  artifactKey: Guid(f25b2bc9683509a489a8ee620d232173) Importer(815301076,1909f56bfc062723c751e8b465ee728b)
Start importing Assets/Art/External Art/Archteria3D/ManorInteriorMegaPack/Chandelier_Pack/Prefabs/Chandelier_6.prefab using Guid(f25b2bc9683509a489a8ee620d232173) Importer(815301076,1909f56bfc062723c751e8b465ee728b)  -> (artifact id: '26353b61228970db69ec74a4209630af') in 0.449553 seconds 
========================================================================
Received Import Request.
  Time since last request: 0.000045 seconds.
  path: Assets/Art/External Art/Archteria3D/ManorInteriorMegaPack/Chandelier_Pack/Prefabs/Chandelier_5.prefab
  artifactKey: Guid(7492c57ba4a370a44ab2693b59bc1d91) Importer(815301076,1909f56bfc062723c751e8b465ee728b)
Start importing Assets/Art/External Art/Archteria3D/ManorInteriorMegaPack/Chandelier_Pack/Prefabs/Chandelier_5.prefab using Guid(7492c57ba4a370a44ab2693b59bc1d91) Importer(815301076,1909f56bfc062723c751e8b465ee728b)  -> (artifact id: '8d8040f255e9beca730a86f4d43fb298') in 0.136623 seconds 
========================================================================
Received Import Request.
  Time since last request: 0.000095 seconds.
  path: Assets/Art/External Art/Archteria3D/ManorInteriorMegaPack/Chandelier_Pack/Prefabs/Lamp_Table_1.prefab
  artifactKey: Guid(698ae719a50b47a4ea8ee409d945d589) Importer(815301076,1909f56bfc062723c751e8b465ee728b)
Start importing Assets/Art/External Art/Archteria3D/ManorInteriorMegaPack/Chandelier_Pack/Prefabs/Lamp_Table_1.prefab using Guid(698ae719a50b47a4ea8ee409d945d589) Importer(815301076,1909f56bfc062723c751e8b465ee728b)  -> (artifact id: '2fc4c0b60116d3c4adebef4bca34f7a3') in 0.208603 seconds 
========================================================================
Received Import Request.
  Time since last request: 0.000361 seconds.
  path: Assets/Art/External Art/Archteria3D/ManorInteriorMegaPack/Chandelier_Pack/Prefabs/Lamp_Wall_1.prefab
  artifactKey: Guid(08b8cddd10f4adb46962fa14eccec99f) Importer(815301076,1909f56bfc062723c751e8b465ee728b)
Start importing Assets/Art/External Art/Archteria3D/ManorInteriorMegaPack/Chandelier_Pack/Prefabs/Lamp_Wall_1.prefab using Guid(08b8cddd10f4adb46962fa14eccec99f) Importer(815301076,1909f56bfc062723c751e8b465ee728b)  -> (artifact id: '791a321997edcb46dd174bc9cbd7f207') in 0.124503 seconds 
========================================================================
Received Import Request.
  Time since last request: 9045.192597 seconds.
  path: Assets/Art/Materials/Alfombra.mat
  artifactKey: Guid(f3d6b3fc75c8d404496bb576caea3c97) Importer(815301076,1909f56bfc062723c751e8b465ee728b)
Start importing Assets/Art/Materials/Alfombra.mat using Guid(f3d6b3fc75c8d404496bb576caea3c97) Importer(815301076,1909f56bfc062723c751e8b465ee728b)  -> (artifact id: '6a4b85d8f980891d890e743033da8885') in 2.899592 seconds 
========================================================================
Received Import Request.
  Time since last request: 0.000074 seconds.
  path: Assets/Art/Materials/Foto.mat
  artifactKey: Guid(e041b5a989ca60c49945736f894336c2) Importer(815301076,1909f56bfc062723c751e8b465ee728b)
Start importing Assets/Art/Materials/Foto.mat using Guid(e041b5a989ca60c49945736f894336c2) Importer(815301076,1909f56bfc062723c751e8b465ee728b)  -> (artifact id: '26b504356d1c4e2cfbfdc6ee513d87dc') in 1.440093 seconds 
========================================================================
Received Import Request.
  Time since last request: 0.000052 seconds.
  path: Assets/Art/Materials/Engranaje.mat
  artifactKey: Guid(df9ebf7d69197d94487b0d7268d7f67e) Importer(815301076,1909f56bfc062723c751e8b465ee728b)
Start importing Assets/Art/Materials/Engranaje.mat using Guid(df9ebf7d69197d94487b0d7268d7f67e) Importer(815301076,1909f56bfc062723c751e8b465ee728b)  -> (artifact id: 'c4339d6c13a0dd5f57391b2bc0384dcf') in 1.394572 seconds 
========================================================================
Received Import Request.
  Time since last request: 0.000056 seconds.
  path: Assets/Art/Materials/Puzzle.mat
  artifactKey: Guid(3f2912a430434b348adbb2a5264fd5ae) Importer(815301076,1909f56bfc062723c751e8b465ee728b)
Start importing Assets/Art/Materials/Puzzle.mat using Guid(3f2912a430434b348adbb2a5264fd5ae) Importer(815301076,1909f56bfc062723c751e8b465ee728b)  -> (artifact id: '619bdc137b5bf248db7f497e64fd4250') in 1.968445 seconds 
========================================================================
Received Import Request.
  Time since last request: 0.000044 seconds.
  path: Assets/Art/Materials/Grillo.mat
  artifactKey: Guid(cbea33af6c6cc8b428ab845038239582) Importer(815301076,1909f56bfc062723c751e8b465ee728b)
Start importing Assets/Art/Materials/Grillo.mat using Guid(cbea33af6c6cc8b428ab845038239582) Importer(815301076,1909f56bfc062723c751e8b465ee728b)  -> (artifact id: '0ff88aeae155ad905aca040a4983a37e') in 0.505356 seconds 
========================================================================
Received Import Request.
  Time since last request: 0.000040 seconds.
  path: Assets/Art/Materials/Ventana.mat
  artifactKey: Guid(4a05a25a5cf584f40a32192dd5314ac0) Importer(815301076,1909f56bfc062723c751e8b465ee728b)
Start importing Assets/Art/Materials/Ventana.mat using Guid(4a05a25a5cf584f40a32192dd5314ac0) Importer(815301076,1909f56bfc062723c751e8b465ee728b)  -> (artifact id: '3eb8901b30da04acd7ea4b5811095e5a') in 1.158554 seconds 
========================================================================
Received Import Request.
  Time since last request: 0.000048 seconds.
  path: Assets/Art/Materials/Caja.mat
  artifactKey: Guid(a19d2862c34ace74087aa5776b8769c8) Importer(815301076,1909f56bfc062723c751e8b465ee728b)
Start importing Assets/Art/Materials/Caja.mat using Guid(a19d2862c34ace74087aa5776b8769c8) Importer(815301076,1909f56bfc062723c751e8b465ee728b)  -> (artifact id: 'ce3c7f1d1499b444d44df6efa33ddf09') in 1.073676 seconds 
