Using pre-set license
Built from '2021.3/staging' branch; Version is '2021.3.5f1 (40eb3a945986) revision 4254522'; Using compiler version '192829333'; Build Type 'Release'
OS: 'Windows 10  (10.0.19044) 64bit Enterprise' Language: 'es' Physical Memory: 16250 MB
BatchMode: 1, IsHumanControllingUs: 0, StartBugReporterOnCrash: 0, Is64bit: 1, IsPro: 1

COMMAND LINE ARGUMENTS:
C:\Program Files\Unity\Hub\Editor\2021.3.5f1\Editor\Unity.exe
-adb2
-batchMode
-noUpm
-name
AssetImportWorker35
-projectPath
D:/Proyectos Unity/Proyecto-Diplomado/Proyecto diplomado
-logFile
Logs/AssetImportWorker35.log
-srvPort
51045
Successfully changed project path to: D:/Proyectos Unity/Proyecto-Diplomado/Proyecto diplomado
D:/Proyectos Unity/Proyecto-Diplomado/Proyecto diplomado
[UnityMemory] Configuration Parameters - Can be set up in boot.config
    "memorysetup-bucket-allocator-granularity=16"
    "memorysetup-bucket-allocator-bucket-count=8"
    "memorysetup-bucket-allocator-block-size=33554432"
    "memorysetup-bucket-allocator-block-count=8"
    "memorysetup-main-allocator-block-size=16777216"
    "memorysetup-thread-allocator-block-size=16777216"
    "memorysetup-gfx-main-allocator-block-size=16777216"
    "memorysetup-gfx-thread-allocator-block-size=16777216"
    "memorysetup-cache-allocator-block-size=4194304"
    "memorysetup-typetree-allocator-block-size=2097152"
    "memorysetup-profiler-bucket-allocator-granularity=16"
    "memorysetup-profiler-bucket-allocator-bucket-count=8"
    "memorysetup-profiler-bucket-allocator-block-size=33554432"
    "memorysetup-profiler-bucket-allocator-block-count=8"
    "memorysetup-profiler-allocator-block-size=16777216"
    "memorysetup-profiler-editor-allocator-block-size=1048576"
    "memorysetup-temp-allocator-size-main=16777216"
    "memorysetup-job-temp-allocator-block-size=2097152"
    "memorysetup-job-temp-allocator-block-size-background=1048576"
    "memorysetup-job-temp-allocator-reduction-small-platforms=262144"
    "memorysetup-temp-allocator-size-background-worker=32768"
    "memorysetup-temp-allocator-size-job-worker=262144"
    "memorysetup-temp-allocator-size-preload-manager=33554432"
    "memorysetup-temp-allocator-size-nav-mesh-worker=65536"
    "memorysetup-temp-allocator-size-audio-worker=65536"
    "memorysetup-temp-allocator-size-cloud-worker=32768"
    "memorysetup-temp-allocator-size-gi-baking-worker=262144"
    "memorysetup-temp-allocator-size-gfx=262144"
Refreshing native plugins compatible for Editor in 187.83 ms, found 3 plugins.
Preloading 0 native plugins for Editor in 0.00 ms.
Initialize engine version: 2021.3.5f1 (40eb3a945986)
[Subsystems] Discovering subsystems at path C:/Program Files/Unity/Hub/Editor/2021.3.5f1/Editor/Data/Resources/UnitySubsystems
[Subsystems] Discovering subsystems at path D:/Proyectos Unity/Proyecto-Diplomado/Proyecto diplomado/Assets
GfxDevice: creating device client; threaded=0; jobified=0
Direct3D:
    Version:  Direct3D 11.0 [level 11.1]
    Renderer: NVIDIA GeForce GTX 1050 Ti (ID=0x1c8c)
    Vendor:   NVIDIA
    VRAM:     4018 MB
    Driver:   31.0.15.1659
Initialize mono
Mono path[0] = 'C:/Program Files/Unity/Hub/Editor/2021.3.5f1/Editor/Data/Managed'
Mono path[1] = 'C:/Program Files/Unity/Hub/Editor/2021.3.5f1/Editor/Data/MonoBleedingEdge/lib/mono/unityjit-win32'
Mono config path = 'C:/Program Files/Unity/Hub/Editor/2021.3.5f1/Editor/Data/MonoBleedingEdge/etc'
Using monoOptions --debugger-agent=transport=dt_socket,embedding=1,server=y,suspend=n,address=127.0.0.1:56348
Begin MonoManager ReloadAssembly
Registering precompiled unity dll's ...
Register platform support module: C:/Program Files/Unity/Hub/Editor/2021.3.5f1/Editor/Data/PlaybackEngines/WindowsStandaloneSupport/UnityEditor.WindowsStandalone.Extensions.dll
Registered in 0.043959 seconds.
Native extension for WindowsStandalone target not found
Refreshing native plugins compatible for Editor in 219.95 ms, found 3 plugins.
Preloading 0 native plugins for Editor in 0.00 ms.
Mono: successfully reloaded assembly
- Completed reload, in  1.407 seconds
Domain Reload Profiling:
	ReloadAssembly (1407ms)
		BeginReloadAssembly (296ms)
			ExecutionOrderSort (0ms)
			DisableScriptedObjects (0ms)
			BackupInstance (0ms)
			ReleaseScriptingObjects (0ms)
			CreateAndSetChildDomain (1ms)
		EndReloadAssembly (866ms)
			LoadAssemblies (284ms)
			RebuildTransferFunctionScriptingTraits (0ms)
			SetupTypeCache (137ms)
			ReleaseScriptCaches (0ms)
			RebuildScriptCaches (61ms)
			SetupLoadedEditorAssemblies (562ms)
				LogAssemblyErrors (0ms)
				InitializePlatformSupportModulesInManaged (22ms)
				SetLoadedEditorAssemblies (0ms)
				RefreshPlugins (220ms)
				BeforeProcessingInitializeOnLoad (3ms)
				ProcessInitializeOnLoadAttributes (256ms)
				ProcessInitializeOnLoadMethodAttributes (60ms)
				AfterProcessingInitializeOnLoad (0ms)
				EditorAssembliesLoaded (0ms)
			ExecutionOrderSort2 (0ms)
			AwakeInstancesAfterBackupRestoration (0ms)
Platform modules already initialized, skipping
Registering precompiled user dll's ...
Registered in 0.025160 seconds.
Begin MonoManager ReloadAssembly
Symbol file LoadedFromMemory doesn't match image D:\Proyectos Unity\Proyecto-Diplomado\Proyecto diplomado\Library\PackageCache\com.unity.visualscripting@1.7.8\Editor\VisualScripting.Core\Dependencies\YamlDotNet\Unity.VisualScripting.YamlDotNet.dll
Symbol file LoadedFromMemory doesn't match image D:\Proyectos Unity\Proyecto-Diplomado\Proyecto diplomado\Library\PackageCache\com.unity.visualscripting@1.7.8\Editor\VisualScripting.Core\Dependencies\DotNetZip\Unity.VisualScripting.IonicZip.dll
Native extension for WindowsStandalone target not found
Refreshing native plugins compatible for Editor in 440.67 ms, found 3 plugins.
Preloading 0 native plugins for Editor in 0.00 ms.
Mono: successfully reloaded assembly
- Completed reload, in  4.475 seconds
Domain Reload Profiling:
	ReloadAssembly (4477ms)
		BeginReloadAssembly (372ms)
			ExecutionOrderSort (0ms)
			DisableScriptedObjects (11ms)
			BackupInstance (0ms)
			ReleaseScriptingObjects (0ms)
			CreateAndSetChildDomain (32ms)
		EndReloadAssembly (3857ms)
			LoadAssemblies (352ms)
			RebuildTransferFunctionScriptingTraits (0ms)
			SetupTypeCache (584ms)
			ReleaseScriptCaches (1ms)
			RebuildScriptCaches (178ms)
			SetupLoadedEditorAssemblies (2713ms)
				LogAssemblyErrors (0ms)
				InitializePlatformSupportModulesInManaged (26ms)
				SetLoadedEditorAssemblies (1ms)
				RefreshPlugins (441ms)
				BeforeProcessingInitializeOnLoad (257ms)
				ProcessInitializeOnLoadAttributes (1707ms)
				ProcessInitializeOnLoadMethodAttributes (204ms)
				AfterProcessingInitializeOnLoad (77ms)
				EditorAssembliesLoaded (0ms)
			ExecutionOrderSort2 (0ms)
			AwakeInstancesAfterBackupRestoration (13ms)
Platform modules already initialized, skipping
========================================================================
Worker process is ready to serve import requests
Launched and connected shader compiler UnityShaderCompiler.exe after 0.14 seconds
Refreshing native plugins compatible for Editor in 1.92 ms, found 3 plugins.
Preloading 0 native plugins for Editor in 0.00 ms.
Unloading 5957 Unused Serialized files (Serialized files now loaded: 0)
Unloading 50 unused Assets / (1.5 MB). Loaded Objects now: 6426.
Memory consumption went from 241.9 MB to 240.5 MB.
Total: 8.113700 ms (FindLiveObjects: 0.742200 ms CreateObjectMapping: 0.685400 ms MarkObjects: 5.676900 ms  DeleteObjects: 0.994600 ms)

AssetImportParameters requested are different than current active one (requested -> active):
  custom:video-decoder-ogg-theora: a1e56fd34408186e4bbccfd4996cb3dc -> 
  custom:container-muxer-webm: aa71ff27fc2769a1b78a27578f13a17b -> 
  custom:container-demuxer-webm: 4f35f7cbe854078d1ac9338744f61a02 -> 
  custom:video-encoder-webm-vp8: eb34c28f22e8b96e1ab97ce403110664 -> 
  custom:audio-encoder-webm-vorbis: bf7c407c2cedff20999df2af8eb42d56 -> 
  custom:framework-win-MediaFoundation: 216162199b28c13a410421893ffa2e32 -> 
  custom:container-demuxer-ogg: 62fdf1f143b41e24485cea50d1cbac27 -> 
  custom:video-decoder-webm-vp8: 9c59270c3fd7afecdb556c50c9e8de78 -> 
  custom:audio-decoder-ogg-vorbis: bf7c407c2cedff20999df2af8eb42d56 -> 
========================================================================
Received Import Request.
  Time since last request: 170311.564340 seconds.
  path: Assets/Art/Models/Puzzle/Boxi_Engranaje_MetallicSmoothness.png
  artifactKey: Guid(33a005ee343420141975cddef7ee2857) Importer(815301076,1909f56bfc062723c751e8b465ee728b)
Start importing Assets/Art/Models/Puzzle/Boxi_Engranaje_MetallicSmoothness.png using Guid(33a005ee343420141975cddef7ee2857) Importer(815301076,1909f56bfc062723c751e8b465ee728b)  -> (artifact id: 'd0bf22f29bb04200f487b7dd5e8dc200') in 0.280932 seconds 
========================================================================
Received Import Request.
  Time since last request: 0.000032 seconds.
  path: Assets/Art/Models/Puzzle/Boxi_Caja_Emission.png
  artifactKey: Guid(59f15ec6f5c061645a30eeced4f09b31) Importer(815301076,1909f56bfc062723c751e8b465ee728b)
Start importing Assets/Art/Models/Puzzle/Boxi_Caja_Emission.png using Guid(59f15ec6f5c061645a30eeced4f09b31) Importer(815301076,1909f56bfc062723c751e8b465ee728b)  -> (artifact id: '098995bcee4a1a85085689dc1965ad24') in 0.197974 seconds 
========================================================================
Received Import Request.
  Time since last request: 0.000083 seconds.
  path: Assets/Art/Models/Puzzle
  artifactKey: Guid(2c6786037a3c9b34b847c825e327ce38) Importer(815301076,1909f56bfc062723c751e8b465ee728b)
Start importing Assets/Art/Models/Puzzle using Guid(2c6786037a3c9b34b847c825e327ce38) Importer(815301076,1909f56bfc062723c751e8b465ee728b)  -> (artifact id: '5aa0b08ec2d07b1a7a7a1125c7d63617') in 0.004756 seconds 
========================================================================
Received Import Request.
  Time since last request: 0.000029 seconds.
  path: Assets/Art/Models/Puzzle/Boxi_Engranaje_Emission.png
  artifactKey: Guid(9a27568bc37fbac4ca9adc85e0fcbcc2) Importer(815301076,1909f56bfc062723c751e8b465ee728b)
Start importing Assets/Art/Models/Puzzle/Boxi_Engranaje_Emission.png using Guid(9a27568bc37fbac4ca9adc85e0fcbcc2) Importer(815301076,1909f56bfc062723c751e8b465ee728b)  -> (artifact id: '567b585e2fb9cb5bd7abb7cb92bacbb5') in 0.254855 seconds 
========================================================================
Received Import Request.
  Time since last request: 0.000032 seconds.
  path: Assets/Art/Models/Puzzle/Boxi_Agarre_Normal.png
  artifactKey: Guid(e2878849251aeb64d944bc4a029f40c2) Importer(815301076,1909f56bfc062723c751e8b465ee728b)
Start importing Assets/Art/Models/Puzzle/Boxi_Agarre_Normal.png using Guid(e2878849251aeb64d944bc4a029f40c2) Importer(815301076,1909f56bfc062723c751e8b465ee728b)  -> (artifact id: 'e8ea13f39ee4ced894a42a6ed6215624') in 0.234965 seconds 
========================================================================
Received Import Request.
  Time since last request: 0.000038 seconds.
  path: Assets/Art/Models/Puzzle/Boxi_Caja_MetallicSmoothness.png
  artifactKey: Guid(abf3a7aec3074dc4385ff28231c32d2e) Importer(815301076,1909f56bfc062723c751e8b465ee728b)
Start importing Assets/Art/Models/Puzzle/Boxi_Caja_MetallicSmoothness.png using Guid(abf3a7aec3074dc4385ff28231c32d2e) Importer(815301076,1909f56bfc062723c751e8b465ee728b)  -> (artifact id: 'a6770c8579ef834e3f2c33ef40ecdc09') in 0.108437 seconds 
========================================================================
Received Import Request.
  Time since last request: 6.561491 seconds.
  path: Assets/Art/Models/Puzzle/Agarre.mat
  artifactKey: Guid(58b575d16bb420f4782a85042035e2a1) Importer(815301076,1909f56bfc062723c751e8b465ee728b)
Start importing Assets/Art/Models/Puzzle/Agarre.mat using Guid(58b575d16bb420f4782a85042035e2a1) Importer(815301076,1909f56bfc062723c751e8b465ee728b)  -> (artifact id: '30b4fcdd2912506aecd603671478100c') in 0.378029 seconds 
========================================================================
Received Import Request.
  Time since last request: 23.587953 seconds.
  path: Assets/Art/Models/Puzzle/Boxi_Agarre_Normal.png
  artifactKey: Guid(e2878849251aeb64d944bc4a029f40c2) Importer(815301076,1909f56bfc062723c751e8b465ee728b)
Start importing Assets/Art/Models/Puzzle/Boxi_Agarre_Normal.png using Guid(e2878849251aeb64d944bc4a029f40c2) Importer(815301076,1909f56bfc062723c751e8b465ee728b)  -> (artifact id: 'dbf4c206024ee7739a357d9e31842061') in 0.044530 seconds 
========================================================================
Received Import Request.
  Time since last request: 23.926326 seconds.
  path: Assets/Art/Models/Puzzle/Agarre.mat
  artifactKey: Guid(58b575d16bb420f4782a85042035e2a1) Importer(815301076,1909f56bfc062723c751e8b465ee728b)
Start importing Assets/Art/Models/Puzzle/Agarre.mat using Guid(58b575d16bb420f4782a85042035e2a1) Importer(815301076,1909f56bfc062723c751e8b465ee728b)  -> (artifact id: 'a7b971ea5f5ba0a436de6b9610be228b') in 0.046628 seconds 
========================================================================
Received Import Request.
  Time since last request: 15.229940 seconds.
  path: Assets/Art/Models/Puzzle/Boxi_Engranaje_Normal.png
  artifactKey: Guid(aa9b28a57e8a9784aafec5e9313e9c13) Importer(815301076,1909f56bfc062723c751e8b465ee728b)
Start importing Assets/Art/Models/Puzzle/Boxi_Engranaje_Normal.png using Guid(aa9b28a57e8a9784aafec5e9313e9c13) Importer(815301076,1909f56bfc062723c751e8b465ee728b)  -> (artifact id: '2faf164a3e2cdd7fc8cdadb139439cab') in 0.055706 seconds 
========================================================================
Received Import Request.
  Time since last request: 13.553883 seconds.
  path: Assets/Art/Models/Puzzle/Texturas
  artifactKey: Guid(8552f50a3850b1147babdb49911954b4) Importer(815301076,1909f56bfc062723c751e8b465ee728b)
Start importing Assets/Art/Models/Puzzle/Texturas using Guid(8552f50a3850b1147babdb49911954b4) Importer(815301076,1909f56bfc062723c751e8b465ee728b)  -> (artifact id: 'e54703212dc2b227feed83e5e4679c83') in 0.005174 seconds 
========================================================================
Received Import Request.
  Time since last request: 286.542322 seconds.
  path: Assets/Art/Models/Puzzle/Puzzle.fbx
  artifactKey: Guid(70f03e3fd939d1043af51a835a40c7af) Importer(815301076,1909f56bfc062723c751e8b465ee728b)
Start importing Assets/Art/Models/Puzzle/Puzzle.fbx using Guid(70f03e3fd939d1043af51a835a40c7af) Importer(815301076,1909f56bfc062723c751e8b465ee728b)  -> (artifact id: 'f6795c634e779ae892de63899db46aeb') in 0.068184 seconds 
========================================================================
Received Import Request.
  Time since last request: 107.158863 seconds.
  path: Assets/Art/Models/Puzzle/Puzzle_Puzle_AlbedoTransparency.png
  artifactKey: Guid(fb54001b72d139b48bb82b0de8a7b3fd) Importer(815301076,1909f56bfc062723c751e8b465ee728b)
Start importing Assets/Art/Models/Puzzle/Puzzle_Puzle_AlbedoTransparency.png using Guid(fb54001b72d139b48bb82b0de8a7b3fd) Importer(815301076,1909f56bfc062723c751e8b465ee728b)  -> (artifact id: '48de7d05f58a1bd9ff8a1d4afb97b945') in 0.041352 seconds 
========================================================================
Received Import Request.
  Time since last request: 0.000052 seconds.
  path: Assets/Art/Models/Puzzle/Puzzle_Puzle_Normal.png
  artifactKey: Guid(00aa376a90ca4f145beb6cdf9dda7e07) Importer(815301076,1909f56bfc062723c751e8b465ee728b)
Start importing Assets/Art/Models/Puzzle/Puzzle_Puzle_Normal.png using Guid(00aa376a90ca4f145beb6cdf9dda7e07) Importer(815301076,1909f56bfc062723c751e8b465ee728b)  -> (artifact id: 'f659a04de795d9604c56f40fcb7ae4c0') in 0.073498 seconds 
========================================================================
Received Import Request.
  Time since last request: 11.108329 seconds.
  path: Assets/Art/Models/Puzzle/Engranaje 1.mat
  artifactKey: Guid(3f2912a430434b348adbb2a5264fd5ae) Importer(815301076,1909f56bfc062723c751e8b465ee728b)
Start importing Assets/Art/Models/Puzzle/Engranaje 1.mat using Guid(3f2912a430434b348adbb2a5264fd5ae) Importer(815301076,1909f56bfc062723c751e8b465ee728b)  -> (artifact id: 'f04a9a28bfa8c92304e892a178ae1e2c') in 0.270037 seconds 
========================================================================
Received Import Request.
  Time since last request: 4.859720 seconds.
  path: Assets/Art/Models/Puzzle/Puzzle.mat
  artifactKey: Guid(3f2912a430434b348adbb2a5264fd5ae) Importer(815301076,1909f56bfc062723c751e8b465ee728b)
Start importing Assets/Art/Models/Puzzle/Puzzle.mat using Guid(3f2912a430434b348adbb2a5264fd5ae) Importer(815301076,1909f56bfc062723c751e8b465ee728b)  -> (artifact id: '7a971f6c498923ff184ec3848409fe50') in 0.621749 seconds 
========================================================================
Received Import Request.
  Time since last request: 17.724842 seconds.
  path: Assets/Art/Models/Puzzle/Puzzle_Puzle_Normal.png
  artifactKey: Guid(00aa376a90ca4f145beb6cdf9dda7e07) Importer(815301076,1909f56bfc062723c751e8b465ee728b)
Start importing Assets/Art/Models/Puzzle/Puzzle_Puzle_Normal.png using Guid(00aa376a90ca4f145beb6cdf9dda7e07) Importer(815301076,1909f56bfc062723c751e8b465ee728b)  -> (artifact id: 'b5bdbb2afea467279afc8e9b359ba18a') in 0.031891 seconds 
========================================================================
Received Import Request.
  Time since last request: 126.346853 seconds.
  path: Assets/Art/Models/Puzzle/Prefab
  artifactKey: Guid(f6256e1d57b3cc241a51205c41791f83) Importer(815301076,1909f56bfc062723c751e8b465ee728b)
Start importing Assets/Art/Models/Puzzle/Prefab using Guid(f6256e1d57b3cc241a51205c41791f83) Importer(815301076,1909f56bfc062723c751e8b465ee728b)  -> (artifact id: 'e38c3a47c1e6495d41e4b25b807a9146') in 0.005306 seconds 
========================================================================
Received Import Request.
  Time since last request: 4.433358 seconds.
  path: Assets/Art/Models/Puzzle/Prefab/Boxi.prefab
  artifactKey: Guid(aa75e8b9040a3f9418500e53f698f139) Importer(815301076,1909f56bfc062723c751e8b465ee728b)
Start importing Assets/Art/Models/Puzzle/Prefab/Boxi.prefab using Guid(aa75e8b9040a3f9418500e53f698f139) Importer(815301076,1909f56bfc062723c751e8b465ee728b)  -> (artifact id: '378c14a70c2e421a072a99f108e37fc7') in 0.103442 seconds 
========================================================================
Received Import Request.
  Time since last request: 45.967835 seconds.
  path: Assets/Art/Models/Puzzle/Prefab/Boxi 1.prefab
  artifactKey: Guid(69307d58290bb2644b21bdd93459eb5c) Importer(815301076,1909f56bfc062723c751e8b465ee728b)
Start importing Assets/Art/Models/Puzzle/Prefab/Boxi 1.prefab using Guid(69307d58290bb2644b21bdd93459eb5c) Importer(815301076,1909f56bfc062723c751e8b465ee728b)  -> (artifact id: 'c382683d278e408ee3a0304f7dc2cc45') in 0.088292 seconds 
========================================================================
Received Import Request.
  Time since last request: 179.493300 seconds.
  path: Assets/Art/Models/Puzzle/Boxi.fbx
  artifactKey: Guid(31552c251af66aa4099cbdb1a94ef7e7) Importer(815301076,1909f56bfc062723c751e8b465ee728b)
Start importing Assets/Art/Models/Puzzle/Boxi.fbx using Guid(31552c251af66aa4099cbdb1a94ef7e7) Importer(815301076,1909f56bfc062723c751e8b465ee728b)  -> (artifact id: '34b7de0d2747e6a87bbee26c967f1d02') in 0.167138 seconds 
========================================================================
Received Import Request.
  Time since last request: 514.079802 seconds.
  path: Assets/Art/Grillo.obj
  artifactKey: Guid(5f98fb9e8ec3ca64f954e24fcd323e1d) Importer(815301076,1909f56bfc062723c751e8b465ee728b)
Start importing Assets/Art/Grillo.obj using Guid(5f98fb9e8ec3ca64f954e24fcd323e1d) Importer(815301076,1909f56bfc062723c751e8b465ee728b)  -> (artifact id: '3a04bdc2d88549a39aeb932704fa1267') in 0.076287 seconds 
========================================================================
Received Import Request.
  Time since last request: 2.101858 seconds.
  path: Assets/Audio
  artifactKey: Guid(bb8ef64febc803c408c2ed01fa818caf) Importer(815301076,1909f56bfc062723c751e8b465ee728b)
Start importing Assets/Audio using Guid(bb8ef64febc803c408c2ed01fa818caf) Importer(815301076,1909f56bfc062723c751e8b465ee728b)  -> (artifact id: '2b2832949838ba1af2e7479d842b3d41') in 0.039651 seconds 
========================================================================
Received Import Request.
  Time since last request: 0.023158 seconds.
  path: Assets/Audio/ElSilbon_2.wav
  artifactKey: Guid(64579cf987d331f44822c1e3b45da967) Importer(815301076,1909f56bfc062723c751e8b465ee728b)
Start importing Assets/Audio/ElSilbon_2.wav using Guid(64579cf987d331f44822c1e3b45da967) Importer(815301076,1909f56bfc062723c751e8b465ee728b)  -> (artifact id: 'd226b6fd2e129836597979d944bb7096') in 0.086968 seconds 
========================================================================
Received Import Request.
  Time since last request: 5.883264 seconds.
  path: Assets/Audio/Grillo.wav
  artifactKey: Guid(23c0d16159d2b7a46810969b679987c7) Importer(815301076,1909f56bfc062723c751e8b465ee728b)
Start importing Assets/Audio/Grillo.wav using Guid(23c0d16159d2b7a46810969b679987c7) Importer(815301076,1909f56bfc062723c751e8b465ee728b)  -> (artifact id: 'b17310e8f55418513665134d4e2f92bc') in 0.021023 seconds 
========================================================================
Received Prepare
Registering precompiled user dll's ...
Registered in 0.024935 seconds.
Begin MonoManager ReloadAssembly
Symbol file LoadedFromMemory doesn't match image D:\Proyectos Unity\Proyecto-Diplomado\Proyecto diplomado\Library\PackageCache\com.unity.visualscripting@1.7.8\Editor\VisualScripting.Core\Dependencies\YamlDotNet\Unity.VisualScripting.YamlDotNet.dll
Symbol file LoadedFromMemory doesn't match image D:\Proyectos Unity\Proyecto-Diplomado\Proyecto diplomado\Library\PackageCache\com.unity.visualscripting@1.7.8\Editor\VisualScripting.Core\Dependencies\DotNetZip\Unity.VisualScripting.IonicZip.dll
Native extension for WindowsStandalone target not found
Refreshing native plugins compatible for Editor in 1.21 ms, found 3 plugins.
Preloading 0 native plugins for Editor in 0.00 ms.
Mono: successfully reloaded assembly
- Completed reload, in  2.682 seconds
Domain Reload Profiling:
	ReloadAssembly (2682ms)
		BeginReloadAssembly (315ms)
			ExecutionOrderSort (0ms)
			DisableScriptedObjects (12ms)
			BackupInstance (0ms)
			ReleaseScriptingObjects (0ms)
			CreateAndSetChildDomain (73ms)
		EndReloadAssembly (2122ms)
			LoadAssemblies (266ms)
			RebuildTransferFunctionScriptingTraits (0ms)
			SetupTypeCache (531ms)
			ReleaseScriptCaches (3ms)
			RebuildScriptCaches (103ms)
			SetupLoadedEditorAssemblies (1127ms)
				LogAssemblyErrors (0ms)
				InitializePlatformSupportModulesInManaged (32ms)
				SetLoadedEditorAssemblies (1ms)
				RefreshPlugins (1ms)
				BeforeProcessingInitializeOnLoad (218ms)
				ProcessInitializeOnLoadAttributes (686ms)
				ProcessInitializeOnLoadMethodAttributes (126ms)
				AfterProcessingInitializeOnLoad (62ms)
				EditorAssembliesLoaded (0ms)
			ExecutionOrderSort2 (0ms)
			AwakeInstancesAfterBackupRestoration (36ms)
Platform modules already initialized, skipping
Refreshing native plugins compatible for Editor in 8.84 ms, found 3 plugins.
Preloading 0 native plugins for Editor in 0.00 ms.
Unloading 5817 Unused Serialized files (Serialized files now loaded: 0)
Unloading 31 unused Assets / (1.4 MB). Loaded Objects now: 6540.
Memory consumption went from 240.2 MB to 238.7 MB.
Total: 5.262100 ms (FindLiveObjects: 0.543900 ms CreateObjectMapping: 0.495400 ms MarkObjects: 3.786500 ms  DeleteObjects: 0.434700 ms)

AssetImportParameters requested are different than current active one (requested -> active):
  custom:video-decoder-ogg-theora: a1e56fd34408186e4bbccfd4996cb3dc -> 
  custom:container-muxer-webm: aa71ff27fc2769a1b78a27578f13a17b -> 
  custom:container-demuxer-webm: 4f35f7cbe854078d1ac9338744f61a02 -> 
  custom:video-encoder-webm-vp8: eb34c28f22e8b96e1ab97ce403110664 -> 
  custom:audio-encoder-webm-vorbis: bf7c407c2cedff20999df2af8eb42d56 -> 
  custom:framework-win-MediaFoundation: 216162199b28c13a410421893ffa2e32 -> 
  custom:container-demuxer-ogg: 62fdf1f143b41e24485cea50d1cbac27 -> 
  custom:video-decoder-webm-vp8: 9c59270c3fd7afecdb556c50c9e8de78 -> 
  custom:audio-decoder-ogg-vorbis: bf7c407c2cedff20999df2af8eb42d56 -> 
========================================================================
Received Prepare
Registering precompiled user dll's ...
Registered in 0.030497 seconds.
Begin MonoManager ReloadAssembly
Symbol file LoadedFromMemory doesn't match image D:\Proyectos Unity\Proyecto-Diplomado\Proyecto diplomado\Library\PackageCache\com.unity.visualscripting@1.7.8\Editor\VisualScripting.Core\Dependencies\YamlDotNet\Unity.VisualScripting.YamlDotNet.dll
Symbol file LoadedFromMemory doesn't match image D:\Proyectos Unity\Proyecto-Diplomado\Proyecto diplomado\Library\PackageCache\com.unity.visualscripting@1.7.8\Editor\VisualScripting.Core\Dependencies\DotNetZip\Unity.VisualScripting.IonicZip.dll
Native extension for WindowsStandalone target not found
Refreshing native plugins compatible for Editor in 2.70 ms, found 3 plugins.
Preloading 0 native plugins for Editor in 0.00 ms.
Mono: successfully reloaded assembly
- Completed reload, in  2.715 seconds
Domain Reload Profiling:
	ReloadAssembly (2716ms)
		BeginReloadAssembly (342ms)
			ExecutionOrderSort (0ms)
			DisableScriptedObjects (7ms)
			BackupInstance (0ms)
			ReleaseScriptingObjects (0ms)
			CreateAndSetChildDomain (90ms)
		EndReloadAssembly (2121ms)
			LoadAssemblies (250ms)
			RebuildTransferFunctionScriptingTraits (0ms)
			SetupTypeCache (494ms)
			ReleaseScriptCaches (3ms)
			RebuildScriptCaches (139ms)
			SetupLoadedEditorAssemblies (1131ms)
				LogAssemblyErrors (0ms)
				InitializePlatformSupportModulesInManaged (36ms)
				SetLoadedEditorAssemblies (1ms)
				RefreshPlugins (3ms)
				BeforeProcessingInitializeOnLoad (230ms)
				ProcessInitializeOnLoadAttributes (651ms)
				ProcessInitializeOnLoadMethodAttributes (145ms)
				AfterProcessingInitializeOnLoad (64ms)
				EditorAssembliesLoaded (0ms)
			ExecutionOrderSort2 (0ms)
			AwakeInstancesAfterBackupRestoration (35ms)
Platform modules already initialized, skipping
Refreshing native plugins compatible for Editor in 5.20 ms, found 3 plugins.
Preloading 0 native plugins for Editor in 0.00 ms.
Unloading 5817 Unused Serialized files (Serialized files now loaded: 0)
Unloading 31 unused Assets / (1.4 MB). Loaded Objects now: 6555.
Memory consumption went from 240.1 MB to 238.7 MB.
Total: 8.846100 ms (FindLiveObjects: 0.670600 ms CreateObjectMapping: 0.770200 ms MarkObjects: 6.874700 ms  DeleteObjects: 0.529100 ms)

AssetImportParameters requested are different than current active one (requested -> active):
  custom:video-decoder-ogg-theora: a1e56fd34408186e4bbccfd4996cb3dc -> 
  custom:container-muxer-webm: aa71ff27fc2769a1b78a27578f13a17b -> 
  custom:container-demuxer-webm: 4f35f7cbe854078d1ac9338744f61a02 -> 
  custom:video-encoder-webm-vp8: eb34c28f22e8b96e1ab97ce403110664 -> 
  custom:audio-encoder-webm-vorbis: bf7c407c2cedff20999df2af8eb42d56 -> 
  custom:framework-win-MediaFoundation: 216162199b28c13a410421893ffa2e32 -> 
  custom:container-demuxer-ogg: 62fdf1f143b41e24485cea50d1cbac27 -> 
  custom:video-decoder-webm-vp8: 9c59270c3fd7afecdb556c50c9e8de78 -> 
  custom:audio-decoder-ogg-vorbis: bf7c407c2cedff20999df2af8eb42d56 -> 
========================================================================
Received Prepare
Registering precompiled user dll's ...
Registered in 0.025430 seconds.
Begin MonoManager ReloadAssembly
Symbol file LoadedFromMemory doesn't match image D:\Proyectos Unity\Proyecto-Diplomado\Proyecto diplomado\Library\PackageCache\com.unity.visualscripting@1.7.8\Editor\VisualScripting.Core\Dependencies\YamlDotNet\Unity.VisualScripting.YamlDotNet.dll
Symbol file LoadedFromMemory doesn't match image D:\Proyectos Unity\Proyecto-Diplomado\Proyecto diplomado\Library\PackageCache\com.unity.visualscripting@1.7.8\Editor\VisualScripting.Core\Dependencies\DotNetZip\Unity.VisualScripting.IonicZip.dll
Native extension for WindowsStandalone target not found
Refreshing native plugins compatible for Editor in 2.30 ms, found 3 plugins.
Preloading 0 native plugins for Editor in 0.00 ms.
Mono: successfully reloaded assembly
- Completed reload, in  4.003 seconds
Domain Reload Profiling:
	ReloadAssembly (4004ms)
		BeginReloadAssembly (408ms)
			ExecutionOrderSort (0ms)
			DisableScriptedObjects (11ms)
			BackupInstance (0ms)
			ReleaseScriptingObjects (0ms)
			CreateAndSetChildDomain (77ms)
		EndReloadAssembly (3238ms)
			LoadAssemblies (381ms)
			RebuildTransferFunctionScriptingTraits (0ms)
			SetupTypeCache (746ms)
			ReleaseScriptCaches (4ms)
			RebuildScriptCaches (218ms)
			SetupLoadedEditorAssemblies (1705ms)
				LogAssemblyErrors (0ms)
				InitializePlatformSupportModulesInManaged (60ms)
				SetLoadedEditorAssemblies (1ms)
				RefreshPlugins (2ms)
				BeforeProcessingInitializeOnLoad (314ms)
				ProcessInitializeOnLoadAttributes (1007ms)
				ProcessInitializeOnLoadMethodAttributes (242ms)
				AfterProcessingInitializeOnLoad (76ms)
				EditorAssembliesLoaded (0ms)
			ExecutionOrderSort2 (0ms)
			AwakeInstancesAfterBackupRestoration (52ms)
Platform modules already initialized, skipping
Refreshing native plugins compatible for Editor in 11.79 ms, found 3 plugins.
Preloading 0 native plugins for Editor in 0.00 ms.
Unloading 5817 Unused Serialized files (Serialized files now loaded: 0)
Unloading 31 unused Assets / (1.4 MB). Loaded Objects now: 6570.
Memory consumption went from 240.1 MB to 238.7 MB.
Total: 11.720400 ms (FindLiveObjects: 0.626800 ms CreateObjectMapping: 0.547900 ms MarkObjects: 9.698000 ms  DeleteObjects: 0.845400 ms)

AssetImportParameters requested are different than current active one (requested -> active):
  custom:video-decoder-ogg-theora: a1e56fd34408186e4bbccfd4996cb3dc -> 
  custom:container-muxer-webm: aa71ff27fc2769a1b78a27578f13a17b -> 
  custom:container-demuxer-webm: 4f35f7cbe854078d1ac9338744f61a02 -> 
  custom:video-encoder-webm-vp8: eb34c28f22e8b96e1ab97ce403110664 -> 
  custom:audio-encoder-webm-vorbis: bf7c407c2cedff20999df2af8eb42d56 -> 
  custom:framework-win-MediaFoundation: 216162199b28c13a410421893ffa2e32 -> 
  custom:container-demuxer-ogg: 62fdf1f143b41e24485cea50d1cbac27 -> 
  custom:video-decoder-webm-vp8: 9c59270c3fd7afecdb556c50c9e8de78 -> 
  custom:audio-decoder-ogg-vorbis: bf7c407c2cedff20999df2af8eb42d56 -> 
========================================================================
Received Import Request.
  Time since last request: 250.192839 seconds.
  path: Assets/Scenes/Main Menu.unity
  artifactKey: Guid(0ec19d0754c219c43bdbda762eb9aab7) Importer(815301076,1909f56bfc062723c751e8b465ee728b)
Start importing Assets/Scenes/Main Menu.unity using Guid(0ec19d0754c219c43bdbda762eb9aab7) Importer(815301076,1909f56bfc062723c751e8b465ee728b)  -> (artifact id: '724e4e6346752cca883d89fb6dc4b7b3') in 0.021977 seconds 
========================================================================
Received Prepare
Registering precompiled user dll's ...
Registered in 0.024690 seconds.
Begin MonoManager ReloadAssembly
Symbol file LoadedFromMemory doesn't match image D:\Proyectos Unity\Proyecto-Diplomado\Proyecto diplomado\Library\PackageCache\com.unity.visualscripting@1.7.8\Editor\VisualScripting.Core\Dependencies\YamlDotNet\Unity.VisualScripting.YamlDotNet.dll
Symbol file LoadedFromMemory doesn't match image D:\Proyectos Unity\Proyecto-Diplomado\Proyecto diplomado\Library\PackageCache\com.unity.visualscripting@1.7.8\Editor\VisualScripting.Core\Dependencies\DotNetZip\Unity.VisualScripting.IonicZip.dll
Native extension for WindowsStandalone target not found
Refreshing native plugins compatible for Editor in 3.76 ms, found 3 plugins.
Preloading 0 native plugins for Editor in 0.00 ms.
Mono: successfully reloaded assembly
- Completed reload, in  7.040 seconds
Domain Reload Profiling:
	ReloadAssembly (7042ms)
		BeginReloadAssembly (459ms)
			ExecutionOrderSort (0ms)
			DisableScriptedObjects (9ms)
			BackupInstance (0ms)
			ReleaseScriptingObjects (0ms)
			CreateAndSetChildDomain (134ms)
		EndReloadAssembly (6198ms)
			LoadAssemblies (370ms)
			RebuildTransferFunctionScriptingTraits (0ms)
			SetupTypeCache (1784ms)
			ReleaseScriptCaches (11ms)
			RebuildScriptCaches (385ms)
			SetupLoadedEditorAssemblies (3098ms)
				LogAssemblyErrors (0ms)
				InitializePlatformSupportModulesInManaged (85ms)
				SetLoadedEditorAssemblies (2ms)
				RefreshPlugins (5ms)
				BeforeProcessingInitializeOnLoad (951ms)
				ProcessInitializeOnLoadAttributes (1678ms)
				ProcessInitializeOnLoadMethodAttributes (275ms)
				AfterProcessingInitializeOnLoad (103ms)
				EditorAssembliesLoaded (1ms)
			ExecutionOrderSort2 (0ms)
			AwakeInstancesAfterBackupRestoration (70ms)
Platform modules already initialized, skipping
Refreshing native plugins compatible for Editor in 6.37 ms, found 3 plugins.
Preloading 0 native plugins for Editor in 0.00 ms.
Unloading 5817 Unused Serialized files (Serialized files now loaded: 0)
Unloading 31 unused Assets / (1.4 MB). Loaded Objects now: 6585.
Memory consumption went from 240.2 MB to 238.7 MB.
Total: 6.412200 ms (FindLiveObjects: 0.556100 ms CreateObjectMapping: 0.755500 ms MarkObjects: 4.596100 ms  DeleteObjects: 0.503000 ms)

AssetImportParameters requested are different than current active one (requested -> active):
  custom:video-decoder-ogg-theora: a1e56fd34408186e4bbccfd4996cb3dc -> 
  custom:container-muxer-webm: aa71ff27fc2769a1b78a27578f13a17b -> 
  custom:container-demuxer-webm: 4f35f7cbe854078d1ac9338744f61a02 -> 
  custom:video-encoder-webm-vp8: eb34c28f22e8b96e1ab97ce403110664 -> 
  custom:audio-encoder-webm-vorbis: bf7c407c2cedff20999df2af8eb42d56 -> 
  custom:framework-win-MediaFoundation: 216162199b28c13a410421893ffa2e32 -> 
  custom:container-demuxer-ogg: 62fdf1f143b41e24485cea50d1cbac27 -> 
  custom:video-decoder-webm-vp8: 9c59270c3fd7afecdb556c50c9e8de78 -> 
  custom:audio-decoder-ogg-vorbis: bf7c407c2cedff20999df2af8eb42d56 -> 
========================================================================
Received Import Request.
  Time since last request: 132.137975 seconds.
  path: Assets/Scripts
  artifactKey: Guid(e5cdc8f9a9971a144b31d5b9e04a76f3) Importer(815301076,1909f56bfc062723c751e8b465ee728b)
Start importing Assets/Scripts using Guid(e5cdc8f9a9971a144b31d5b9e04a76f3) Importer(815301076,1909f56bfc062723c751e8b465ee728b)  -> (artifact id: '90e0df049cdc7b2c46d328de72f2fff7') in 0.018603 seconds 
========================================================================
Received Import Request.
  Time since last request: 2.469916 seconds.
  path: Assets/Scripts/MainMenu.cs
  artifactKey: Guid(6a91a3dda4bca0945baefdcf34114636) Importer(815301076,1909f56bfc062723c751e8b465ee728b)
Start importing Assets/Scripts/MainMenu.cs using Guid(6a91a3dda4bca0945baefdcf34114636) Importer(815301076,1909f56bfc062723c751e8b465ee728b)  -> (artifact id: 'dfabfbea109505faa24999eebf0b0e21') in 0.162539 seconds 
========================================================================
Received Import Request.
  Time since last request: 162.705427 seconds.
  path: Assets/Scenes/Gameplay.unity
  artifactKey: Guid(a43f4edcfe596e940aa88b7596945fb7) Importer(815301076,1909f56bfc062723c751e8b465ee728b)
Start importing Assets/Scenes/Gameplay.unity using Guid(a43f4edcfe596e940aa88b7596945fb7) Importer(815301076,1909f56bfc062723c751e8b465ee728b)  -> (artifact id: 'f01e1463e4b8444eef4703bd10ff9f36') in 0.006430 seconds 
========================================================================
Received Import Request.
  Time since last request: 58.412841 seconds.
  path: Assets/Scripts/Settings.cs
  artifactKey: Guid(70515ddc039d8954e98d8cbc0a5fd83b) Importer(815301076,1909f56bfc062723c751e8b465ee728b)
Start importing Assets/Scripts/Settings.cs using Guid(70515ddc039d8954e98d8cbc0a5fd83b) Importer(815301076,1909f56bfc062723c751e8b465ee728b)  -> (artifact id: 'e52b73761bc2582a0a0bc3b24fce1e2f') in 0.007225 seconds 
========================================================================
Received Import Request.
  Time since last request: 30.752455 seconds.
  path: Assets/Scripts/Settings.cs
  artifactKey: Guid(70515ddc039d8954e98d8cbc0a5fd83b) Importer(815301076,1909f56bfc062723c751e8b465ee728b)
Start importing Assets/Scripts/Settings.cs using Guid(70515ddc039d8954e98d8cbc0a5fd83b) Importer(815301076,1909f56bfc062723c751e8b465ee728b)  -> (artifact id: '013b2acf74ca29f3db7bbd57860703be') in 0.005283 seconds 
========================================================================
Received Prepare
Registering precompiled user dll's ...
Registered in 0.068116 seconds.
