Using pre-set license
Built from '2021.3/staging' branch; Version is '2021.3.5f1 (40eb3a945986) revision 4254522'; Using compiler version '192829333'; Build Type 'Release'
OS: 'Windows 11  (10.0.22000) 64bit CoreSingleLanguage' Language: 'es' Physical Memory: 16238 MB
BatchMode: 1, IsHumanControllingUs: 0, StartBugReporterOnCrash: 0, Is64bit: 1, IsPro: 1

COMMAND LINE ARGUMENTS:
D:\2021.3.5f1\Editor\Unity.exe
-adb2
-batchMode
-noUpm
-name
AssetImportWorker6
-projectPath
D:/Users/EQUIPO/Documents/Unity/Proyecto-Diplomado/Proyecto diplomado
-logFile
Logs/AssetImportWorker6.log
-srvPort
64961
Successfully changed project path to: D:/Users/EQUIPO/Documents/Unity/Proyecto-Diplomado/Proyecto diplomado
D:/Users/EQUIPO/Documents/Unity/Proyecto-Diplomado/Proyecto diplomado
[UnityMemory] Configuration Parameters - Can be set up in boot.config
    "memorysetup-bucket-allocator-granularity=16"
    "memorysetup-bucket-allocator-bucket-count=8"
    "memorysetup-bucket-allocator-block-size=33554432"
    "memorysetup-bucket-allocator-block-count=8"
    "memorysetup-main-allocator-block-size=16777216"
    "memorysetup-thread-allocator-block-size=16777216"
    "memorysetup-gfx-main-allocator-block-size=16777216"
    "memorysetup-gfx-thread-allocator-block-size=16777216"
    "memorysetup-cache-allocator-block-size=4194304"
    "memorysetup-typetree-allocator-block-size=2097152"
    "memorysetup-profiler-bucket-allocator-granularity=16"
    "memorysetup-profiler-bucket-allocator-bucket-count=8"
    "memorysetup-profiler-bucket-allocator-block-size=33554432"
    "memorysetup-profiler-bucket-allocator-block-count=8"
    "memorysetup-profiler-allocator-block-size=16777216"
    "memorysetup-profiler-editor-allocator-block-size=1048576"
    "memorysetup-temp-allocator-size-main=16777216"
    "memorysetup-job-temp-allocator-block-size=2097152"
    "memorysetup-job-temp-allocator-block-size-background=1048576"
    "memorysetup-job-temp-allocator-reduction-small-platforms=262144"
    "memorysetup-temp-allocator-size-background-worker=32768"
    "memorysetup-temp-allocator-size-job-worker=262144"
    "memorysetup-temp-allocator-size-preload-manager=33554432"
    "memorysetup-temp-allocator-size-nav-mesh-worker=65536"
    "memorysetup-temp-allocator-size-audio-worker=65536"
    "memorysetup-temp-allocator-size-cloud-worker=32768"
    "memorysetup-temp-allocator-size-gi-baking-worker=262144"
    "memorysetup-temp-allocator-size-gfx=262144"
Refreshing native plugins compatible for Editor in 245.40 ms, found 3 plugins.
Preloading 0 native plugins for Editor in 0.00 ms.
Initialize engine version: 2021.3.5f1 (40eb3a945986)
[Subsystems] Discovering subsystems at path D:/2021.3.5f1/Editor/Data/Resources/UnitySubsystems
[Subsystems] Discovering subsystems at path D:/Users/EQUIPO/Documents/Unity/Proyecto-Diplomado/Proyecto diplomado/Assets
GfxDevice: creating device client; threaded=0; jobified=0
Direct3D:
    Version:  Direct3D 11.0 [level 11.1]
    Renderer: NVIDIA GeForce GTX 1050 (ID=0x1c8d)
    Vendor:   NVIDIA
    VRAM:     4021 MB
    Driver:   31.0.15.1659
Initialize mono
Mono path[0] = 'D:/2021.3.5f1/Editor/Data/Managed'
Mono path[1] = 'D:/2021.3.5f1/Editor/Data/MonoBleedingEdge/lib/mono/unityjit-win32'
Mono config path = 'D:/2021.3.5f1/Editor/Data/MonoBleedingEdge/etc'
Using monoOptions --debugger-agent=transport=dt_socket,embedding=1,server=y,suspend=n,address=127.0.0.1:56312
Begin MonoManager ReloadAssembly
Registering precompiled unity dll's ...
Register platform support module: D:/2021.3.5f1/Editor/Data/PlaybackEngines/WindowsStandaloneSupport/UnityEditor.WindowsStandalone.Extensions.dll
Registered in 0.019523 seconds.
Native extension for WindowsStandalone target not found
Refreshing native plugins compatible for Editor in 159.00 ms, found 3 plugins.
Preloading 0 native plugins for Editor in 0.00 ms.
Mono: successfully reloaded assembly
- Completed reload, in  1.172 seconds
Domain Reload Profiling:
	ReloadAssembly (1173ms)
		BeginReloadAssembly (183ms)
			ExecutionOrderSort (0ms)
			DisableScriptedObjects (0ms)
			BackupInstance (0ms)
			ReleaseScriptingObjects (0ms)
			CreateAndSetChildDomain (1ms)
		EndReloadAssembly (769ms)
			LoadAssemblies (172ms)
			RebuildTransferFunctionScriptingTraits (0ms)
			SetupTypeCache (151ms)
			ReleaseScriptCaches (0ms)
			RebuildScriptCaches (42ms)
			SetupLoadedEditorAssemblies (481ms)
				LogAssemblyErrors (0ms)
				InitializePlatformSupportModulesInManaged (13ms)
				SetLoadedEditorAssemblies (0ms)
				RefreshPlugins (159ms)
				BeforeProcessingInitializeOnLoad (1ms)
				ProcessInitializeOnLoadAttributes (214ms)
				ProcessInitializeOnLoadMethodAttributes (93ms)
				AfterProcessingInitializeOnLoad (0ms)
				EditorAssembliesLoaded (0ms)
			ExecutionOrderSort2 (0ms)
			AwakeInstancesAfterBackupRestoration (0ms)
Platform modules already initialized, skipping
Registering precompiled user dll's ...
Registered in 0.051205 seconds.
Begin MonoManager ReloadAssembly
Symbol file LoadedFromMemory doesn't match image D:\Users\EQUIPO\Documents\Unity\Proyecto-Diplomado\Proyecto diplomado\Library\PackageCache\com.unity.visualscripting@1.7.8\Editor\VisualScripting.Core\Dependencies\YamlDotNet\Unity.VisualScripting.YamlDotNet.dll
Symbol file LoadedFromMemory doesn't match image D:\Users\EQUIPO\Documents\Unity\Proyecto-Diplomado\Proyecto diplomado\Library\PackageCache\com.unity.visualscripting@1.7.8\Editor\VisualScripting.Core\Dependencies\DotNetZip\Unity.VisualScripting.IonicZip.dll
Native extension for WindowsStandalone target not found
Refreshing native plugins compatible for Editor in 211.26 ms, found 3 plugins.
Preloading 0 native plugins for Editor in 0.00 ms.
Mono: successfully reloaded assembly
- Completed reload, in  2.662 seconds
Domain Reload Profiling:
	ReloadAssembly (2663ms)
		BeginReloadAssembly (267ms)
			ExecutionOrderSort (0ms)
			DisableScriptedObjects (8ms)
			BackupInstance (0ms)
			ReleaseScriptingObjects (0ms)
			CreateAndSetChildDomain (28ms)
		EndReloadAssembly (2139ms)
			LoadAssemblies (306ms)
			RebuildTransferFunctionScriptingTraits (0ms)
			SetupTypeCache (438ms)
			ReleaseScriptCaches (1ms)
			RebuildScriptCaches (99ms)
			SetupLoadedEditorAssemblies (1270ms)
				LogAssemblyErrors (0ms)
				InitializePlatformSupportModulesInManaged (12ms)
				SetLoadedEditorAssemblies (0ms)
				RefreshPlugins (211ms)
				BeforeProcessingInitializeOnLoad (282ms)
				ProcessInitializeOnLoadAttributes (561ms)
				ProcessInitializeOnLoadMethodAttributes (158ms)
				AfterProcessingInitializeOnLoad (45ms)
				EditorAssembliesLoaded (0ms)
			ExecutionOrderSort2 (0ms)
			AwakeInstancesAfterBackupRestoration (16ms)
Platform modules already initialized, skipping
========================================================================
Worker process is ready to serve import requests
Launched and connected shader compiler UnityShaderCompiler.exe after 0.30 seconds
Refreshing native plugins compatible for Editor in 0.97 ms, found 3 plugins.
Preloading 0 native plugins for Editor in 0.00 ms.
Unloading 5049 Unused Serialized files (Serialized files now loaded: 0)
Unloading 36 unused Assets / (0.7 MB). Loaded Objects now: 5505.
Memory consumption went from 199.5 MB to 198.8 MB.
Total: 4.762300 ms (FindLiveObjects: 0.431200 ms CreateObjectMapping: 0.407700 ms MarkObjects: 3.608900 ms  DeleteObjects: 0.313400 ms)

AssetImportParameters requested are different than current active one (requested -> active):
  custom:video-decoder-ogg-theora: a1e56fd34408186e4bbccfd4996cb3dc -> 
  custom:container-muxer-webm: aa71ff27fc2769a1b78a27578f13a17b -> 
  custom:container-demuxer-webm: 4f35f7cbe854078d1ac9338744f61a02 -> 
  custom:video-encoder-webm-vp8: eb34c28f22e8b96e1ab97ce403110664 -> 
  custom:video-codec-MediaFoundation-h265: 746d11721c4dcdbdad8f713fa42b33f4 -> 
  custom:audio-encoder-webm-vorbis: bf7c407c2cedff20999df2af8eb42d56 -> 
  custom:framework-win-MediaFoundation: 216162199b28c13a410421893ffa2e32 -> 
  custom:container-demuxer-ogg: 62fdf1f143b41e24485cea50d1cbac27 -> 
  custom:video-decoder-webm-vp8: 9c59270c3fd7afecdb556c50c9e8de78 -> 
  custom:audio-decoder-ogg-vorbis: bf7c407c2cedff20999df2af8eb42d56 -> 
========================================================================
Received Import Request.
  Time since last request: 12412.223369 seconds.
  path: Assets/Archteria3D/ManorInteriorMegaPack/Living_Room_Pack/Prefabs/Bar_Cabinet.prefab
  artifactKey: Guid(4188d307855d5e843bb99d705c8bbdac) Importer(815301076,1909f56bfc062723c751e8b465ee728b)
Start importing Assets/Archteria3D/ManorInteriorMegaPack/Living_Room_Pack/Prefabs/Bar_Cabinet.prefab using Guid(4188d307855d5e843bb99d705c8bbdac) Importer(815301076,1909f56bfc062723c751e8b465ee728b)  -> (artifact id: '62280dcc4ca778d56e756d09e7522269') in 0.852798 seconds 
========================================================================
Received Import Request.
  Time since last request: 0.000059 seconds.
  path: Assets/Archteria3D/ManorInteriorMegaPack/Living_Room_Pack/Prefabs/Curtain_2.prefab
  artifactKey: Guid(db2298716be59064b8a056f081b1afdf) Importer(815301076,1909f56bfc062723c751e8b465ee728b)
Start importing Assets/Archteria3D/ManorInteriorMegaPack/Living_Room_Pack/Prefabs/Curtain_2.prefab using Guid(db2298716be59064b8a056f081b1afdf) Importer(815301076,1909f56bfc062723c751e8b465ee728b)  -> (artifact id: 'b736684556482f6a3657fbe48ccf7586') in 0.103833 seconds 
========================================================================
Received Import Request.
  Time since last request: 0.000042 seconds.
  path: Assets/Archteria3D/ManorInteriorMegaPack/Living_Room_Pack/Prefabs/Chair_Group_2.prefab
  artifactKey: Guid(d2e997d717e930241a7d3b0af9aab341) Importer(815301076,1909f56bfc062723c751e8b465ee728b)
Start importing Assets/Archteria3D/ManorInteriorMegaPack/Living_Room_Pack/Prefabs/Chair_Group_2.prefab using Guid(d2e997d717e930241a7d3b0af9aab341) Importer(815301076,1909f56bfc062723c751e8b465ee728b)  -> (artifact id: '3b11508fea281fdb35978bf276accfc6') in 0.076620 seconds 
========================================================================
Received Import Request.
  Time since last request: 0.000050 seconds.
  path: Assets/Archteria3D/ManorInteriorMegaPack/Living_Room_Pack/Prefabs/Cabinet_1.prefab
  artifactKey: Guid(42b337924eea87147b60cbca86fedc3f) Importer(815301076,1909f56bfc062723c751e8b465ee728b)
Start importing Assets/Archteria3D/ManorInteriorMegaPack/Living_Room_Pack/Prefabs/Cabinet_1.prefab using Guid(42b337924eea87147b60cbca86fedc3f) Importer(815301076,1909f56bfc062723c751e8b465ee728b)  -> (artifact id: 'ef89396f0d9b57829689638fd0bd1169') in 0.092931 seconds 
========================================================================
Received Import Request.
  Time since last request: 0.000108 seconds.
  path: Assets/Archteria3D/ManorInteriorMegaPack/Living_Room_Pack/Prefabs/Fish_Statue1.prefab
  artifactKey: Guid(4ef9c3f302494a34daecf16b530ff9a8) Importer(815301076,1909f56bfc062723c751e8b465ee728b)
Start importing Assets/Archteria3D/ManorInteriorMegaPack/Living_Room_Pack/Prefabs/Fish_Statue1.prefab using Guid(4ef9c3f302494a34daecf16b530ff9a8) Importer(815301076,1909f56bfc062723c751e8b465ee728b)  -> (artifact id: '65d1cf9233ca9cdeca7f8e244c624988') in 0.072045 seconds 
========================================================================
Received Import Request.
  Time since last request: 0.000043 seconds.
  path: Assets/Archteria3D/ManorInteriorMegaPack/Living_Room_Pack/Prefabs/Fireplace_Part_1.prefab
  artifactKey: Guid(bff060ee8be3ce945bf3bc2e9ab0a033) Importer(815301076,1909f56bfc062723c751e8b465ee728b)
Start importing Assets/Archteria3D/ManorInteriorMegaPack/Living_Room_Pack/Prefabs/Fireplace_Part_1.prefab using Guid(bff060ee8be3ce945bf3bc2e9ab0a033) Importer(815301076,1909f56bfc062723c751e8b465ee728b)  -> (artifact id: 'ce7293cf65d38bcad1498c588d42a148') in 0.074714 seconds 
========================================================================
Received Import Request.
  Time since last request: 0.000041 seconds.
  path: Assets/Archteria3D/ManorInteriorMegaPack/Living_Room_Pack/Prefabs/Fireplace_3.prefab
  artifactKey: Guid(7b05bf5454e69f94588b1f54fe8193a8) Importer(815301076,1909f56bfc062723c751e8b465ee728b)
Start importing Assets/Archteria3D/ManorInteriorMegaPack/Living_Room_Pack/Prefabs/Fireplace_3.prefab using Guid(7b05bf5454e69f94588b1f54fe8193a8) Importer(815301076,1909f56bfc062723c751e8b465ee728b)  -> (artifact id: '873afc5d6ee1e00c1df7c254e18783ad') in 0.075421 seconds 
========================================================================
Received Import Request.
  Time since last request: 0.000043 seconds.
  path: Assets/Archteria3D/ManorInteriorMegaPack/Living_Room_Pack/Prefabs/Cross_3.prefab
  artifactKey: Guid(543f3724bd4f2f347ba2f51e310b07e1) Importer(815301076,1909f56bfc062723c751e8b465ee728b)
Start importing Assets/Archteria3D/ManorInteriorMegaPack/Living_Room_Pack/Prefabs/Cross_3.prefab using Guid(543f3724bd4f2f347ba2f51e310b07e1) Importer(815301076,1909f56bfc062723c751e8b465ee728b)  -> (artifact id: '8f554dbe4e6f9e8549189292a7fe1f93') in 0.066718 seconds 
========================================================================
Received Import Request.
  Time since last request: 0.000046 seconds.
  path: Assets/Archteria3D/ManorInteriorMegaPack/Living_Room_Pack/Prefabs/Console_3.prefab
  artifactKey: Guid(e5834ad1de58e5a44b9be0fc4e8d7dc2) Importer(815301076,1909f56bfc062723c751e8b465ee728b)
Start importing Assets/Archteria3D/ManorInteriorMegaPack/Living_Room_Pack/Prefabs/Console_3.prefab using Guid(e5834ad1de58e5a44b9be0fc4e8d7dc2) Importer(815301076,1909f56bfc062723c751e8b465ee728b)  -> (artifact id: '798ce4314d589a7598f81f07bc279806') in 0.069009 seconds 
========================================================================
Received Import Request.
  Time since last request: 0.000057 seconds.
  path: Assets/Archteria3D/ManorInteriorMegaPack/Living_Room_Pack/Prefabs/Billiards_Table_Cabinet.prefab
  artifactKey: Guid(a53de0d86b6f7304cb885f2571c6c61a) Importer(815301076,1909f56bfc062723c751e8b465ee728b)
Start importing Assets/Archteria3D/ManorInteriorMegaPack/Living_Room_Pack/Prefabs/Billiards_Table_Cabinet.prefab using Guid(a53de0d86b6f7304cb885f2571c6c61a) Importer(815301076,1909f56bfc062723c751e8b465ee728b)  -> (artifact id: '68e9bce742f562675017120f81bf878f') in 0.067421 seconds 
========================================================================
Received Import Request.
  Time since last request: 0.000039 seconds.
  path: Assets/Archteria3D/ManorInteriorMegaPack/Living_Room_Pack/Prefabs/Fireplace_4.prefab
  artifactKey: Guid(873e74826789d494e81195c985081a47) Importer(815301076,1909f56bfc062723c751e8b465ee728b)
Start importing Assets/Archteria3D/ManorInteriorMegaPack/Living_Room_Pack/Prefabs/Fireplace_4.prefab using Guid(873e74826789d494e81195c985081a47) Importer(815301076,1909f56bfc062723c751e8b465ee728b)  -> (artifact id: 'de4eceaa834bb31a191090d1eec29ba0') in 0.094707 seconds 
========================================================================
Received Import Request.
  Time since last request: 0.000054 seconds.
  path: Assets/Archteria3D/ManorInteriorMegaPack/Living_Room_Pack/Prefabs/Console_1.prefab
  artifactKey: Guid(ddee693efd80cbc46af5c9b98bea57cf) Importer(815301076,1909f56bfc062723c751e8b465ee728b)
Start importing Assets/Archteria3D/ManorInteriorMegaPack/Living_Room_Pack/Prefabs/Console_1.prefab using Guid(ddee693efd80cbc46af5c9b98bea57cf) Importer(815301076,1909f56bfc062723c751e8b465ee728b)  -> (artifact id: '3831b669b4109e046e5d25d5e0dc1b27') in 0.067866 seconds 
========================================================================
Received Import Request.
  Time since last request: 0.000044 seconds.
  path: Assets/Archteria3D/ManorInteriorMegaPack/Living_Room_Pack/Prefabs/Fireplace_2.prefab
  artifactKey: Guid(51338d9b9ff88214c9d0a044ed4ec298) Importer(815301076,1909f56bfc062723c751e8b465ee728b)
Start importing Assets/Archteria3D/ManorInteriorMegaPack/Living_Room_Pack/Prefabs/Fireplace_2.prefab using Guid(51338d9b9ff88214c9d0a044ed4ec298) Importer(815301076,1909f56bfc062723c751e8b465ee728b)  -> (artifact id: '4066718e45b7635de0238227473d5cc5') in 0.063409 seconds 
========================================================================
Received Import Request.
  Time since last request: 0.000055 seconds.
  path: Assets/Archteria3D/ManorInteriorMegaPack/Living_Room_Pack/Prefabs/Console_2.prefab
  artifactKey: Guid(2b21e7c4fb61b834cb8fa2d9a153744a) Importer(815301076,1909f56bfc062723c751e8b465ee728b)
Start importing Assets/Archteria3D/ManorInteriorMegaPack/Living_Room_Pack/Prefabs/Console_2.prefab using Guid(2b21e7c4fb61b834cb8fa2d9a153744a) Importer(815301076,1909f56bfc062723c751e8b465ee728b)  -> (artifact id: 'a036dce7c30951c994c00874b15d691e') in 0.083941 seconds 
========================================================================
Received Import Request.
  Time since last request: 0.000034 seconds.
  path: Assets/Archteria3D/ManorInteriorMegaPack/Living_Room_Pack/Prefabs/Cabinet_3.prefab
  artifactKey: Guid(788f5de18d87fa04eab24d082cf0f588) Importer(815301076,1909f56bfc062723c751e8b465ee728b)
Start importing Assets/Archteria3D/ManorInteriorMegaPack/Living_Room_Pack/Prefabs/Cabinet_3.prefab using Guid(788f5de18d87fa04eab24d082cf0f588) Importer(815301076,1909f56bfc062723c751e8b465ee728b)  -> (artifact id: '4044f86ba75c7f99f3b9550706dbfec9') in 0.087322 seconds 
========================================================================
Received Import Request.
  Time since last request: 0.000063 seconds.
  path: Assets/Archteria3D/ManorInteriorMegaPack/Living_Room_Pack/Prefabs/Fireplace_Part_2.prefab
  artifactKey: Guid(22494038659e21043a5485454f717cd0) Importer(815301076,1909f56bfc062723c751e8b465ee728b)
Start importing Assets/Archteria3D/ManorInteriorMegaPack/Living_Room_Pack/Prefabs/Fireplace_Part_2.prefab using Guid(22494038659e21043a5485454f717cd0) Importer(815301076,1909f56bfc062723c751e8b465ee728b)  -> (artifact id: '8b9bf92e7221aedbaeb19f772848403c') in 0.076170 seconds 
========================================================================
Received Import Request.
  Time since last request: 0.000068 seconds.
  path: Assets/Archteria3D/ManorInteriorMegaPack/Living_Room_Pack/Prefabs/Desk_Clock.prefab
  artifactKey: Guid(0872f79afba0b8f44a028fbe46120ed8) Importer(815301076,1909f56bfc062723c751e8b465ee728b)
Start importing Assets/Archteria3D/ManorInteriorMegaPack/Living_Room_Pack/Prefabs/Desk_Clock.prefab using Guid(0872f79afba0b8f44a028fbe46120ed8) Importer(815301076,1909f56bfc062723c751e8b465ee728b)  -> (artifact id: 'f79b45b008d20904932cd3736a0b135e') in 0.076180 seconds 
========================================================================
Received Import Request.
  Time since last request: 0.000032 seconds.
  path: Assets/Archteria3D/ManorInteriorMegaPack/Living_Room_Pack/Prefabs/Drink_2.prefab
  artifactKey: Guid(3abd9affb1738d541a2e601bbdf28f2b) Importer(815301076,1909f56bfc062723c751e8b465ee728b)
Start importing Assets/Archteria3D/ManorInteriorMegaPack/Living_Room_Pack/Prefabs/Drink_2.prefab using Guid(3abd9affb1738d541a2e601bbdf28f2b) Importer(815301076,1909f56bfc062723c751e8b465ee728b)  -> (artifact id: '0382a45fe0729340a06cea7eb5700d13') in 0.098331 seconds 
========================================================================
Received Import Request.
  Time since last request: 0.000047 seconds.
  path: Assets/Archteria3D/ManorInteriorMegaPack/Living_Room_Pack/Prefabs/Gramophone.prefab
  artifactKey: Guid(af0af7bbed588a54d90192864ee01797) Importer(815301076,1909f56bfc062723c751e8b465ee728b)
Start importing Assets/Archteria3D/ManorInteriorMegaPack/Living_Room_Pack/Prefabs/Gramophone.prefab using Guid(af0af7bbed588a54d90192864ee01797) Importer(815301076,1909f56bfc062723c751e8b465ee728b)  -> (artifact id: '544d95bae97840db70452308af6a9748') in 0.065684 seconds 
========================================================================
Received Import Request.
  Time since last request: 0.000064 seconds.
  path: Assets/Archteria3D/ManorInteriorMegaPack/Living_Room_Pack/Prefabs/Candle_Holder.prefab
  artifactKey: Guid(4b3271ce9cb14494fb6efbb5247cc208) Importer(815301076,1909f56bfc062723c751e8b465ee728b)
Start importing Assets/Archteria3D/ManorInteriorMegaPack/Living_Room_Pack/Prefabs/Candle_Holder.prefab using Guid(4b3271ce9cb14494fb6efbb5247cc208) Importer(815301076,1909f56bfc062723c751e8b465ee728b)  -> (artifact id: 'd0d45d33e98cf023a8951d1fd6a1a7a1') in 0.071723 seconds 
========================================================================
Received Import Request.
  Time since last request: 0.000074 seconds.
  path: Assets/Archteria3D/ManorInteriorMegaPack/Living_Room_Pack/Prefabs/Candlestick_Single.prefab
  artifactKey: Guid(bd8123ae1b46ee646812f8b295183567) Importer(815301076,1909f56bfc062723c751e8b465ee728b)
Start importing Assets/Archteria3D/ManorInteriorMegaPack/Living_Room_Pack/Prefabs/Candlestick_Single.prefab using Guid(bd8123ae1b46ee646812f8b295183567) Importer(815301076,1909f56bfc062723c751e8b465ee728b)  -> (artifact id: 'a30c7d2914f14568a1e42bec0b7c8e69') in 0.063733 seconds 
========================================================================
Received Import Request.
  Time since last request: 157.175465 seconds.
  path: Assets/Archteria3D/ManorInteriorMegaPack/Living_Room_Pack/Prefabs/Cabinet_1.prefab
  artifactKey: Guid(42b337924eea87147b60cbca86fedc3f) Importer(815301076,1909f56bfc062723c751e8b465ee728b)
Start importing Assets/Archteria3D/ManorInteriorMegaPack/Living_Room_Pack/Prefabs/Cabinet_1.prefab using Guid(42b337924eea87147b60cbca86fedc3f) Importer(815301076,1909f56bfc062723c751e8b465ee728b)  -> (artifact id: '4a6776063961527a04ee3bb7787aad47') in 0.054271 seconds 
========================================================================
Received Import Request.
  Time since last request: 2.395186 seconds.
  path: Assets/Archteria3D/ManorInteriorMegaPack/Living_Room_Pack/Prefabs/Cabinet_1.prefab
  artifactKey: Guid(42b337924eea87147b60cbca86fedc3f) Importer(815301076,1909f56bfc062723c751e8b465ee728b)
Start importing Assets/Archteria3D/ManorInteriorMegaPack/Living_Room_Pack/Prefabs/Cabinet_1.prefab using Guid(42b337924eea87147b60cbca86fedc3f) Importer(815301076,1909f56bfc062723c751e8b465ee728b)  -> (artifact id: 'b1cc32b5bb7603b8cc679a8479cd220d') in 0.072839 seconds 
========================================================================
Received Import Request.
  Time since last request: 1.667561 seconds.
  path: Assets/Archteria3D/ManorInteriorMegaPack/Living_Room_Pack/Prefabs/Cabinet_1.prefab
  artifactKey: Guid(42b337924eea87147b60cbca86fedc3f) Importer(815301076,1909f56bfc062723c751e8b465ee728b)
Start importing Assets/Archteria3D/ManorInteriorMegaPack/Living_Room_Pack/Prefabs/Cabinet_1.prefab using Guid(42b337924eea87147b60cbca86fedc3f) Importer(815301076,1909f56bfc062723c751e8b465ee728b)  -> (artifact id: 'b83964bf2afea73bd98f1e9d3c3bc6c8') in 0.048832 seconds 
========================================================================
Received Import Request.
  Time since last request: 2.411873 seconds.
  path: Assets/Archteria3D/ManorInteriorMegaPack/Living_Room_Pack/Prefabs/Cabinet_1.prefab
  artifactKey: Guid(42b337924eea87147b60cbca86fedc3f) Importer(815301076,1909f56bfc062723c751e8b465ee728b)
Start importing Assets/Archteria3D/ManorInteriorMegaPack/Living_Room_Pack/Prefabs/Cabinet_1.prefab using Guid(42b337924eea87147b60cbca86fedc3f) Importer(815301076,1909f56bfc062723c751e8b465ee728b)  -> (artifact id: 'ec6b1342bc86f73de4fee059a37f3d94') in 0.050741 seconds 
========================================================================
Received Import Request.
  Time since last request: 9.209260 seconds.
  path: Assets/Archteria3D/ManorInteriorMegaPack/Living_Room_Pack/Prefabs/Cabinet_2.prefab
  artifactKey: Guid(6ab10af81e2b66c4a81d128fbc35fb66) Importer(815301076,1909f56bfc062723c751e8b465ee728b)
Start importing Assets/Archteria3D/ManorInteriorMegaPack/Living_Room_Pack/Prefabs/Cabinet_2.prefab using Guid(6ab10af81e2b66c4a81d128fbc35fb66) Importer(815301076,1909f56bfc062723c751e8b465ee728b)  -> (artifact id: '53303b4d1603708ddf8ee2bcb1dbdcd2') in 0.089003 seconds 
========================================================================
Received Import Request.
  Time since last request: 0.169425 seconds.
  path: Assets/Archteria3D/ManorInteriorMegaPack/Living_Room_Pack/Prefabs/Cabinet_2.prefab
  artifactKey: Guid(6ab10af81e2b66c4a81d128fbc35fb66) Importer(815301076,1909f56bfc062723c751e8b465ee728b)
Start importing Assets/Archteria3D/ManorInteriorMegaPack/Living_Room_Pack/Prefabs/Cabinet_2.prefab using Guid(6ab10af81e2b66c4a81d128fbc35fb66) Importer(815301076,1909f56bfc062723c751e8b465ee728b)  -> (artifact id: '031761760dd9f39ce4588929bdfca9c5') in 0.077436 seconds 
========================================================================
Received Import Request.
  Time since last request: 0.758563 seconds.
  path: Assets/Archteria3D/ManorInteriorMegaPack/Living_Room_Pack/Prefabs/Cabinet_2.prefab
  artifactKey: Guid(6ab10af81e2b66c4a81d128fbc35fb66) Importer(815301076,1909f56bfc062723c751e8b465ee728b)
Start importing Assets/Archteria3D/ManorInteriorMegaPack/Living_Room_Pack/Prefabs/Cabinet_2.prefab using Guid(6ab10af81e2b66c4a81d128fbc35fb66) Importer(815301076,1909f56bfc062723c751e8b465ee728b)  -> (artifact id: 'f12c2f2aa1a9827a3cdef1a7bec40fcd') in 0.083310 seconds 
========================================================================
Received Import Request.
  Time since last request: 21.454041 seconds.
  path: Assets/Archteria3D/ManorInteriorMegaPack/Living_Room_Pack/Prefabs/Cabinet_2.prefab
  artifactKey: Guid(6ab10af81e2b66c4a81d128fbc35fb66) Importer(815301076,1909f56bfc062723c751e8b465ee728b)
Start importing Assets/Archteria3D/ManorInteriorMegaPack/Living_Room_Pack/Prefabs/Cabinet_2.prefab using Guid(6ab10af81e2b66c4a81d128fbc35fb66) Importer(815301076,1909f56bfc062723c751e8b465ee728b)  -> (artifact id: 'fc56a08f51b8df53689077171ae89dfe') in 0.089751 seconds 
========================================================================
Received Import Request.
  Time since last request: 10.575246 seconds.
  path: Assets/Archteria3D/ManorInteriorMegaPack/Living_Room_Pack/Prefabs/Cabinet_2.prefab
  artifactKey: Guid(6ab10af81e2b66c4a81d128fbc35fb66) Importer(815301076,1909f56bfc062723c751e8b465ee728b)
Start importing Assets/Archteria3D/ManorInteriorMegaPack/Living_Room_Pack/Prefabs/Cabinet_2.prefab using Guid(6ab10af81e2b66c4a81d128fbc35fb66) Importer(815301076,1909f56bfc062723c751e8b465ee728b)  -> (artifact id: '6e21f9d0cd6dc4196a966c74d2e06965') in 0.079254 seconds 
========================================================================
Received Import Request.
  Time since last request: 19.845253 seconds.
  path: Assets/Archteria3D/ManorInteriorMegaPack/Living_Room_Pack/Prefabs/Cabinet_2.prefab
  artifactKey: Guid(6ab10af81e2b66c4a81d128fbc35fb66) Importer(815301076,1909f56bfc062723c751e8b465ee728b)
Start importing Assets/Archteria3D/ManorInteriorMegaPack/Living_Room_Pack/Prefabs/Cabinet_2.prefab using Guid(6ab10af81e2b66c4a81d128fbc35fb66) Importer(815301076,1909f56bfc062723c751e8b465ee728b)  -> (artifact id: '099de94228ee1e5fdb5f924061e93980') in 0.084172 seconds 
========================================================================
Received Import Request.
  Time since last request: 11.637162 seconds.
  path: Assets/Archteria3D/ManorInteriorMegaPack/Living_Room_Pack/Prefabs/Cabinet_2.prefab
  artifactKey: Guid(6ab10af81e2b66c4a81d128fbc35fb66) Importer(815301076,1909f56bfc062723c751e8b465ee728b)
Start importing Assets/Archteria3D/ManorInteriorMegaPack/Living_Room_Pack/Prefabs/Cabinet_2.prefab using Guid(6ab10af81e2b66c4a81d128fbc35fb66) Importer(815301076,1909f56bfc062723c751e8b465ee728b)  -> (artifact id: '3ba9b816cf016dd280ff1c581983c856') in 0.107629 seconds 
========================================================================
Received Import Request.
  Time since last request: 4.190794 seconds.
  path: Assets/Archteria3D/ManorInteriorMegaPack/Living_Room_Pack/Prefabs/Cabinet_2.prefab
  artifactKey: Guid(6ab10af81e2b66c4a81d128fbc35fb66) Importer(815301076,1909f56bfc062723c751e8b465ee728b)
Start importing Assets/Archteria3D/ManorInteriorMegaPack/Living_Room_Pack/Prefabs/Cabinet_2.prefab using Guid(6ab10af81e2b66c4a81d128fbc35fb66) Importer(815301076,1909f56bfc062723c751e8b465ee728b)  -> (artifact id: 'a84a4c52f975b0317a9daa47388d2ecb') in 0.080248 seconds 
========================================================================
Received Import Request.
  Time since last request: 19.543152 seconds.
  path: Assets/Archteria3D/ManorInteriorMegaPack/Living_Room_Pack/Prefabs/Console_1.prefab
  artifactKey: Guid(ddee693efd80cbc46af5c9b98bea57cf) Importer(815301076,1909f56bfc062723c751e8b465ee728b)
Start importing Assets/Archteria3D/ManorInteriorMegaPack/Living_Room_Pack/Prefabs/Console_1.prefab using Guid(ddee693efd80cbc46af5c9b98bea57cf) Importer(815301076,1909f56bfc062723c751e8b465ee728b)  -> (artifact id: '45b0e812b3b2d7bdcdcac4f25a261e17') in 0.044340 seconds 
========================================================================
Received Import Request.
  Time since last request: 1.267231 seconds.
  path: Assets/Archteria3D/ManorInteriorMegaPack/Living_Room_Pack/Prefabs/Console_1.prefab
  artifactKey: Guid(ddee693efd80cbc46af5c9b98bea57cf) Importer(815301076,1909f56bfc062723c751e8b465ee728b)
Start importing Assets/Archteria3D/ManorInteriorMegaPack/Living_Room_Pack/Prefabs/Console_1.prefab using Guid(ddee693efd80cbc46af5c9b98bea57cf) Importer(815301076,1909f56bfc062723c751e8b465ee728b)  -> (artifact id: '889e6bda25e6adb93e25470e9a8c5152') in 0.047318 seconds 
========================================================================
Received Import Request.
  Time since last request: 2.741884 seconds.
  path: Assets/Archteria3D/ManorInteriorMegaPack/Living_Room_Pack/Prefabs/Console_1.prefab
  artifactKey: Guid(ddee693efd80cbc46af5c9b98bea57cf) Importer(815301076,1909f56bfc062723c751e8b465ee728b)
Start importing Assets/Archteria3D/ManorInteriorMegaPack/Living_Room_Pack/Prefabs/Console_1.prefab using Guid(ddee693efd80cbc46af5c9b98bea57cf) Importer(815301076,1909f56bfc062723c751e8b465ee728b)  -> (artifact id: '2c408bc23216aa86e7f7265ef0532985') in 0.045706 seconds 
========================================================================
Received Import Request.
  Time since last request: 2.120955 seconds.
  path: Assets/Archteria3D/ManorInteriorMegaPack/Living_Room_Pack/Prefabs/Console_1.prefab
  artifactKey: Guid(ddee693efd80cbc46af5c9b98bea57cf) Importer(815301076,1909f56bfc062723c751e8b465ee728b)
Start importing Assets/Archteria3D/ManorInteriorMegaPack/Living_Room_Pack/Prefabs/Console_1.prefab using Guid(ddee693efd80cbc46af5c9b98bea57cf) Importer(815301076,1909f56bfc062723c751e8b465ee728b)  -> (artifact id: '139011382261900ec1e33f2a74679a02') in 0.045984 seconds 
========================================================================
Received Import Request.
  Time since last request: 6.384398 seconds.
  path: Assets/Archteria3D/ManorInteriorMegaPack/Living_Room_Pack/Prefabs/Console_2.prefab
  artifactKey: Guid(2b21e7c4fb61b834cb8fa2d9a153744a) Importer(815301076,1909f56bfc062723c751e8b465ee728b)
Start importing Assets/Archteria3D/ManorInteriorMegaPack/Living_Room_Pack/Prefabs/Console_2.prefab using Guid(2b21e7c4fb61b834cb8fa2d9a153744a) Importer(815301076,1909f56bfc062723c751e8b465ee728b)  -> (artifact id: 'ea5bb20d13625e311c1638c5260b18d1') in 0.050065 seconds 
========================================================================
Received Import Request.
  Time since last request: 1.310175 seconds.
  path: Assets/Archteria3D/ManorInteriorMegaPack/Living_Room_Pack/Prefabs/Console_2.prefab
  artifactKey: Guid(2b21e7c4fb61b834cb8fa2d9a153744a) Importer(815301076,1909f56bfc062723c751e8b465ee728b)
Start importing Assets/Archteria3D/ManorInteriorMegaPack/Living_Room_Pack/Prefabs/Console_2.prefab using Guid(2b21e7c4fb61b834cb8fa2d9a153744a) Importer(815301076,1909f56bfc062723c751e8b465ee728b)  -> (artifact id: '37eb5b907d74895eb4cc0d897a6b1835') in 0.046211 seconds 
========================================================================
Received Import Request.
  Time since last request: 2.215156 seconds.
  path: Assets/Archteria3D/ManorInteriorMegaPack/Living_Room_Pack/Prefabs/Console_2.prefab
  artifactKey: Guid(2b21e7c4fb61b834cb8fa2d9a153744a) Importer(815301076,1909f56bfc062723c751e8b465ee728b)
Start importing Assets/Archteria3D/ManorInteriorMegaPack/Living_Room_Pack/Prefabs/Console_2.prefab using Guid(2b21e7c4fb61b834cb8fa2d9a153744a) Importer(815301076,1909f56bfc062723c751e8b465ee728b)  -> (artifact id: '194e6d258422a816958d084b3914a6a4') in 0.048390 seconds 
========================================================================
Received Import Request.
  Time since last request: 5.472439 seconds.
  path: Assets/Archteria3D/ManorInteriorMegaPack/Living_Room_Pack/Prefabs/Console_3.prefab
  artifactKey: Guid(e5834ad1de58e5a44b9be0fc4e8d7dc2) Importer(815301076,1909f56bfc062723c751e8b465ee728b)
Start importing Assets/Archteria3D/ManorInteriorMegaPack/Living_Room_Pack/Prefabs/Console_3.prefab using Guid(e5834ad1de58e5a44b9be0fc4e8d7dc2) Importer(815301076,1909f56bfc062723c751e8b465ee728b)  -> (artifact id: '3ae222c2f281feb6e35577b297c46672') in 0.047536 seconds 
========================================================================
Received Import Request.
  Time since last request: 1.185035 seconds.
  path: Assets/Archteria3D/ManorInteriorMegaPack/Living_Room_Pack/Prefabs/Console_3.prefab
  artifactKey: Guid(e5834ad1de58e5a44b9be0fc4e8d7dc2) Importer(815301076,1909f56bfc062723c751e8b465ee728b)
Start importing Assets/Archteria3D/ManorInteriorMegaPack/Living_Room_Pack/Prefabs/Console_3.prefab using Guid(e5834ad1de58e5a44b9be0fc4e8d7dc2) Importer(815301076,1909f56bfc062723c751e8b465ee728b)  -> (artifact id: '3c460a80970f90ae0d838b41c12dba2d') in 0.046034 seconds 
========================================================================
Received Import Request.
  Time since last request: 1.331324 seconds.
  path: Assets/Archteria3D/ManorInteriorMegaPack/Living_Room_Pack/Prefabs/Console_3.prefab
  artifactKey: Guid(e5834ad1de58e5a44b9be0fc4e8d7dc2) Importer(815301076,1909f56bfc062723c751e8b465ee728b)
Start importing Assets/Archteria3D/ManorInteriorMegaPack/Living_Room_Pack/Prefabs/Console_3.prefab using Guid(e5834ad1de58e5a44b9be0fc4e8d7dc2) Importer(815301076,1909f56bfc062723c751e8b465ee728b)  -> (artifact id: '01f656a7763ec98422bf40c5d3ced7fe') in 0.051310 seconds 
========================================================================
Received Import Request.
  Time since last request: 12.886244 seconds.
  path: Assets/Archteria3D/ManorInteriorMegaPack/Living_Room_Pack/Prefabs/Console_5.prefab
  artifactKey: Guid(108dde06822c0bb4d8a90cef0373e35e) Importer(815301076,1909f56bfc062723c751e8b465ee728b)
Start importing Assets/Archteria3D/ManorInteriorMegaPack/Living_Room_Pack/Prefabs/Console_5.prefab using Guid(108dde06822c0bb4d8a90cef0373e35e) Importer(815301076,1909f56bfc062723c751e8b465ee728b)  -> (artifact id: '526868834990804b2c460969a7bf23bd') in 0.048492 seconds 
========================================================================
Received Import Request.
  Time since last request: 1.098070 seconds.
  path: Assets/Archteria3D/ManorInteriorMegaPack/Living_Room_Pack/Prefabs/Console_5.prefab
  artifactKey: Guid(108dde06822c0bb4d8a90cef0373e35e) Importer(815301076,1909f56bfc062723c751e8b465ee728b)
Start importing Assets/Archteria3D/ManorInteriorMegaPack/Living_Room_Pack/Prefabs/Console_5.prefab using Guid(108dde06822c0bb4d8a90cef0373e35e) Importer(815301076,1909f56bfc062723c751e8b465ee728b)  -> (artifact id: '484ff4cf7b2c9ab063ae030fe1838515') in 0.047648 seconds 
========================================================================
Received Import Request.
  Time since last request: 1.439924 seconds.
  path: Assets/Archteria3D/ManorInteriorMegaPack/Living_Room_Pack/Prefabs/Console_5.prefab
  artifactKey: Guid(108dde06822c0bb4d8a90cef0373e35e) Importer(815301076,1909f56bfc062723c751e8b465ee728b)
Start importing Assets/Archteria3D/ManorInteriorMegaPack/Living_Room_Pack/Prefabs/Console_5.prefab using Guid(108dde06822c0bb4d8a90cef0373e35e) Importer(815301076,1909f56bfc062723c751e8b465ee728b)  -> (artifact id: '726c7dffba429bd62575a2af3b649ccd') in 0.042359 seconds 
========================================================================
Received Import Request.
  Time since last request: 4.646135 seconds.
  path: Assets/Archteria3D/ManorInteriorMegaPack/Living_Room_Pack/Prefabs/Console_Gallery_1.prefab
  artifactKey: Guid(3ee2ede8c6c7e604fbd45b38a45dd612) Importer(815301076,1909f56bfc062723c751e8b465ee728b)
Start importing Assets/Archteria3D/ManorInteriorMegaPack/Living_Room_Pack/Prefabs/Console_Gallery_1.prefab using Guid(3ee2ede8c6c7e604fbd45b38a45dd612) Importer(815301076,1909f56bfc062723c751e8b465ee728b)  -> (artifact id: 'd5d4c62b3c9f7fc1a1970ce6bdf47544') in 0.048878 seconds 
========================================================================
Received Import Request.
  Time since last request: 1.262745 seconds.
  path: Assets/Archteria3D/ManorInteriorMegaPack/Living_Room_Pack/Prefabs/Console_Gallery_1.prefab
  artifactKey: Guid(3ee2ede8c6c7e604fbd45b38a45dd612) Importer(815301076,1909f56bfc062723c751e8b465ee728b)
Start importing Assets/Archteria3D/ManorInteriorMegaPack/Living_Room_Pack/Prefabs/Console_Gallery_1.prefab using Guid(3ee2ede8c6c7e604fbd45b38a45dd612) Importer(815301076,1909f56bfc062723c751e8b465ee728b)  -> (artifact id: 'fc615180067cf5c676536bc151be0b9f') in 0.050524 seconds 
========================================================================
Received Import Request.
  Time since last request: 1.226147 seconds.
  path: Assets/Archteria3D/ManorInteriorMegaPack/Living_Room_Pack/Prefabs/Console_Gallery_1.prefab
  artifactKey: Guid(3ee2ede8c6c7e604fbd45b38a45dd612) Importer(815301076,1909f56bfc062723c751e8b465ee728b)
Start importing Assets/Archteria3D/ManorInteriorMegaPack/Living_Room_Pack/Prefabs/Console_Gallery_1.prefab using Guid(3ee2ede8c6c7e604fbd45b38a45dd612) Importer(815301076,1909f56bfc062723c751e8b465ee728b)  -> (artifact id: '91ecfe5b52216e667058de6ec8f91918') in 0.049776 seconds 
========================================================================
Received Import Request.
  Time since last request: 12.786938 seconds.
  path: Assets/Archteria3D/ManorInteriorMegaPack/Living_Room_Pack/Prefabs/Grandfather_Clock.prefab
  artifactKey: Guid(300614f8c711f5f40b3c1f6ddfe03c5c) Importer(815301076,1909f56bfc062723c751e8b465ee728b)
Start importing Assets/Archteria3D/ManorInteriorMegaPack/Living_Room_Pack/Prefabs/Grandfather_Clock.prefab using Guid(300614f8c711f5f40b3c1f6ddfe03c5c) Importer(815301076,1909f56bfc062723c751e8b465ee728b)  -> (artifact id: '73d5e6b7b7a0b0a9aaa86cce45bf1d0c') in 0.085136 seconds 
========================================================================
Received Import Request.
  Time since last request: 0.000037 seconds.
  path: Assets/Archteria3D/ManorInteriorMegaPack/Living_Room_Pack/Prefabs/Iron_Box.prefab
  artifactKey: Guid(8377cde18fe31d44fafb5bc94fa497f3) Importer(815301076,1909f56bfc062723c751e8b465ee728b)
Start importing Assets/Archteria3D/ManorInteriorMegaPack/Living_Room_Pack/Prefabs/Iron_Box.prefab using Guid(8377cde18fe31d44fafb5bc94fa497f3) Importer(815301076,1909f56bfc062723c751e8b465ee728b)  -> (artifact id: 'd08c6694217cdc43a97813ee6bc599bf') in 0.067294 seconds 
========================================================================
Received Import Request.
  Time since last request: 0.000057 seconds.
  path: Assets/Archteria3D/ManorInteriorMegaPack/Living_Room_Pack/Prefabs/Scales.prefab
  artifactKey: Guid(8e5569c2e707c2346827a4528bc23e0c) Importer(815301076,1909f56bfc062723c751e8b465ee728b)
Start importing Assets/Archteria3D/ManorInteriorMegaPack/Living_Room_Pack/Prefabs/Scales.prefab using Guid(8e5569c2e707c2346827a4528bc23e0c) Importer(815301076,1909f56bfc062723c751e8b465ee728b)  -> (artifact id: '8d6c769653aeec935c9e14d5847602a0') in 0.066642 seconds 
========================================================================
Received Import Request.
  Time since last request: 0.000024 seconds.
  path: Assets/Archteria3D/ManorInteriorMegaPack/Living_Room_Pack/Prefabs/Mansion_Frame5.prefab
  artifactKey: Guid(0a2fbacb81ddcb44386f980fb5fdfcb2) Importer(815301076,1909f56bfc062723c751e8b465ee728b)
Start importing Assets/Archteria3D/ManorInteriorMegaPack/Living_Room_Pack/Prefabs/Mansion_Frame5.prefab using Guid(0a2fbacb81ddcb44386f980fb5fdfcb2) Importer(815301076,1909f56bfc062723c751e8b465ee728b)  -> (artifact id: 'cbdad546fe472e86a88612fbbdbd09df') in 0.077204 seconds 
========================================================================
Received Import Request.
  Time since last request: 0.000050 seconds.
  path: Assets/Archteria3D/ManorInteriorMegaPack/Living_Room_Pack/Prefabs/Radio_Old.prefab
  artifactKey: Guid(1301edfb40a05b447840d667ccebde1c) Importer(815301076,1909f56bfc062723c751e8b465ee728b)
Start importing Assets/Archteria3D/ManorInteriorMegaPack/Living_Room_Pack/Prefabs/Radio_Old.prefab using Guid(1301edfb40a05b447840d667ccebde1c) Importer(815301076,1909f56bfc062723c751e8b465ee728b)  -> (artifact id: '5be40faecdf5573e337377b834db311c') in 0.079324 seconds 
========================================================================
Received Import Request.
  Time since last request: 0.000047 seconds.
  path: Assets/Archteria3D/ManorInteriorMegaPack/Living_Room_Pack/Prefabs/Mansion_Frame_7.prefab
  artifactKey: Guid(7ac92247a8e6dc84a8d45a2739b83cb3) Importer(815301076,1909f56bfc062723c751e8b465ee728b)
Start importing Assets/Archteria3D/ManorInteriorMegaPack/Living_Room_Pack/Prefabs/Mansion_Frame_7.prefab using Guid(7ac92247a8e6dc84a8d45a2739b83cb3) Importer(815301076,1909f56bfc062723c751e8b465ee728b)  -> (artifact id: '213580895f803f937887f12449abffe6') in 0.073228 seconds 
========================================================================
Received Import Request.
  Time since last request: 0.000040 seconds.
  path: Assets/Archteria3D/ManorInteriorMegaPack/Living_Room_Pack/Prefabs/Kitchen_Probes_39.prefab
  artifactKey: Guid(59a1a5e78292641459b86b811ace734b) Importer(815301076,1909f56bfc062723c751e8b465ee728b)
Start importing Assets/Archteria3D/ManorInteriorMegaPack/Living_Room_Pack/Prefabs/Kitchen_Probes_39.prefab using Guid(59a1a5e78292641459b86b811ace734b) Importer(815301076,1909f56bfc062723c751e8b465ee728b)  -> (artifact id: '3ea66f01161fe214a5dc867b30eb117a') in 0.069616 seconds 
========================================================================
Received Import Request.
  Time since last request: 0.000042 seconds.
  path: Assets/Archteria3D/ManorInteriorMegaPack/Living_Room_Pack/Prefabs/Light_Swicth.prefab
  artifactKey: Guid(b82ea4b0532419c4faaee5ffb885325f) Importer(815301076,1909f56bfc062723c751e8b465ee728b)
Start importing Assets/Archteria3D/ManorInteriorMegaPack/Living_Room_Pack/Prefabs/Light_Swicth.prefab using Guid(b82ea4b0532419c4faaee5ffb885325f) Importer(815301076,1909f56bfc062723c751e8b465ee728b)  -> (artifact id: 'c6a00e993b733594b2526f0164d9b82d') in 0.081680 seconds 
========================================================================
Received Import Request.
  Time since last request: 0.000055 seconds.
  path: Assets/Archteria3D/ManorInteriorMegaPack/Living_Room_Pack/Prefabs/Kitchen_Probes_34.prefab
  artifactKey: Guid(14f20e21d2681c64799bcad802a15127) Importer(815301076,1909f56bfc062723c751e8b465ee728b)
Start importing Assets/Archteria3D/ManorInteriorMegaPack/Living_Room_Pack/Prefabs/Kitchen_Probes_34.prefab using Guid(14f20e21d2681c64799bcad802a15127) Importer(815301076,1909f56bfc062723c751e8b465ee728b)  -> (artifact id: 'cbc9e963b2ecab9ed569b28fc4caff4b') in 0.066364 seconds 
========================================================================
Received Import Request.
  Time since last request: 0.000055 seconds.
  path: Assets/Archteria3D/ManorInteriorMegaPack/Living_Room_Pack/Prefabs/Mansion_Frame4.prefab
  artifactKey: Guid(aac2ff8e715fc9842b9d3b521040f7cb) Importer(815301076,1909f56bfc062723c751e8b465ee728b)
Start importing Assets/Archteria3D/ManorInteriorMegaPack/Living_Room_Pack/Prefabs/Mansion_Frame4.prefab using Guid(aac2ff8e715fc9842b9d3b521040f7cb) Importer(815301076,1909f56bfc062723c751e8b465ee728b)  -> (artifact id: 'd39e04a3fa69f9ac430c505a49d4ecb0') in 0.103227 seconds 
========================================================================
Received Import Request.
  Time since last request: 0.000037 seconds.
  path: Assets/Archteria3D/ManorInteriorMegaPack/Living_Room_Pack/Prefabs/Mansion_Frame_8.prefab
  artifactKey: Guid(d8a76432a40402746be3e32a5da5f9b6) Importer(815301076,1909f56bfc062723c751e8b465ee728b)
Start importing Assets/Archteria3D/ManorInteriorMegaPack/Living_Room_Pack/Prefabs/Mansion_Frame_8.prefab using Guid(d8a76432a40402746be3e32a5da5f9b6) Importer(815301076,1909f56bfc062723c751e8b465ee728b)  -> (artifact id: '2bbb122fd4b40df53a516c34e7140ef0') in 0.100153 seconds 
========================================================================
Received Import Request.
  Time since last request: 0.000074 seconds.
  path: Assets/Archteria3D/ManorInteriorMegaPack/Living_Room_Pack/Prefabs/Sofa_1_1.prefab
  artifactKey: Guid(86f9fc5d0450adf4981860c4e5bb4956) Importer(815301076,1909f56bfc062723c751e8b465ee728b)
Start importing Assets/Archteria3D/ManorInteriorMegaPack/Living_Room_Pack/Prefabs/Sofa_1_1.prefab using Guid(86f9fc5d0450adf4981860c4e5bb4956) Importer(815301076,1909f56bfc062723c751e8b465ee728b)  -> (artifact id: 'f7dc82a0b1d64f201b3ca714805c0d09') in 0.065755 seconds 
========================================================================
Received Import Request.
  Time since last request: 1.668903 seconds.
  path: Assets/Archteria3D/ManorInteriorMegaPack/Living_Room_Pack/Prefabs/Sofa_1_2.prefab
  artifactKey: Guid(09ccab1ed3b41b24f82705d56f97dd0d) Importer(815301076,1909f56bfc062723c751e8b465ee728b)
Start importing Assets/Archteria3D/ManorInteriorMegaPack/Living_Room_Pack/Prefabs/Sofa_1_2.prefab using Guid(09ccab1ed3b41b24f82705d56f97dd0d) Importer(815301076,1909f56bfc062723c751e8b465ee728b)  -> (artifact id: '389b1f6622c2e88af92d0bf0b57293da') in 0.082796 seconds 
========================================================================
Received Import Request.
  Time since last request: 0.000031 seconds.
  path: Assets/Archteria3D/ManorInteriorMegaPack/Living_Room_Pack/Prefabs/Stand_4.prefab
  artifactKey: Guid(9ae62e58a01cc8b47ae842b711df1097) Importer(815301076,1909f56bfc062723c751e8b465ee728b)
Start importing Assets/Archteria3D/ManorInteriorMegaPack/Living_Room_Pack/Prefabs/Stand_4.prefab using Guid(9ae62e58a01cc8b47ae842b711df1097) Importer(815301076,1909f56bfc062723c751e8b465ee728b)  -> (artifact id: 'c36e21377a9c42b6719be2941c1fa8e6') in 0.091435 seconds 
========================================================================
Received Import Request.
  Time since last request: 0.000050 seconds.
  path: Assets/Archteria3D/ManorInteriorMegaPack/Living_Room_Pack/Prefabs/Sofa_4_1.prefab
  artifactKey: Guid(ecce34a1da6919942a566be105d12e70) Importer(815301076,1909f56bfc062723c751e8b465ee728b)
Start importing Assets/Archteria3D/ManorInteriorMegaPack/Living_Room_Pack/Prefabs/Sofa_4_1.prefab using Guid(ecce34a1da6919942a566be105d12e70) Importer(815301076,1909f56bfc062723c751e8b465ee728b)  -> (artifact id: 'eb30411493d756ed490e6bf5869a5f81') in 0.088806 seconds 
========================================================================
Received Import Request.
  Time since last request: 0.000028 seconds.
  path: Assets/Archteria3D/ManorInteriorMegaPack/Living_Room_Pack/Prefabs/Stand_1.prefab
  artifactKey: Guid(e3cce1dc75aa71448b6150e0c0a12eb7) Importer(815301076,1909f56bfc062723c751e8b465ee728b)
Start importing Assets/Archteria3D/ManorInteriorMegaPack/Living_Room_Pack/Prefabs/Stand_1.prefab using Guid(e3cce1dc75aa71448b6150e0c0a12eb7) Importer(815301076,1909f56bfc062723c751e8b465ee728b)  -> (artifact id: '5a442bd10066c5afd7946e16e4165dbf') in 0.076942 seconds 
========================================================================
Received Import Request.
  Time since last request: 0.000037 seconds.
  path: Assets/Archteria3D/ManorInteriorMegaPack/Living_Room_Pack/Prefabs/Stand_3.prefab
  artifactKey: Guid(9ea41ccaf19b15f45b8c9f50b0ba746e) Importer(815301076,1909f56bfc062723c751e8b465ee728b)
Start importing Assets/Archteria3D/ManorInteriorMegaPack/Living_Room_Pack/Prefabs/Stand_3.prefab using Guid(9ea41ccaf19b15f45b8c9f50b0ba746e) Importer(815301076,1909f56bfc062723c751e8b465ee728b)  -> (artifact id: '57ba409f50791c773753034bec280d7e') in 0.074283 seconds 
========================================================================
Received Import Request.
  Time since last request: 0.000037 seconds.
  path: Assets/Archteria3D/ManorInteriorMegaPack/Living_Room_Pack/Prefabs/Statue_1.prefab
  artifactKey: Guid(aa7baf29ad01b3b4fa839318b353fb52) Importer(815301076,1909f56bfc062723c751e8b465ee728b)
Start importing Assets/Archteria3D/ManorInteriorMegaPack/Living_Room_Pack/Prefabs/Statue_1.prefab using Guid(aa7baf29ad01b3b4fa839318b353fb52) Importer(815301076,1909f56bfc062723c751e8b465ee728b)  -> (artifact id: '7e3330fcb13911731e4009978662db7b') in 0.073602 seconds 
========================================================================
Received Import Request.
  Time since last request: 0.000075 seconds.
  path: Assets/Archteria3D/ManorInteriorMegaPack/Living_Room_Pack/Prefabs/Sofa_3.prefab
  artifactKey: Guid(4d7d63b0fd9919e4690511c055714e33) Importer(815301076,1909f56bfc062723c751e8b465ee728b)
Start importing Assets/Archteria3D/ManorInteriorMegaPack/Living_Room_Pack/Prefabs/Sofa_3.prefab using Guid(4d7d63b0fd9919e4690511c055714e33) Importer(815301076,1909f56bfc062723c751e8b465ee728b)  -> (artifact id: 'e9d07592685f60105fdd56bd5ca2df3a') in 0.073101 seconds 
========================================================================
Received Import Request.
  Time since last request: 0.000037 seconds.
  path: Assets/Archteria3D/ManorInteriorMegaPack/Living_Room_Pack/Prefabs/Sofa_2_3.prefab
  artifactKey: Guid(824d4eab8237e064b932fc0e3685f443) Importer(815301076,1909f56bfc062723c751e8b465ee728b)
Start importing Assets/Archteria3D/ManorInteriorMegaPack/Living_Room_Pack/Prefabs/Sofa_2_3.prefab using Guid(824d4eab8237e064b932fc0e3685f443) Importer(815301076,1909f56bfc062723c751e8b465ee728b)  -> (artifact id: '4a873db03ad2151c394d5b9b662e87fd') in 0.070727 seconds 
========================================================================
Received Import Request.
  Time since last request: 8.733432 seconds.
  path: Assets/Archteria3D/ManorInteriorMegaPack/Living_Room_Pack/Prefabs/Telephone_Old.prefab
  artifactKey: Guid(bcf6f650d77a83940b408aa1782e33d6) Importer(815301076,1909f56bfc062723c751e8b465ee728b)
Start importing Assets/Archteria3D/ManorInteriorMegaPack/Living_Room_Pack/Prefabs/Telephone_Old.prefab using Guid(bcf6f650d77a83940b408aa1782e33d6) Importer(815301076,1909f56bfc062723c751e8b465ee728b)  -> (artifact id: '2c17bef88e7eb3f08d4f0777451bfbb2') in 0.101451 seconds 
========================================================================
Received Import Request.
  Time since last request: 0.000039 seconds.
  path: Assets/Archteria3D/ManorInteriorMegaPack/Living_Room_Pack/Prefabs/Vase2.prefab
  artifactKey: Guid(0c1e5821006dd2e4e8818bed090b059b) Importer(815301076,1909f56bfc062723c751e8b465ee728b)
Start importing Assets/Archteria3D/ManorInteriorMegaPack/Living_Room_Pack/Prefabs/Vase2.prefab using Guid(0c1e5821006dd2e4e8818bed090b059b) Importer(815301076,1909f56bfc062723c751e8b465ee728b)  -> (artifact id: 'aec8d925deaae37b844b8648b054b39b') in 0.078971 seconds 
========================================================================
Received Import Request.
  Time since last request: 0.000044 seconds.
  path: Assets/Archteria3D/ManorInteriorMegaPack/Living_Room_Pack/Prefabs/Vase8.prefab
  artifactKey: Guid(4a71c11b50d96b94bad290db0b58c287) Importer(815301076,1909f56bfc062723c751e8b465ee728b)
Start importing Assets/Archteria3D/ManorInteriorMegaPack/Living_Room_Pack/Prefabs/Vase8.prefab using Guid(4a71c11b50d96b94bad290db0b58c287) Importer(815301076,1909f56bfc062723c751e8b465ee728b)  -> (artifact id: '4ab26889a63b7e3f6e8a0fbaef031422') in 0.071929 seconds 
========================================================================
Received Import Request.
  Time since last request: 0.000154 seconds.
  path: Assets/Archteria3D/ManorInteriorMegaPack/Living_Room_Pack/Prefabs/Vase6.prefab
  artifactKey: Guid(c1761fd2e6980f0419b60232822583ad) Importer(815301076,1909f56bfc062723c751e8b465ee728b)
Start importing Assets/Archteria3D/ManorInteriorMegaPack/Living_Room_Pack/Prefabs/Vase6.prefab using Guid(c1761fd2e6980f0419b60232822583ad) Importer(815301076,1909f56bfc062723c751e8b465ee728b)  -> (artifact id: '38b27804c74cbf382d88ec85eca8160a') in 0.064140 seconds 
========================================================================
Received Import Request.
  Time since last request: 0.000042 seconds.
  path: Assets/Archteria3D/ManorInteriorMegaPack/Living_Room_Pack/Prefabs/Vase9.prefab
  artifactKey: Guid(efcc571900558a04482257e4227ae480) Importer(815301076,1909f56bfc062723c751e8b465ee728b)
Start importing Assets/Archteria3D/ManorInteriorMegaPack/Living_Room_Pack/Prefabs/Vase9.prefab using Guid(efcc571900558a04482257e4227ae480) Importer(815301076,1909f56bfc062723c751e8b465ee728b)  -> (artifact id: '7909f42a927b12ce12ec997a28d2a56f') in 0.062327 seconds 
========================================================================
Received Import Request.
  Time since last request: 19.267706 seconds.
  path: Assets/Archteria3D/ManorInteriorMegaPack/Office_Pack/Prefabs/Book_1.prefab
  artifactKey: Guid(5eb8229836ad9884b86c0539364d44d2) Importer(815301076,1909f56bfc062723c751e8b465ee728b)
Start importing Assets/Archteria3D/ManorInteriorMegaPack/Office_Pack/Prefabs/Book_1.prefab using Guid(5eb8229836ad9884b86c0539364d44d2) Importer(815301076,1909f56bfc062723c751e8b465ee728b)  -> (artifact id: '42b22ea3c9212eafec7ee1362901a82e') in 0.079360 seconds 
========================================================================
Received Import Request.
  Time since last request: 0.000024 seconds.
  path: Assets/Archteria3D/ManorInteriorMegaPack/Office_Pack/Prefabs/Key_Lock.prefab
  artifactKey: Guid(f868f6926f9fecb4a818202e5a221ace) Importer(815301076,1909f56bfc062723c751e8b465ee728b)
Start importing Assets/Archteria3D/ManorInteriorMegaPack/Office_Pack/Prefabs/Key_Lock.prefab using Guid(f868f6926f9fecb4a818202e5a221ace) Importer(815301076,1909f56bfc062723c751e8b465ee728b)  -> (artifact id: '5b040f5f0405dc2bda77eaf248b4841f') in 0.078911 seconds 
========================================================================
Received Import Request.
  Time since last request: 0.000056 seconds.
  path: Assets/Archteria3D/ManorInteriorMegaPack/Office_Pack/Prefabs/Mansion_Frame1.prefab
  artifactKey: Guid(2cf08aafc4ad1a04a9a04a467cd9cb76) Importer(815301076,1909f56bfc062723c751e8b465ee728b)
Start importing Assets/Archteria3D/ManorInteriorMegaPack/Office_Pack/Prefabs/Mansion_Frame1.prefab using Guid(2cf08aafc4ad1a04a9a04a467cd9cb76) Importer(815301076,1909f56bfc062723c751e8b465ee728b)  -> (artifact id: '083760ff3096c7d31456c54d051c91da') in 0.084785 seconds 
========================================================================
Received Import Request.
  Time since last request: 0.000073 seconds.
  path: Assets/Archteria3D/ManorInteriorMegaPack/Office_Pack/Prefabs/Eyeglasses.prefab
  artifactKey: Guid(89e9442e441d63f4d971cd47b8912754) Importer(815301076,1909f56bfc062723c751e8b465ee728b)
Start importing Assets/Archteria3D/ManorInteriorMegaPack/Office_Pack/Prefabs/Eyeglasses.prefab using Guid(89e9442e441d63f4d971cd47b8912754) Importer(815301076,1909f56bfc062723c751e8b465ee728b)  -> (artifact id: '6f13c4c73210e1dde0824d1cb80f10ef') in 0.100217 seconds 
========================================================================
Received Import Request.
  Time since last request: 0.000046 seconds.
  path: Assets/Archteria3D/ManorInteriorMegaPack/Office_Pack/Prefabs/Bookshelf_L.prefab
  artifactKey: Guid(2de1f8ca685d6084f99a2f2b4fd26e79) Importer(815301076,1909f56bfc062723c751e8b465ee728b)
Start importing Assets/Archteria3D/ManorInteriorMegaPack/Office_Pack/Prefabs/Bookshelf_L.prefab using Guid(2de1f8ca685d6084f99a2f2b4fd26e79) Importer(815301076,1909f56bfc062723c751e8b465ee728b)  -> (artifact id: '44e91e2c28d96424a8056871843999d1') in 0.096085 seconds 
========================================================================
Received Import Request.
  Time since last request: 0.000095 seconds.
  path: Assets/Archteria3D/ManorInteriorMegaPack/Office_Pack/Prefabs/Sand_Watch.prefab
  artifactKey: Guid(1f70ded78d80210429b406b55878c4b8) Importer(815301076,1909f56bfc062723c751e8b465ee728b)
Start importing Assets/Archteria3D/ManorInteriorMegaPack/Office_Pack/Prefabs/Sand_Watch.prefab using Guid(1f70ded78d80210429b406b55878c4b8) Importer(815301076,1909f56bfc062723c751e8b465ee728b)  -> (artifact id: 'c2dc58934f85651be4449fb9f41bfc73') in 0.089021 seconds 
========================================================================
Received Import Request.
  Time since last request: 0.000199 seconds.
  path: Assets/Archteria3D/ManorInteriorMegaPack/Office_Pack/Prefabs/Book_3.prefab
  artifactKey: Guid(f3078a6708c5e07418c86730b0ca11c2) Importer(815301076,1909f56bfc062723c751e8b465ee728b)
Start importing Assets/Archteria3D/ManorInteriorMegaPack/Office_Pack/Prefabs/Book_3.prefab using Guid(f3078a6708c5e07418c86730b0ca11c2) Importer(815301076,1909f56bfc062723c751e8b465ee728b)  -> (artifact id: '4dfd5576aa09dbb3882480b1cff889f7') in 0.079449 seconds 
========================================================================
Received Import Request.
  Time since last request: 0.000038 seconds.
  path: Assets/Archteria3D/ManorInteriorMegaPack/Office_Pack/Prefabs/Office_Paper_5.prefab
  artifactKey: Guid(e4452ecfd10890343b86474d3ca1d513) Importer(815301076,1909f56bfc062723c751e8b465ee728b)
Start importing Assets/Archteria3D/ManorInteriorMegaPack/Office_Pack/Prefabs/Office_Paper_5.prefab using Guid(e4452ecfd10890343b86474d3ca1d513) Importer(815301076,1909f56bfc062723c751e8b465ee728b)  -> (artifact id: '23df6bd43f9aaa619f64278ac74adc73') in 0.108120 seconds 
========================================================================
Received Import Request.
  Time since last request: 0.000042 seconds.
  path: Assets/Archteria3D/ManorInteriorMegaPack/Office_Pack/Prefabs/Candle_2.prefab
  artifactKey: Guid(d003cc0b49cc49d4b9cda24c185977a3) Importer(815301076,1909f56bfc062723c751e8b465ee728b)
Start importing Assets/Archteria3D/ManorInteriorMegaPack/Office_Pack/Prefabs/Candle_2.prefab using Guid(d003cc0b49cc49d4b9cda24c185977a3) Importer(815301076,1909f56bfc062723c751e8b465ee728b)  -> (artifact id: '3631622ef416d4682ce2afbab7af8d7d') in 0.080688 seconds 
========================================================================
Received Import Request.
  Time since last request: 0.000097 seconds.
  path: Assets/Archteria3D/ManorInteriorMegaPack/Office_Pack/Prefabs/Wall_Clock_1.prefab
  artifactKey: Guid(7fddfbe7fbdd7734c928dcc49ebf364c) Importer(815301076,1909f56bfc062723c751e8b465ee728b)
Start importing Assets/Archteria3D/ManorInteriorMegaPack/Office_Pack/Prefabs/Wall_Clock_1.prefab using Guid(7fddfbe7fbdd7734c928dcc49ebf364c) Importer(815301076,1909f56bfc062723c751e8b465ee728b)  -> (artifact id: '4ec0ccf0a3027f3352f8155a98d46bf8') in 0.085912 seconds 
========================================================================
Received Import Request.
  Time since last request: 0.000043 seconds.
  path: Assets/Archteria3D/ManorInteriorMegaPack/Office_Pack/Prefabs/Chess_Table.prefab
  artifactKey: Guid(d7d0e40436ec06740a16ea2f54757d23) Importer(815301076,1909f56bfc062723c751e8b465ee728b)
Start importing Assets/Archteria3D/ManorInteriorMegaPack/Office_Pack/Prefabs/Chess_Table.prefab using Guid(d7d0e40436ec06740a16ea2f54757d23) Importer(815301076,1909f56bfc062723c751e8b465ee728b)  -> (artifact id: '8803b2e6a2da2b5703f80415f90af2a2') in 0.079227 seconds 
========================================================================
Received Import Request.
  Time since last request: 0.000102 seconds.
  path: Assets/Archteria3D/ManorInteriorMegaPack/Office_Pack/Prefabs/Office_Box.prefab
  artifactKey: Guid(47eb4dce774647e49beeddb885c54d0e) Importer(815301076,1909f56bfc062723c751e8b465ee728b)
Start importing Assets/Archteria3D/ManorInteriorMegaPack/Office_Pack/Prefabs/Office_Box.prefab using Guid(47eb4dce774647e49beeddb885c54d0e) Importer(815301076,1909f56bfc062723c751e8b465ee728b)  -> (artifact id: 'eea7fd9cfa53c69f25e0fccd98c2421f') in 0.085511 seconds 
========================================================================
Received Import Request.
  Time since last request: 0.000048 seconds.
  path: Assets/Archteria3D/ManorInteriorMegaPack/Office_Pack/Prefabs/Files_Box.prefab
  artifactKey: Guid(dda77e0554206284988e9c434b47ce77) Importer(815301076,1909f56bfc062723c751e8b465ee728b)
Start importing Assets/Archteria3D/ManorInteriorMegaPack/Office_Pack/Prefabs/Files_Box.prefab using Guid(dda77e0554206284988e9c434b47ce77) Importer(815301076,1909f56bfc062723c751e8b465ee728b)  -> (artifact id: '51ad5bd63898158d82fd3709b97f74f9') in 0.079803 seconds 
========================================================================
Received Import Request.
  Time since last request: 0.000031 seconds.
  path: Assets/Archteria3D/ManorInteriorMegaPack/Office_Pack/Prefabs/Bookshelf_S.prefab
  artifactKey: Guid(6c466f19fdd92d842b483be5eb8e8ea9) Importer(815301076,1909f56bfc062723c751e8b465ee728b)
Start importing Assets/Archteria3D/ManorInteriorMegaPack/Office_Pack/Prefabs/Bookshelf_S.prefab using Guid(6c466f19fdd92d842b483be5eb8e8ea9) Importer(815301076,1909f56bfc062723c751e8b465ee728b)  -> (artifact id: '2affa939a41205ee19f5620ec47530e2') in 0.095283 seconds 
========================================================================
Received Import Request.
  Time since last request: 0.000065 seconds.
  path: Assets/Archteria3D/ManorInteriorMegaPack/Office_Pack/Prefabs/Book_7.prefab
  artifactKey: Guid(5a0a0ba7b76aba748a5cb55d96da37cb) Importer(815301076,1909f56bfc062723c751e8b465ee728b)
Start importing Assets/Archteria3D/ManorInteriorMegaPack/Office_Pack/Prefabs/Book_7.prefab using Guid(5a0a0ba7b76aba748a5cb55d96da37cb) Importer(815301076,1909f56bfc062723c751e8b465ee728b)  -> (artifact id: '5b798c9896aacd473d7e9e47ba494f4f') in 0.079789 seconds 
Editor requested this worker to shutdown with reason: Scaling down because of idle timeout
AssetImportWorker is now disconnected from the server
Process exiting
Exiting without the bug reporter. Application will terminate with return code 0